{"/Users/gastondana/Downloads/Data_Bleed_VSC_Game/Game/Mechanics/Chat.js": {"path":"/Users/gastondana/Downloads/Data_Bleed_VSC_Game/Game/Mechanics/Chat.js","statementMap":{},"fnMap":{},"branchMap":{},"s":{},"f":{},"b":{}}
,"/Users/gastondana/Downloads/Data_Bleed_VSC_Game/Game/Mechanics/Choices.js": {"path":"/Users/gastondana/Downloads/Data_Bleed_VSC_Game/Game/Mechanics/Choices.js","statementMap":{},"fnMap":{},"branchMap":{},"s":{},"f":{},"b":{}}
,"/Users/gastondana/Downloads/Data_Bleed_VSC_Game/Game/Mechanics/Login.js": {"path":"/Users/gastondana/Downloads/Data_Bleed_VSC_Game/Game/Mechanics/Login.js","statementMap":{},"fnMap":{},"branchMap":{},"s":{},"f":{},"b":{}}
,"/Users/gastondana/Downloads/Data_Bleed_VSC_Game/Game/Mechanics/chroma_bot_injectors.js": {"path":"/Users/gastondana/Downloads/Data_Bleed_VSC_Game/Game/Mechanics/chroma_bot_injectors.js","statementMap":{"0":{"start":{"line":11,"column":25},"end":{"line":14,"column":5}},"1":{"start":{"line":16,"column":4},"end":{"line":23,"column":7}},"2":{"start":{"line":17,"column":8},"end":{"line":22,"column":9}},"3":{"start":{"line":18,"column":27},"end":{"line":18,"column":59}},"4":{"start":{"line":19,"column":12},"end":{"line":19,"column":40}},"5":{"start":{"line":20,"column":12},"end":{"line":20,"column":33}},"6":{"start":{"line":21,"column":12},"end":{"line":21,"column":46}},"7":{"start":{"line":27,"column":0},"end":{"line":27,"column":32}},"8":{"start":{"line":29,"column":0},"end":{"line":384,"column":5}},"9":{"start":{"line":31,"column":22},"end":{"line":31,"column":66}},"10":{"start":{"line":32,"column":22},"end":{"line":32,"column":65}},"11":{"start":{"line":33,"column":22},"end":{"line":33,"column":82}},"12":{"start":{"line":35,"column":4},"end":{"line":37,"column":5}},"13":{"start":{"line":36,"column":6},"end":{"line":36,"column":126}},"14":{"start":{"line":40,"column":25},"end":{"line":40,"column":54}},"15":{"start":{"line":41,"column":4},"end":{"line":41,"column":45}},"16":{"start":{"line":42,"column":4},"end":{"line":73,"column":6}},"17":{"start":{"line":74,"column":4},"end":{"line":74,"column":44}},"18":{"start":{"line":77,"column":29},"end":{"line":77,"column":34}},"19":{"start":{"line":78,"column":26},"end":{"line":78,"column":28}},"20":{"start":{"line":82,"column":8},"end":{"line":96,"column":9}},"21":{"start":{"line":83,"column":12},"end":{"line":83,"column":38}},"22":{"start":{"line":86,"column":12},"end":{"line":86,"column":77}},"23":{"start":{"line":89,"column":12},"end":{"line":89,"column":76}},"24":{"start":{"line":89,"column":47},"end":{"line":89,"column":74}},"25":{"start":{"line":90,"column":12},"end":{"line":90,"column":33}},"26":{"start":{"line":92,"column":12},"end":{"line":92,"column":75}},"27":{"start":{"line":95,"column":12},"end":{"line":95,"column":53}},"28":{"start":{"line":100,"column":4},"end":{"line":100,"column":44}},"29":{"start":{"line":103,"column":17},"end":{"line":103,"column":65}},"30":{"start":{"line":104,"column":20},"end":{"line":104,"column":62}},"31":{"start":{"line":105,"column":21},"end":{"line":105,"column":64}},"32":{"start":{"line":106,"column":21},"end":{"line":106,"column":64}},"33":{"start":{"line":107,"column":22},"end":{"line":107,"column":66}},"34":{"start":{"line":108,"column":21},"end":{"line":108,"column":63}},"35":{"start":{"line":110,"column":4},"end":{"line":119,"column":7}},"36":{"start":{"line":112,"column":6},"end":{"line":118,"column":7}},"37":{"start":{"line":113,"column":8},"end":{"line":113,"column":34}},"38":{"start":{"line":116,"column":8},"end":{"line":116,"column":36}},"39":{"start":{"line":117,"column":8},"end":{"line":117,"column":39}},"40":{"start":{"line":121,"column":4},"end":{"line":124,"column":7}},"41":{"start":{"line":122,"column":6},"end":{"line":122,"column":37}},"42":{"start":{"line":123,"column":6},"end":{"line":123,"column":35}},"43":{"start":{"line":129,"column":16},"end":{"line":129,"column":43}},"44":{"start":{"line":130,"column":6},"end":{"line":130,"column":63}},"45":{"start":{"line":131,"column":6},"end":{"line":131,"column":48}},"46":{"start":{"line":132,"column":6},"end":{"line":132,"column":30}},"47":{"start":{"line":133,"column":6},"end":{"line":133,"column":49}},"48":{"start":{"line":138,"column":25},"end":{"line":140,"column":57}},"49":{"start":{"line":142,"column":8},"end":{"line":153,"column":9}},"50":{"start":{"line":143,"column":24},"end":{"line":147,"column":14}},"51":{"start":{"line":148,"column":12},"end":{"line":148,"column":57}},"52":{"start":{"line":148,"column":25},"end":{"line":148,"column":57}},"53":{"start":{"line":149,"column":25},"end":{"line":149,"column":41}},"54":{"start":{"line":150,"column":12},"end":{"line":150,"column":30}},"55":{"start":{"line":152,"column":12},"end":{"line":152,"column":42}},"56":{"start":{"line":163,"column":8},"end":{"line":165,"column":9}},"57":{"start":{"line":164,"column":12},"end":{"line":164,"column":25}},"58":{"start":{"line":168,"column":24},"end":{"line":168,"column":66}},"59":{"start":{"line":169,"column":8},"end":{"line":171,"column":9}},"60":{"start":{"line":170,"column":12},"end":{"line":170,"column":25}},"61":{"start":{"line":174,"column":33},"end":{"line":174,"column":107}},"62":{"start":{"line":175,"column":25},"end":{"line":175,"column":75}},"63":{"start":{"line":177,"column":8},"end":{"line":179,"column":9}},"64":{"start":{"line":178,"column":12},"end":{"line":178,"column":25}},"65":{"start":{"line":182,"column":8},"end":{"line":195,"column":11}},"66":{"start":{"line":184,"column":12},"end":{"line":186,"column":13}},"67":{"start":{"line":185,"column":16},"end":{"line":185,"column":29}},"68":{"start":{"line":189,"column":12},"end":{"line":194,"column":14}},"69":{"start":{"line":202,"column":8},"end":{"line":202,"column":55}},"70":{"start":{"line":204,"column":24},"end":{"line":204,"column":66}},"71":{"start":{"line":205,"column":33},"end":{"line":205,"column":107}},"72":{"start":{"line":206,"column":25},"end":{"line":206,"column":75}},"73":{"start":{"line":209,"column":29},"end":{"line":217,"column":10}},"74":{"start":{"line":210,"column":12},"end":{"line":216,"column":21}},"75":{"start":{"line":219,"column":8},"end":{"line":229,"column":9}},"76":{"start":{"line":221,"column":12},"end":{"line":224,"column":15}},"77":{"start":{"line":227,"column":12},"end":{"line":227,"column":40}},"78":{"start":{"line":228,"column":12},"end":{"line":228,"column":43}},"79":{"start":{"line":237,"column":8},"end":{"line":240,"column":9}},"80":{"start":{"line":238,"column":12},"end":{"line":238,"column":40}},"81":{"start":{"line":239,"column":12},"end":{"line":239,"column":19}},"82":{"start":{"line":242,"column":62},"end":{"line":242,"column":74}},"83":{"start":{"line":244,"column":8},"end":{"line":244,"column":63}},"84":{"start":{"line":247,"column":23},"end":{"line":247,"column":67}},"85":{"start":{"line":248,"column":8},"end":{"line":251,"column":9}},"86":{"start":{"line":249,"column":12},"end":{"line":249,"column":80}},"87":{"start":{"line":250,"column":12},"end":{"line":250,"column":19}},"88":{"start":{"line":255,"column":8},"end":{"line":255,"column":57}},"89":{"start":{"line":266,"column":8},"end":{"line":266,"column":36}},"90":{"start":{"line":267,"column":8},"end":{"line":267,"column":39}},"91":{"start":{"line":270,"column":8},"end":{"line":270,"column":51}},"92":{"start":{"line":271,"column":8},"end":{"line":271,"column":68}},"93":{"start":{"line":274,"column":23},"end":{"line":274,"column":54}},"94":{"start":{"line":275,"column":8},"end":{"line":281,"column":9}},"95":{"start":{"line":276,"column":12},"end":{"line":279,"column":14}},"96":{"start":{"line":280,"column":12},"end":{"line":280,"column":43}},"97":{"start":{"line":284,"column":33},"end":{"line":284,"column":60}},"98":{"start":{"line":285,"column":8},"end":{"line":285,"column":49}},"99":{"start":{"line":286,"column":8},"end":{"line":286,"column":51}},"100":{"start":{"line":287,"column":8},"end":{"line":287,"column":69}},"101":{"start":{"line":288,"column":8},"end":{"line":288,"column":48}},"102":{"start":{"line":289,"column":8},"end":{"line":289,"column":52}},"103":{"start":{"line":290,"column":8},"end":{"line":290,"column":49}},"104":{"start":{"line":291,"column":8},"end":{"line":294,"column":10}},"105":{"start":{"line":296,"column":8},"end":{"line":296,"column":47}},"106":{"start":{"line":297,"column":8},"end":{"line":297,"column":51}},"107":{"start":{"line":300,"column":28},"end":{"line":300,"column":71}},"108":{"start":{"line":301,"column":8},"end":{"line":320,"column":9}},"109":{"start":{"line":302,"column":12},"end":{"line":319,"column":15}},"110":{"start":{"line":304,"column":16},"end":{"line":304,"column":59}},"111":{"start":{"line":305,"column":16},"end":{"line":305,"column":49}},"112":{"start":{"line":308,"column":16},"end":{"line":314,"column":17}},"113":{"start":{"line":309,"column":20},"end":{"line":312,"column":22}},"114":{"start":{"line":313,"column":20},"end":{"line":313,"column":51}},"115":{"start":{"line":317,"column":16},"end":{"line":317,"column":47}},"116":{"start":{"line":318,"column":16},"end":{"line":318,"column":45}},"117":{"start":{"line":322,"column":8},"end":{"line":322,"column":72}},"118":{"start":{"line":331,"column":25},"end":{"line":333,"column":57}},"119":{"start":{"line":336,"column":24},"end":{"line":336,"column":92}},"120":{"start":{"line":337,"column":25},"end":{"line":338,"column":81}},"121":{"start":{"line":340,"column":8},"end":{"line":368,"column":9}},"122":{"start":{"line":341,"column":32},"end":{"line":355,"column":13}},"123":{"start":{"line":357,"column":24},"end":{"line":361,"column":14}},"124":{"start":{"line":363,"column":12},"end":{"line":363,"column":57}},"125":{"start":{"line":363,"column":25},"end":{"line":363,"column":57}},"126":{"start":{"line":364,"column":25},"end":{"line":364,"column":41}},"127":{"start":{"line":365,"column":12},"end":{"line":365,"column":30}},"128":{"start":{"line":367,"column":12},"end":{"line":367,"column":42}},"129":{"start":{"line":372,"column":4},"end":{"line":383,"column":7}},"130":{"start":{"line":373,"column":6},"end":{"line":373,"column":25}},"131":{"start":{"line":374,"column":19},"end":{"line":374,"column":41}},"132":{"start":{"line":375,"column":6},"end":{"line":375,"column":24}},"133":{"start":{"line":375,"column":17},"end":{"line":375,"column":24}},"134":{"start":{"line":377,"column":6},"end":{"line":377,"column":30}},"135":{"start":{"line":378,"column":6},"end":{"line":378,"column":27}},"136":{"start":{"line":381,"column":25},"end":{"line":381,"column":65}},"137":{"start":{"line":382,"column":6},"end":{"line":382,"column":36}}},"fnMap":{"0":{"name":"loadTriggerSystemDependencies","decl":{"start":{"line":10,"column":9},"end":{"line":10,"column":38}},"loc":{"start":{"line":10,"column":41},"end":{"line":24,"column":1}},"line":10},"1":{"name":"(anonymous_1)","decl":{"start":{"line":16,"column":25},"end":{"line":16,"column":26}},"loc":{"start":{"line":16,"column":32},"end":{"line":23,"column":5}},"line":16},"2":{"name":"(anonymous_2)","decl":{"start":{"line":29,"column":46},"end":{"line":29,"column":47}},"loc":{"start":{"line":29,"column":52},"end":{"line":384,"column":3}},"line":29},"3":{"name":"initializeTriggerSystem","decl":{"start":{"line":81,"column":13},"end":{"line":81,"column":36}},"loc":{"start":{"line":81,"column":39},"end":{"line":97,"column":5}},"line":81},"4":{"name":"(anonymous_4)","decl":{"start":{"line":89,"column":36},"end":{"line":89,"column":37}},"loc":{"start":{"line":89,"column":47},"end":{"line":89,"column":74}},"line":89},"5":{"name":"(anonymous_5)","decl":{"start":{"line":110,"column":35},"end":{"line":110,"column":36}},"loc":{"start":{"line":110,"column":41},"end":{"line":119,"column":5}},"line":110},"6":{"name":"(anonymous_6)","decl":{"start":{"line":121,"column":39},"end":{"line":121,"column":40}},"loc":{"start":{"line":121,"column":45},"end":{"line":124,"column":5}},"line":121},"7":{"name":"addMessage","decl":{"start":{"line":128,"column":13},"end":{"line":128,"column":23}},"loc":{"start":{"line":128,"column":38},"end":{"line":134,"column":5}},"line":128},"8":{"name":"getChromaBotResponse","decl":{"start":{"line":136,"column":19},"end":{"line":136,"column":39}},"loc":{"start":{"line":136,"column":49},"end":{"line":154,"column":5}},"line":136},"9":{"name":"should3DTriggerActivate","decl":{"start":{"line":162,"column":13},"end":{"line":162,"column":36}},"loc":{"start":{"line":162,"column":39},"end":{"line":196,"column":5}},"line":162},"10":{"name":"(anonymous_10)","decl":{"start":{"line":182,"column":37},"end":{"line":182,"column":38}},"loc":{"start":{"line":182,"column":47},"end":{"line":195,"column":9}},"line":182},"11":{"name":"activate3DCinematicMode","decl":{"start":{"line":201,"column":13},"end":{"line":201,"column":36}},"loc":{"start":{"line":201,"column":39},"end":{"line":230,"column":5}},"line":201},"12":{"name":"(anonymous_12)","decl":{"start":{"line":209,"column":51},"end":{"line":209,"column":52}},"loc":{"start":{"line":209,"column":61},"end":{"line":217,"column":9}},"line":209},"13":{"name":"handleStoryTrigger","decl":{"start":{"line":236,"column":13},"end":{"line":236,"column":31}},"loc":{"start":{"line":236,"column":39},"end":{"line":256,"column":5}},"line":236},"14":{"name":"showCinematicChat","decl":{"start":{"line":264,"column":13},"end":{"line":264,"column":30}},"loc":{"start":{"line":264,"column":62},"end":{"line":323,"column":5}},"line":264},"15":{"name":"(anonymous_15)","decl":{"start":{"line":302,"column":50},"end":{"line":302,"column":51}},"loc":{"start":{"line":302,"column":56},"end":{"line":319,"column":13}},"line":302},"16":{"name":"getEnhancedChromaBotResponse","decl":{"start":{"line":330,"column":19},"end":{"line":330,"column":47}},"loc":{"start":{"line":330,"column":57},"end":{"line":369,"column":5}},"line":330},"17":{"name":"(anonymous_17)","decl":{"start":{"line":372,"column":40},"end":{"line":372,"column":41}},"loc":{"start":{"line":372,"column":53},"end":{"line":383,"column":5}},"line":372}},"branchMap":{"0":{"loc":{"start":{"line":17,"column":8},"end":{"line":22,"column":9}},"type":"if","locations":[{"start":{"line":17,"column":8},"end":{"line":22,"column":9}},{"start":{},"end":{}}],"line":17},"1":{"loc":{"start":{"line":31,"column":22},"end":{"line":31,"column":66}},"type":"binary-expr","locations":[{"start":{"line":31,"column":22},"end":{"line":31,"column":53}},{"start":{"line":31,"column":57},"end":{"line":31,"column":66}}],"line":31},"2":{"loc":{"start":{"line":33,"column":22},"end":{"line":33,"column":82}},"type":"binary-expr","locations":[{"start":{"line":33,"column":22},"end":{"line":33,"column":48}},{"start":{"line":33,"column":52},"end":{"line":33,"column":82}}],"line":33},"3":{"loc":{"start":{"line":35,"column":4},"end":{"line":37,"column":5}},"type":"if","locations":[{"start":{"line":35,"column":4},"end":{"line":37,"column":5}},{"start":{},"end":{}}],"line":35},"4":{"loc":{"start":{"line":82,"column":8},"end":{"line":96,"column":9}},"type":"if","locations":[{"start":{"line":82,"column":8},"end":{"line":96,"column":9}},{"start":{"line":93,"column":15},"end":{"line":96,"column":9}}],"line":82},"5":{"loc":{"start":{"line":82,"column":12},"end":{"line":82,"column":58}},"type":"binary-expr","locations":[{"start":{"line":82,"column":12},"end":{"line":82,"column":31}},{"start":{"line":82,"column":35},"end":{"line":82,"column":58}}],"line":82},"6":{"loc":{"start":{"line":112,"column":6},"end":{"line":118,"column":7}},"type":"if","locations":[{"start":{"line":112,"column":6},"end":{"line":118,"column":7}},{"start":{"line":114,"column":13},"end":{"line":118,"column":7}}],"line":112},"7":{"loc":{"start":{"line":112,"column":10},"end":{"line":112,"column":57}},"type":"binary-expr","locations":[{"start":{"line":112,"column":10},"end":{"line":112,"column":28}},{"start":{"line":112,"column":32},"end":{"line":112,"column":57}}],"line":112},"8":{"loc":{"start":{"line":130,"column":22},"end":{"line":130,"column":62}},"type":"cond-expr","locations":[{"start":{"line":130,"column":41},"end":{"line":130,"column":50}},{"start":{"line":130,"column":53},"end":{"line":130,"column":62}}],"line":130},"9":{"loc":{"start":{"line":138,"column":25},"end":{"line":140,"column":57}},"type":"cond-expr","locations":[{"start":{"line":139,"column":14},"end":{"line":139,"column":37}},{"start":{"line":140,"column":14},"end":{"line":140,"column":57}}],"line":138},"10":{"loc":{"start":{"line":148,"column":12},"end":{"line":148,"column":57}},"type":"if","locations":[{"start":{"line":148,"column":12},"end":{"line":148,"column":57}},{"start":{},"end":{}}],"line":148},"11":{"loc":{"start":{"line":163,"column":8},"end":{"line":165,"column":9}},"type":"if","locations":[{"start":{"line":163,"column":8},"end":{"line":165,"column":9}},{"start":{},"end":{}}],"line":163},"12":{"loc":{"start":{"line":163,"column":12},"end":{"line":163,"column":83}},"type":"binary-expr","locations":[{"start":{"line":163,"column":12},"end":{"line":163,"column":31}},{"start":{"line":163,"column":35},"end":{"line":163,"column":55}},{"start":{"line":163,"column":59},"end":{"line":163,"column":83}}],"line":163},"13":{"loc":{"start":{"line":169,"column":8},"end":{"line":171,"column":9}},"type":"if","locations":[{"start":{"line":169,"column":8},"end":{"line":171,"column":9}},{"start":{},"end":{}}],"line":169},"14":{"loc":{"start":{"line":169,"column":12},"end":{"line":169,"column":47}},"type":"binary-expr","locations":[{"start":{"line":169,"column":12},"end":{"line":169,"column":30}},{"start":{"line":169,"column":34},"end":{"line":169,"column":47}}],"line":169},"15":{"loc":{"start":{"line":177,"column":8},"end":{"line":179,"column":9}},"type":"if","locations":[{"start":{"line":177,"column":8},"end":{"line":179,"column":9}},{"start":{},"end":{}}],"line":177},"16":{"loc":{"start":{"line":177,"column":12},"end":{"line":177,"column":54}},"type":"binary-expr","locations":[{"start":{"line":177,"column":12},"end":{"line":177,"column":21}},{"start":{"line":177,"column":25},"end":{"line":177,"column":54}}],"line":177},"17":{"loc":{"start":{"line":184,"column":12},"end":{"line":186,"column":13}},"type":"if","locations":[{"start":{"line":184,"column":12},"end":{"line":186,"column":13}},{"start":{},"end":{}}],"line":184},"18":{"loc":{"start":{"line":210,"column":19},"end":{"line":216,"column":20}},"type":"binary-expr","locations":[{"start":{"line":210,"column":19},"end":{"line":210,"column":66}},{"start":{"line":211,"column":19},"end":{"line":216,"column":20}}],"line":210},"19":{"loc":{"start":{"line":219,"column":8},"end":{"line":229,"column":9}},"type":"if","locations":[{"start":{"line":219,"column":8},"end":{"line":229,"column":9}},{"start":{"line":225,"column":15},"end":{"line":229,"column":9}}],"line":219},"20":{"loc":{"start":{"line":237,"column":8},"end":{"line":240,"column":9}},"type":"if","locations":[{"start":{"line":237,"column":8},"end":{"line":240,"column":9}},{"start":{},"end":{}}],"line":237},"21":{"loc":{"start":{"line":248,"column":8},"end":{"line":251,"column":9}},"type":"if","locations":[{"start":{"line":248,"column":8},"end":{"line":251,"column":9}},{"start":{},"end":{}}],"line":248},"22":{"loc":{"start":{"line":275,"column":8},"end":{"line":281,"column":9}},"type":"if","locations":[{"start":{"line":275,"column":8},"end":{"line":281,"column":9}},{"start":{},"end":{}}],"line":275},"23":{"loc":{"start":{"line":301,"column":8},"end":{"line":320,"column":9}},"type":"if","locations":[{"start":{"line":301,"column":8},"end":{"line":320,"column":9}},{"start":{},"end":{}}],"line":301},"24":{"loc":{"start":{"line":308,"column":16},"end":{"line":314,"column":17}},"type":"if","locations":[{"start":{"line":308,"column":16},"end":{"line":314,"column":17}},{"start":{},"end":{}}],"line":308},"25":{"loc":{"start":{"line":331,"column":25},"end":{"line":333,"column":57}},"type":"cond-expr","locations":[{"start":{"line":332,"column":14},"end":{"line":332,"column":37}},{"start":{"line":333,"column":14},"end":{"line":333,"column":57}}],"line":331},"26":{"loc":{"start":{"line":336,"column":24},"end":{"line":336,"column":92}},"type":"cond-expr","locations":[{"start":{"line":336,"column":45},"end":{"line":336,"column":87}},{"start":{"line":336,"column":90},"end":{"line":336,"column":92}}],"line":336},"27":{"loc":{"start":{"line":337,"column":25},"end":{"line":338,"column":81}},"type":"cond-expr","locations":[{"start":{"line":338,"column":24},"end":{"line":338,"column":74}},{"start":{"line":338,"column":77},"end":{"line":338,"column":81}}],"line":337},"28":{"loc":{"start":{"line":337,"column":25},"end":{"line":337,"column":64}},"type":"binary-expr","locations":[{"start":{"line":337,"column":25},"end":{"line":337,"column":43}},{"start":{"line":337,"column":47},"end":{"line":337,"column":64}}],"line":337},"29":{"loc":{"start":{"line":348,"column":30},"end":{"line":352,"column":28}},"type":"cond-expr","locations":[{"start":{"line":348,"column":41},"end":{"line":352,"column":21}},{"start":{"line":352,"column":24},"end":{"line":352,"column":28}}],"line":348},"30":{"loc":{"start":{"line":363,"column":12},"end":{"line":363,"column":57}},"type":"if","locations":[{"start":{"line":363,"column":12},"end":{"line":363,"column":57}},{"start":{},"end":{}}],"line":363},"31":{"loc":{"start":{"line":375,"column":6},"end":{"line":375,"column":24}},"type":"if","locations":[{"start":{"line":375,"column":6},"end":{"line":375,"column":24}},{"start":{},"end":{}}],"line":375}},"s":{"0":0,"1":0,"2":0,"3":0,"4":0,"5":0,"6":0,"7":0,"8":0,"9":0,"10":0,"11":0,"12":0,"13":0,"14":0,"15":0,"16":0,"17":0,"18":0,"19":0,"20":0,"21":0,"22":0,"23":0,"24":0,"25":0,"26":0,"27":0,"28":0,"29":0,"30":0,"31":0,"32":0,"33":0,"34":0,"35":0,"36":0,"37":0,"38":0,"39":0,"40":0,"41":0,"42":0,"43":0,"44":0,"45":0,"46":0,"47":0,"48":0,"49":0,"50":0,"51":0,"52":0,"53":0,"54":0,"55":0,"56":0,"57":0,"58":0,"59":0,"60":0,"61":0,"62":0,"63":0,"64":0,"65":0,"66":0,"67":0,"68":0,"69":0,"70":0,"71":0,"72":0,"73":0,"74":0,"75":0,"76":0,"77":0,"78":0,"79":0,"80":0,"81":0,"82":0,"83":0,"84":0,"85":0,"86":0,"87":0,"88":0,"89":0,"90":0,"91":0,"92":0,"93":0,"94":0,"95":0,"96":0,"97":0,"98":0,"99":0,"100":0,"101":0,"102":0,"103":0,"104":0,"105":0,"106":0,"107":0,"108":0,"109":0,"110":0,"111":0,"112":0,"113":0,"114":0,"115":0,"116":0,"117":0,"118":0,"119":0,"120":0,"121":0,"122":0,"123":0,"124":0,"125":0,"126":0,"127":0,"128":0,"129":0,"130":0,"131":0,"132":0,"133":0,"134":0,"135":0,"136":0,"137":0},"f":{"0":0,"1":0,"2":0,"3":0,"4":0,"5":0,"6":0,"7":0,"8":0,"9":0,"10":0,"11":0,"12":0,"13":0,"14":0,"15":0,"16":0,"17":0},"b":{"0":[0,0],"1":[0,0],"2":[0,0],"3":[0,0],"4":[0,0],"5":[0,0],"6":[0,0],"7":[0,0],"8":[0,0],"9":[0,0],"10":[0,0],"11":[0,0],"12":[0,0,0],"13":[0,0],"14":[0,0],"15":[0,0],"16":[0,0],"17":[0,0],"18":[0,0],"19":[0,0],"20":[0,0],"21":[0,0],"22":[0,0],"23":[0,0],"24":[0,0],"25":[0,0],"26":[0,0],"27":[0,0],"28":[0,0],"29":[0,0],"30":[0,0],"31":[0,0]}}
,"/Users/gastondana/Downloads/Data_Bleed_VSC_Game/Game/Mechanics/cinematic-moments-config.js": {"path":"/Users/gastondana/Downloads/Data_Bleed_VSC_Game/Game/Mechanics/cinematic-moments-config.js","statementMap":{"0":{"start":{"line":6,"column":31},"end":{"line":429,"column":1}},"1":{"start":{"line":437,"column":8},"end":{"line":437,"column":45}},"2":{"start":{"line":446,"column":8},"end":{"line":446,"column":44}},"3":{"start":{"line":455,"column":8},"end":{"line":462,"column":9}},"4":{"start":{"line":456,"column":12},"end":{"line":461,"column":13}},"5":{"start":{"line":457,"column":31},"end":{"line":457,"column":64}},"6":{"start":{"line":458,"column":16},"end":{"line":460,"column":17}},"7":{"start":{"line":459,"column":20},"end":{"line":459,"column":34}},"8":{"start":{"line":463,"column":8},"end":{"line":463,"column":20}},"9":{"start":{"line":473,"column":33},"end":{"line":473,"column":68}},"10":{"start":{"line":474,"column":8},"end":{"line":474,"column":86}},"11":{"start":{"line":474,"column":64},"end":{"line":474,"column":84}},"12":{"start":{"line":484,"column":24},"end":{"line":484,"column":63}},"13":{"start":{"line":485,"column":8},"end":{"line":488,"column":12}},"14":{"start":{"line":485,"column":38},"end":{"line":488,"column":9}},"15":{"start":{"line":497,"column":25},"end":{"line":497,"column":92}},"16":{"start":{"line":498,"column":8},"end":{"line":498,"column":69}},"17":{"start":{"line":498,"column":39},"end":{"line":498,"column":67}},"18":{"start":{"line":507,"column":33},"end":{"line":507,"column":68}},"19":{"start":{"line":508,"column":8},"end":{"line":508,"column":72}},"20":{"start":{"line":508,"column":61},"end":{"line":508,"column":70}},"21":{"start":{"line":513,"column":0},"end":{"line":513,"column":55}},"22":{"start":{"line":514,"column":0},"end":{"line":514,"column":57}},"23":{"start":{"line":517,"column":0},"end":{"line":517,"column":56}},"24":{"start":{"line":519,"column":0},"end":{"line":519,"column":79}}},"fnMap":{"0":{"name":"(anonymous_0)","decl":{"start":{"line":436,"column":4},"end":{"line":436,"column":5}},"loc":{"start":{"line":436,"column":18},"end":{"line":438,"column":5}},"line":436},"1":{"name":"(anonymous_1)","decl":{"start":{"line":445,"column":4},"end":{"line":445,"column":5}},"loc":{"start":{"line":445,"column":35},"end":{"line":447,"column":5}},"line":445},"2":{"name":"(anonymous_2)","decl":{"start":{"line":454,"column":4},"end":{"line":454,"column":5}},"loc":{"start":{"line":454,"column":24},"end":{"line":464,"column":5}},"line":454},"3":{"name":"(anonymous_3)","decl":{"start":{"line":472,"column":4},"end":{"line":472,"column":5}},"loc":{"start":{"line":472,"column":39},"end":{"line":475,"column":5}},"line":472},"4":{"name":"(anonymous_4)","decl":{"start":{"line":474,"column":54},"end":{"line":474,"column":55}},"loc":{"start":{"line":474,"column":64},"end":{"line":474,"column":84}},"line":474},"5":{"name":"(anonymous_5)","decl":{"start":{"line":483,"column":4},"end":{"line":483,"column":5}},"loc":{"start":{"line":483,"column":42},"end":{"line":489,"column":5}},"line":483},"6":{"name":"(anonymous_6)","decl":{"start":{"line":485,"column":27},"end":{"line":485,"column":28}},"loc":{"start":{"line":485,"column":38},"end":{"line":488,"column":9}},"line":485},"7":{"name":"(anonymous_7)","decl":{"start":{"line":496,"column":4},"end":{"line":496,"column":5}},"loc":{"start":{"line":496,"column":27},"end":{"line":499,"column":5}},"line":496},"8":{"name":"(anonymous_8)","decl":{"start":{"line":498,"column":30},"end":{"line":498,"column":31}},"loc":{"start":{"line":498,"column":39},"end":{"line":498,"column":67}},"line":498},"9":{"name":"(anonymous_9)","decl":{"start":{"line":506,"column":4},"end":{"line":506,"column":5}},"loc":{"start":{"line":506,"column":28},"end":{"line":509,"column":5}},"line":506},"10":{"name":"(anonymous_10)","decl":{"start":{"line":508,"column":51},"end":{"line":508,"column":52}},"loc":{"start":{"line":508,"column":61},"end":{"line":508,"column":70}},"line":508}},"branchMap":{"0":{"loc":{"start":{"line":446,"column":15},"end":{"line":446,"column":43}},"type":"binary-expr","locations":[{"start":{"line":446,"column":15},"end":{"line":446,"column":37}},{"start":{"line":446,"column":41},"end":{"line":446,"column":43}}],"line":446},"1":{"loc":{"start":{"line":458,"column":16},"end":{"line":460,"column":17}},"type":"if","locations":[{"start":{"line":458,"column":16},"end":{"line":460,"column":17}},{"start":{},"end":{}}],"line":458}},"s":{"0":0,"1":0,"2":0,"3":0,"4":0,"5":0,"6":0,"7":0,"8":0,"9":0,"10":0,"11":0,"12":0,"13":0,"14":0,"15":0,"16":0,"17":0,"18":0,"19":0,"20":0,"21":0,"22":0,"23":0,"24":0},"f":{"0":0,"1":0,"2":0,"3":0,"4":0,"5":0,"6":0,"7":0,"8":0,"9":0,"10":0},"b":{"0":[0,0],"1":[0,0]}}
,"/Users/gastondana/Downloads/Data_Bleed_VSC_Game/Game/Mechanics/maya_pipeline.js": {"path":"/Users/gastondana/Downloads/Data_Bleed_VSC_Game/Game/Mechanics/maya_pipeline.js","statementMap":{"0":{"start":{"line":4,"column":19},"end":{"line":4,"column":62}},"1":{"start":{"line":5,"column":4},"end":{"line":5,"column":53}},"2":{"start":{"line":8,"column":18},"end":{"line":8,"column":32}},"3":{"start":{"line":10,"column":17},"end":{"line":12,"column":49}},"4":{"start":{"line":13,"column":15},"end":{"line":13,"column":37}},"5":{"start":{"line":16,"column":4},"end":{"line":16,"column":62}},"6":{"start":{"line":17,"column":4},"end":{"line":32,"column":5}},"7":{"start":{"line":18,"column":20},"end":{"line":22,"column":10}},"8":{"start":{"line":24,"column":8},"end":{"line":24,"column":79}},"9":{"start":{"line":24,"column":21},"end":{"line":24,"column":79}},"10":{"start":{"line":25,"column":21},"end":{"line":25,"column":37}},"11":{"start":{"line":26,"column":8},"end":{"line":26,"column":48}},"12":{"start":{"line":27,"column":8},"end":{"line":27,"column":39}},"13":{"start":{"line":28,"column":8},"end":{"line":28,"column":20}},"14":{"start":{"line":30,"column":8},"end":{"line":30,"column":54}},"15":{"start":{"line":31,"column":8},"end":{"line":31,"column":119}},"16":{"start":{"line":36,"column":20},"end":{"line":36,"column":57}},"17":{"start":{"line":37,"column":4},"end":{"line":40,"column":5}},"18":{"start":{"line":38,"column":8},"end":{"line":38,"column":74}},"19":{"start":{"line":39,"column":8},"end":{"line":39,"column":15}},"20":{"start":{"line":43,"column":20},"end":{"line":43,"column":49}},"21":{"start":{"line":44,"column":4},"end":{"line":44,"column":64}},"22":{"start":{"line":45,"column":4},"end":{"line":45,"column":123}},"23":{"start":{"line":46,"column":4},"end":{"line":46,"column":33}},"24":{"start":{"line":49,"column":20},"end":{"line":49,"column":49}},"25":{"start":{"line":50,"column":25},"end":{"line":50,"column":90}},"26":{"start":{"line":51,"column":4},"end":{"line":51,"column":62}},"27":{"start":{"line":52,"column":4},"end":{"line":52,"column":126}},"28":{"start":{"line":53,"column":4},"end":{"line":53,"column":33}},"29":{"start":{"line":56,"column":4},"end":{"line":56,"column":45}},"30":{"start":{"line":60,"column":0},"end":{"line":83,"column":3}},"31":{"start":{"line":61,"column":4},"end":{"line":61,"column":65}},"32":{"start":{"line":62,"column":18},"end":{"line":62,"column":54}},"33":{"start":{"line":63,"column":20},"end":{"line":63,"column":58}},"34":{"start":{"line":65,"column":4},"end":{"line":82,"column":5}},"35":{"start":{"line":66,"column":8},"end":{"line":72,"column":11}},"36":{"start":{"line":67,"column":24},"end":{"line":67,"column":42}},"37":{"start":{"line":68,"column":12},"end":{"line":71,"column":13}},"38":{"start":{"line":69,"column":16},"end":{"line":69,"column":32}},"39":{"start":{"line":70,"column":16},"end":{"line":70,"column":33}},"40":{"start":{"line":74,"column":8},"end":{"line":79,"column":11}},"41":{"start":{"line":75,"column":12},"end":{"line":78,"column":13}},"42":{"start":{"line":76,"column":16},"end":{"line":76,"column":35}},"43":{"start":{"line":77,"column":16},"end":{"line":77,"column":32}},"44":{"start":{"line":81,"column":8},"end":{"line":81,"column":81}}},"fnMap":{"0":{"name":"getSessionId","decl":{"start":{"line":3,"column":9},"end":{"line":3,"column":21}},"loc":{"start":{"line":3,"column":24},"end":{"line":6,"column":1}},"line":3},"1":{"name":"sendChoice","decl":{"start":{"line":15,"column":15},"end":{"line":15,"column":25}},"loc":{"start":{"line":15,"column":35},"end":{"line":33,"column":1}},"line":15},"2":{"name":"renderMayaReply","decl":{"start":{"line":35,"column":9},"end":{"line":35,"column":24}},"loc":{"start":{"line":35,"column":40},"end":{"line":57,"column":1}},"line":35},"3":{"name":"(anonymous_3)","decl":{"start":{"line":60,"column":44},"end":{"line":60,"column":45}},"loc":{"start":{"line":60,"column":50},"end":{"line":83,"column":1}},"line":60},"4":{"name":"(anonymous_4)","decl":{"start":{"line":66,"column":42},"end":{"line":66,"column":43}},"loc":{"start":{"line":66,"column":48},"end":{"line":72,"column":9}},"line":66},"5":{"name":"(anonymous_5)","decl":{"start":{"line":74,"column":42},"end":{"line":74,"column":43}},"loc":{"start":{"line":74,"column":47},"end":{"line":79,"column":9}},"line":74}},"branchMap":{"0":{"loc":{"start":{"line":5,"column":11},"end":{"line":5,"column":52}},"type":"binary-expr","locations":[{"start":{"line":5,"column":11},"end":{"line":5,"column":34}},{"start":{"line":5,"column":38},"end":{"line":5,"column":52}}],"line":5},"1":{"loc":{"start":{"line":10,"column":17},"end":{"line":12,"column":49}},"type":"cond-expr","locations":[{"start":{"line":11,"column":6},"end":{"line":11,"column":29}},{"start":{"line":12,"column":6},"end":{"line":12,"column":49}}],"line":10},"2":{"loc":{"start":{"line":24,"column":8},"end":{"line":24,"column":79}},"type":"if","locations":[{"start":{"line":24,"column":8},"end":{"line":24,"column":79}},{"start":{},"end":{}}],"line":24},"3":{"loc":{"start":{"line":37,"column":4},"end":{"line":40,"column":5}},"type":"if","locations":[{"start":{"line":37,"column":4},"end":{"line":40,"column":5}},{"start":{},"end":{}}],"line":37},"4":{"loc":{"start":{"line":50,"column":25},"end":{"line":50,"column":90}},"type":"cond-expr","locations":[{"start":{"line":50,"column":55},"end":{"line":50,"column":72}},{"start":{"line":50,"column":75},"end":{"line":50,"column":90}}],"line":50},"5":{"loc":{"start":{"line":65,"column":4},"end":{"line":82,"column":5}},"type":"if","locations":[{"start":{"line":65,"column":4},"end":{"line":82,"column":5}},{"start":{"line":80,"column":11},"end":{"line":82,"column":5}}],"line":65},"6":{"loc":{"start":{"line":65,"column":8},"end":{"line":65,"column":24}},"type":"binary-expr","locations":[{"start":{"line":65,"column":8},"end":{"line":65,"column":15}},{"start":{"line":65,"column":19},"end":{"line":65,"column":24}}],"line":65},"7":{"loc":{"start":{"line":68,"column":12},"end":{"line":71,"column":13}},"type":"if","locations":[{"start":{"line":68,"column":12},"end":{"line":71,"column":13}},{"start":{},"end":{}}],"line":68},"8":{"loc":{"start":{"line":75,"column":12},"end":{"line":78,"column":13}},"type":"if","locations":[{"start":{"line":75,"column":12},"end":{"line":78,"column":13}},{"start":{},"end":{}}],"line":75}},"s":{"0":0,"1":0,"2":0,"3":0,"4":0,"5":0,"6":0,"7":0,"8":0,"9":0,"10":0,"11":0,"12":0,"13":0,"14":0,"15":0,"16":0,"17":0,"18":0,"19":0,"20":0,"21":0,"22":0,"23":0,"24":0,"25":0,"26":0,"27":0,"28":0,"29":0,"30":0,"31":0,"32":0,"33":0,"34":0,"35":0,"36":0,"37":0,"38":0,"39":0,"40":0,"41":0,"42":0,"43":0,"44":0},"f":{"0":0,"1":0,"2":0,"3":0,"4":0,"5":0},"b":{"0":[0,0],"1":[0,0],"2":[0,0],"3":[0,0],"4":[0,0],"5":[0,0],"6":[0,0],"7":[0,0],"8":[0,0]}}
,"/Users/gastondana/Downloads/Data_Bleed_VSC_Game/Game/Mechanics/story-progression-tracker.js": {"path":"/Users/gastondana/Downloads/Data_Bleed_VSC_Game/Game/Mechanics/story-progression-tracker.js","statementMap":{"0":{"start":{"line":8,"column":8},"end":{"line":8,"column":55}},"1":{"start":{"line":9,"column":8},"end":{"line":9,"column":50}},"2":{"start":{"line":10,"column":8},"end":{"line":10,"column":42}},"3":{"start":{"line":13,"column":8},"end":{"line":13,"column":34}},"4":{"start":{"line":16,"column":8},"end":{"line":16,"column":61}},"5":{"start":{"line":17,"column":8},"end":{"line":17,"column":77}},"6":{"start":{"line":24,"column":32},"end":{"line":55,"column":9}},"7":{"start":{"line":58,"column":8},"end":{"line":68,"column":11}},"8":{"start":{"line":59,"column":12},"end":{"line":67,"column":13}},"9":{"start":{"line":60,"column":16},"end":{"line":60,"column":76}},"10":{"start":{"line":63,"column":16},"end":{"line":66,"column":18}},"11":{"start":{"line":70,"column":8},"end":{"line":70,"column":28}},"12":{"start":{"line":77,"column":8},"end":{"line":83,"column":9}},"13":{"start":{"line":78,"column":26},"end":{"line":78,"column":64}},"14":{"start":{"line":79,"column":12},"end":{"line":79,"column":50}},"15":{"start":{"line":81,"column":12},"end":{"line":81,"column":66}},"16":{"start":{"line":82,"column":12},"end":{"line":82,"column":22}},"17":{"start":{"line":90,"column":8},"end":{"line":94,"column":9}},"18":{"start":{"line":91,"column":12},"end":{"line":91,"column":88}},"19":{"start":{"line":93,"column":12},"end":{"line":93,"column":66}},"20":{"start":{"line":104,"column":8},"end":{"line":107,"column":9}},"21":{"start":{"line":105,"column":12},"end":{"line":105,"column":60}},"22":{"start":{"line":106,"column":12},"end":{"line":106,"column":19}},"23":{"start":{"line":109,"column":25},"end":{"line":109,"column":55}},"24":{"start":{"line":112,"column":8},"end":{"line":112,"column":74}},"25":{"start":{"line":115,"column":8},"end":{"line":118,"column":9}},"26":{"start":{"line":116,"column":12},"end":{"line":116,"column":51}},"27":{"start":{"line":117,"column":12},"end":{"line":117,"column":56}},"28":{"start":{"line":117,"column":49},"end":{"line":117,"column":54}},"29":{"start":{"line":121,"column":8},"end":{"line":123,"column":9}},"30":{"start":{"line":122,"column":12},"end":{"line":122,"column":52}},"31":{"start":{"line":125,"column":8},"end":{"line":125,"column":28}},"32":{"start":{"line":128,"column":8},"end":{"line":128,"column":83}},"33":{"start":{"line":130,"column":8},"end":{"line":130,"column":89}},"34":{"start":{"line":141,"column":8},"end":{"line":144,"column":9}},"35":{"start":{"line":142,"column":12},"end":{"line":142,"column":60}},"36":{"start":{"line":143,"column":12},"end":{"line":143,"column":19}},"37":{"start":{"line":146,"column":27},"end":{"line":146,"column":68}},"38":{"start":{"line":148,"column":8},"end":{"line":152,"column":9}},"39":{"start":{"line":149,"column":12},"end":{"line":149,"column":42}},"40":{"start":{"line":151,"column":12},"end":{"line":151,"column":41}},"41":{"start":{"line":154,"column":8},"end":{"line":154,"column":28}},"42":{"start":{"line":157,"column":8},"end":{"line":160,"column":11}},"43":{"start":{"line":171,"column":25},"end":{"line":171,"column":55}},"44":{"start":{"line":172,"column":25},"end":{"line":172,"column":73}},"45":{"start":{"line":174,"column":8},"end":{"line":185,"column":11}},"46":{"start":{"line":175,"column":12},"end":{"line":184,"column":13}},"47":{"start":{"line":177,"column":16},"end":{"line":183,"column":17}},"48":{"start":{"line":178,"column":20},"end":{"line":178,"column":64}},"49":{"start":{"line":179,"column":20},"end":{"line":179,"column":40}},"50":{"start":{"line":182,"column":20},"end":{"line":182,"column":80}},"51":{"start":{"line":196,"column":8},"end":{"line":198,"column":9}},"52":{"start":{"line":197,"column":12},"end":{"line":197,"column":87}},"53":{"start":{"line":201,"column":8},"end":{"line":201,"column":18}},"54":{"start":{"line":214,"column":8},"end":{"line":216,"column":9}},"55":{"start":{"line":215,"column":12},"end":{"line":215,"column":25}},"56":{"start":{"line":218,"column":8},"end":{"line":220,"column":9}},"57":{"start":{"line":219,"column":12},"end":{"line":219,"column":25}},"58":{"start":{"line":222,"column":8},"end":{"line":228,"column":9}},"59":{"start":{"line":223,"column":12},"end":{"line":227,"column":13}},"60":{"start":{"line":224,"column":16},"end":{"line":226,"column":17}},"61":{"start":{"line":225,"column":20},"end":{"line":225,"column":33}},"62":{"start":{"line":230,"column":8},"end":{"line":230,"column":20}},"63":{"start":{"line":241,"column":8},"end":{"line":241,"column":100}},"64":{"start":{"line":244,"column":26},"end":{"line":244,"column":69}},"65":{"start":{"line":245,"column":8},"end":{"line":257,"column":11}},"66":{"start":{"line":246,"column":12},"end":{"line":256,"column":13}},"67":{"start":{"line":247,"column":16},"end":{"line":253,"column":19}},"68":{"start":{"line":255,"column":16},"end":{"line":255,"column":67}},"69":{"start":{"line":260,"column":8},"end":{"line":268,"column":12}},"70":{"start":{"line":277,"column":8},"end":{"line":279,"column":9}},"71":{"start":{"line":278,"column":12},"end":{"line":278,"column":53}},"72":{"start":{"line":280,"column":8},"end":{"line":280,"column":60}},"73":{"start":{"line":289,"column":26},"end":{"line":289,"column":62}},"74":{"start":{"line":290,"column":8},"end":{"line":295,"column":9}},"75":{"start":{"line":291,"column":26},"end":{"line":291,"column":53}},"76":{"start":{"line":292,"column":12},"end":{"line":294,"column":13}},"77":{"start":{"line":293,"column":16},"end":{"line":293,"column":43}},"78":{"start":{"line":304,"column":8},"end":{"line":304,"column":54}},"79":{"start":{"line":312,"column":8},"end":{"line":312,"column":42}},"80":{"start":{"line":320,"column":8},"end":{"line":323,"column":9}},"81":{"start":{"line":321,"column":12},"end":{"line":321,"column":50}},"82":{"start":{"line":322,"column":12},"end":{"line":322,"column":38}},"83":{"start":{"line":332,"column":26},"end":{"line":332,"column":57}},"84":{"start":{"line":335,"column":19},"end":{"line":335,"column":20}},"85":{"start":{"line":336,"column":20},"end":{"line":336,"column":44}},"86":{"start":{"line":337,"column":26},"end":{"line":337,"column":49}},"87":{"start":{"line":338,"column":8},"end":{"line":340,"column":9}},"88":{"start":{"line":339,"column":12},"end":{"line":339,"column":42}},"89":{"start":{"line":342,"column":8},"end":{"line":342,"column":35}},"90":{"start":{"line":349,"column":24},"end":{"line":349,"column":51}},"91":{"start":{"line":350,"column":8},"end":{"line":355,"column":9}},"92":{"start":{"line":351,"column":12},"end":{"line":354,"column":15}},"93":{"start":{"line":360,"column":0},"end":{"line":360,"column":57}},"94":{"start":{"line":363,"column":0},"end":{"line":375,"column":1}},"95":{"start":{"line":364,"column":4},"end":{"line":369,"column":7}},"96":{"start":{"line":365,"column":8},"end":{"line":368,"column":9}},"97":{"start":{"line":366,"column":12},"end":{"line":366,"column":64}},"98":{"start":{"line":367,"column":12},"end":{"line":367,"column":57}},"99":{"start":{"line":371,"column":4},"end":{"line":374,"column":5}},"100":{"start":{"line":372,"column":8},"end":{"line":372,"column":60}},"101":{"start":{"line":373,"column":8},"end":{"line":373,"column":53}}},"fnMap":{"0":{"name":"(anonymous_0)","decl":{"start":{"line":7,"column":4},"end":{"line":7,"column":5}},"loc":{"start":{"line":7,"column":18},"end":{"line":18,"column":5}},"line":7},"1":{"name":"(anonymous_1)","decl":{"start":{"line":23,"column":4},"end":{"line":23,"column":5}},"loc":{"start":{"line":23,"column":25},"end":{"line":71,"column":5}},"line":23},"2":{"name":"(anonymous_2)","decl":{"start":{"line":58,"column":45},"end":{"line":58,"column":46}},"loc":{"start":{"line":58,"column":58},"end":{"line":68,"column":9}},"line":58},"3":{"name":"(anonymous_3)","decl":{"start":{"line":76,"column":4},"end":{"line":76,"column":5}},"loc":{"start":{"line":76,"column":19},"end":{"line":84,"column":5}},"line":76},"4":{"name":"(anonymous_4)","decl":{"start":{"line":89,"column":4},"end":{"line":89,"column":5}},"loc":{"start":{"line":89,"column":19},"end":{"line":95,"column":5}},"line":89},"5":{"name":"(anonymous_5)","decl":{"start":{"line":103,"column":4},"end":{"line":103,"column":5}},"loc":{"start":{"line":103,"column":57},"end":{"line":131,"column":5}},"line":103},"6":{"name":"(anonymous_6)","decl":{"start":{"line":117,"column":39},"end":{"line":117,"column":40}},"loc":{"start":{"line":117,"column":49},"end":{"line":117,"column":54}},"line":117},"7":{"name":"(anonymous_7)","decl":{"start":{"line":140,"column":4},"end":{"line":140,"column":5}},"loc":{"start":{"line":140,"column":68},"end":{"line":161,"column":5}},"line":140},"8":{"name":"(anonymous_8)","decl":{"start":{"line":170,"column":4},"end":{"line":170,"column":5}},"loc":{"start":{"line":170,"column":77},"end":{"line":186,"column":5}},"line":170},"9":{"name":"(anonymous_9)","decl":{"start":{"line":174,"column":25},"end":{"line":174,"column":26}},"loc":{"start":{"line":174,"column":36},"end":{"line":185,"column":9}},"line":174},"10":{"name":"(anonymous_10)","decl":{"start":{"line":194,"column":4},"end":{"line":194,"column":5}},"loc":{"start":{"line":194,"column":48},"end":{"line":202,"column":5}},"line":194},"11":{"name":"(anonymous_11)","decl":{"start":{"line":212,"column":4},"end":{"line":212,"column":5}},"loc":{"start":{"line":212,"column":70},"end":{"line":231,"column":5}},"line":212},"12":{"name":"(anonymous_12)","decl":{"start":{"line":240,"column":4},"end":{"line":240,"column":5}},"loc":{"start":{"line":240,"column":59},"end":{"line":269,"column":5}},"line":240},"13":{"name":"(anonymous_13)","decl":{"start":{"line":245,"column":26},"end":{"line":245,"column":27}},"loc":{"start":{"line":245,"column":38},"end":{"line":257,"column":9}},"line":245},"14":{"name":"(anonymous_14)","decl":{"start":{"line":276,"column":4},"end":{"line":276,"column":5}},"loc":{"start":{"line":276,"column":35},"end":{"line":281,"column":5}},"line":276},"15":{"name":"(anonymous_15)","decl":{"start":{"line":288,"column":4},"end":{"line":288,"column":5}},"loc":{"start":{"line":288,"column":36},"end":{"line":296,"column":5}},"line":288},"16":{"name":"(anonymous_16)","decl":{"start":{"line":303,"column":4},"end":{"line":303,"column":5}},"loc":{"start":{"line":303,"column":27},"end":{"line":305,"column":5}},"line":303},"17":{"name":"(anonymous_17)","decl":{"start":{"line":311,"column":4},"end":{"line":311,"column":5}},"loc":{"start":{"line":311,"column":21},"end":{"line":313,"column":5}},"line":311},"18":{"name":"(anonymous_18)","decl":{"start":{"line":319,"column":4},"end":{"line":319,"column":5}},"loc":{"start":{"line":319,"column":29},"end":{"line":324,"column":5}},"line":319},"19":{"name":"(anonymous_19)","decl":{"start":{"line":330,"column":4},"end":{"line":330,"column":5}},"loc":{"start":{"line":330,"column":27},"end":{"line":343,"column":5}},"line":330},"20":{"name":"(anonymous_20)","decl":{"start":{"line":348,"column":4},"end":{"line":348,"column":5}},"loc":{"start":{"line":348,"column":29},"end":{"line":356,"column":5}},"line":348},"21":{"name":"(anonymous_21)","decl":{"start":{"line":364,"column":50},"end":{"line":364,"column":51}},"loc":{"start":{"line":364,"column":56},"end":{"line":369,"column":5}},"line":364}},"branchMap":{"0":{"loc":{"start":{"line":59,"column":12},"end":{"line":67,"column":13}},"type":"if","locations":[{"start":{"line":59,"column":12},"end":{"line":67,"column":13}},{"start":{"line":61,"column":19},"end":{"line":67,"column":13}}],"line":59},"1":{"loc":{"start":{"line":79,"column":19},"end":{"line":79,"column":49}},"type":"cond-expr","locations":[{"start":{"line":79,"column":27},"end":{"line":79,"column":44}},{"start":{"line":79,"column":47},"end":{"line":79,"column":49}}],"line":79},"2":{"loc":{"start":{"line":103,"column":42},"end":{"line":103,"column":55}},"type":"default-arg","locations":[{"start":{"line":103,"column":53},"end":{"line":103,"column":55}}],"line":103},"3":{"loc":{"start":{"line":104,"column":8},"end":{"line":107,"column":9}},"type":"if","locations":[{"start":{"line":104,"column":8},"end":{"line":107,"column":9}},{"start":{},"end":{}}],"line":104},"4":{"loc":{"start":{"line":115,"column":8},"end":{"line":118,"column":9}},"type":"if","locations":[{"start":{"line":115,"column":8},"end":{"line":118,"column":9}},{"start":{},"end":{}}],"line":115},"5":{"loc":{"start":{"line":121,"column":8},"end":{"line":123,"column":9}},"type":"if","locations":[{"start":{"line":121,"column":8},"end":{"line":123,"column":9}},{"start":{},"end":{}}],"line":121},"6":{"loc":{"start":{"line":140,"column":49},"end":{"line":140,"column":66}},"type":"default-arg","locations":[{"start":{"line":140,"column":61},"end":{"line":140,"column":66}}],"line":140},"7":{"loc":{"start":{"line":141,"column":8},"end":{"line":144,"column":9}},"type":"if","locations":[{"start":{"line":141,"column":8},"end":{"line":144,"column":9}},{"start":{},"end":{}}],"line":141},"8":{"loc":{"start":{"line":148,"column":8},"end":{"line":152,"column":9}},"type":"if","locations":[{"start":{"line":148,"column":8},"end":{"line":152,"column":9}},{"start":{"line":150,"column":15},"end":{"line":152,"column":9}}],"line":148},"9":{"loc":{"start":{"line":148,"column":12},"end":{"line":148,"column":65}},"type":"binary-expr","locations":[{"start":{"line":148,"column":12},"end":{"line":148,"column":21}},{"start":{"line":148,"column":25},"end":{"line":148,"column":65}}],"line":148},"10":{"loc":{"start":{"line":170,"column":61},"end":{"line":170,"column":75}},"type":"default-arg","locations":[{"start":{"line":170,"column":73},"end":{"line":170,"column":75}}],"line":170},"11":{"loc":{"start":{"line":175,"column":12},"end":{"line":184,"column":13}},"type":"if","locations":[{"start":{"line":175,"column":12},"end":{"line":184,"column":13}},{"start":{},"end":{}}],"line":175},"12":{"loc":{"start":{"line":177,"column":16},"end":{"line":183,"column":17}},"type":"if","locations":[{"start":{"line":177,"column":16},"end":{"line":183,"column":17}},{"start":{},"end":{}}],"line":177},"13":{"loc":{"start":{"line":196,"column":8},"end":{"line":198,"column":9}},"type":"if","locations":[{"start":{"line":196,"column":8},"end":{"line":198,"column":9}},{"start":{},"end":{}}],"line":196},"14":{"loc":{"start":{"line":214,"column":8},"end":{"line":216,"column":9}},"type":"if","locations":[{"start":{"line":214,"column":8},"end":{"line":216,"column":9}},{"start":{},"end":{}}],"line":214},"15":{"loc":{"start":{"line":214,"column":12},"end":{"line":214,"column":79}},"type":"binary-expr","locations":[{"start":{"line":214,"column":12},"end":{"line":214,"column":32}},{"start":{"line":214,"column":36},"end":{"line":214,"column":79}}],"line":214},"16":{"loc":{"start":{"line":218,"column":8},"end":{"line":220,"column":9}},"type":"if","locations":[{"start":{"line":218,"column":8},"end":{"line":220,"column":9}},{"start":{},"end":{}}],"line":218},"17":{"loc":{"start":{"line":218,"column":12},"end":{"line":218,"column":91}},"type":"binary-expr","locations":[{"start":{"line":218,"column":12},"end":{"line":218,"column":34}},{"start":{"line":218,"column":38},"end":{"line":218,"column":91}}],"line":218},"18":{"loc":{"start":{"line":222,"column":8},"end":{"line":228,"column":9}},"type":"if","locations":[{"start":{"line":222,"column":8},"end":{"line":228,"column":9}},{"start":{},"end":{}}],"line":222},"19":{"loc":{"start":{"line":224,"column":16},"end":{"line":226,"column":17}},"type":"if","locations":[{"start":{"line":224,"column":16},"end":{"line":226,"column":17}},{"start":{},"end":{}}],"line":224},"20":{"loc":{"start":{"line":244,"column":26},"end":{"line":244,"column":69}},"type":"binary-expr","locations":[{"start":{"line":244,"column":26},"end":{"line":244,"column":63}},{"start":{"line":244,"column":67},"end":{"line":244,"column":69}}],"line":244},"21":{"loc":{"start":{"line":277,"column":8},"end":{"line":279,"column":9}},"type":"if","locations":[{"start":{"line":277,"column":8},"end":{"line":279,"column":9}},{"start":{},"end":{}}],"line":277},"22":{"loc":{"start":{"line":290,"column":8},"end":{"line":295,"column":9}},"type":"if","locations":[{"start":{"line":290,"column":8},"end":{"line":295,"column":9}},{"start":{},"end":{}}],"line":290},"23":{"loc":{"start":{"line":292,"column":12},"end":{"line":294,"column":13}},"type":"if","locations":[{"start":{"line":292,"column":12},"end":{"line":294,"column":13}},{"start":{},"end":{}}],"line":292},"24":{"loc":{"start":{"line":304,"column":15},"end":{"line":304,"column":53}},"type":"binary-expr","locations":[{"start":{"line":304,"column":15},"end":{"line":304,"column":45}},{"start":{"line":304,"column":49},"end":{"line":304,"column":53}}],"line":304},"25":{"loc":{"start":{"line":320,"column":8},"end":{"line":323,"column":9}},"type":"if","locations":[{"start":{"line":320,"column":8},"end":{"line":323,"column":9}},{"start":{},"end":{}}],"line":320},"26":{"loc":{"start":{"line":338,"column":8},"end":{"line":340,"column":9}},"type":"if","locations":[{"start":{"line":338,"column":8},"end":{"line":340,"column":9}},{"start":{},"end":{}}],"line":338},"27":{"loc":{"start":{"line":350,"column":8},"end":{"line":355,"column":9}},"type":"if","locations":[{"start":{"line":350,"column":8},"end":{"line":355,"column":9}},{"start":{},"end":{}}],"line":350},"28":{"loc":{"start":{"line":350,"column":12},"end":{"line":350,"column":45}},"type":"binary-expr","locations":[{"start":{"line":350,"column":12},"end":{"line":350,"column":29}},{"start":{"line":350,"column":33},"end":{"line":350,"column":45}}],"line":350},"29":{"loc":{"start":{"line":363,"column":0},"end":{"line":375,"column":1}},"type":"if","locations":[{"start":{"line":363,"column":0},"end":{"line":375,"column":1}},{"start":{"line":370,"column":7},"end":{"line":375,"column":1}}],"line":363},"30":{"loc":{"start":{"line":365,"column":8},"end":{"line":368,"column":9}},"type":"if","locations":[{"start":{"line":365,"column":8},"end":{"line":368,"column":9}},{"start":{},"end":{}}],"line":365},"31":{"loc":{"start":{"line":371,"column":4},"end":{"line":374,"column":5}},"type":"if","locations":[{"start":{"line":371,"column":4},"end":{"line":374,"column":5}},{"start":{},"end":{}}],"line":371}},"s":{"0":0,"1":0,"2":0,"3":0,"4":0,"5":0,"6":0,"7":0,"8":0,"9":0,"10":0,"11":0,"12":0,"13":0,"14":0,"15":0,"16":0,"17":0,"18":0,"19":0,"20":0,"21":0,"22":0,"23":0,"24":0,"25":0,"26":0,"27":0,"28":0,"29":0,"30":0,"31":0,"32":0,"33":0,"34":0,"35":0,"36":0,"37":0,"38":0,"39":0,"40":0,"41":0,"42":0,"43":0,"44":0,"45":0,"46":0,"47":0,"48":0,"49":0,"50":0,"51":0,"52":0,"53":0,"54":0,"55":0,"56":0,"57":0,"58":0,"59":0,"60":0,"61":0,"62":0,"63":0,"64":0,"65":0,"66":0,"67":0,"68":0,"69":0,"70":0,"71":0,"72":0,"73":0,"74":0,"75":0,"76":0,"77":0,"78":0,"79":0,"80":0,"81":0,"82":0,"83":0,"84":0,"85":0,"86":0,"87":0,"88":0,"89":0,"90":0,"91":0,"92":0,"93":0,"94":0,"95":0,"96":0,"97":0,"98":0,"99":0,"100":0,"101":0},"f":{"0":0,"1":0,"2":0,"3":0,"4":0,"5":0,"6":0,"7":0,"8":0,"9":0,"10":0,"11":0,"12":0,"13":0,"14":0,"15":0,"16":0,"17":0,"18":0,"19":0,"20":0,"21":0},"b":{"0":[0,0],"1":[0,0],"2":[0],"3":[0,0],"4":[0,0],"5":[0,0],"6":[0],"7":[0,0],"8":[0,0],"9":[0,0],"10":[0],"11":[0,0],"12":[0,0],"13":[0,0],"14":[0,0],"15":[0,0],"16":[0,0],"17":[0,0],"18":[0,0],"19":[0,0],"20":[0,0],"21":[0,0],"22":[0,0],"23":[0,0],"24":[0,0],"25":[0,0],"26":[0,0],"27":[0,0],"28":[0,0],"29":[0,0],"30":[0,0],"31":[0,0]}}
,"/Users/gastondana/Downloads/Data_Bleed_VSC_Game/chroma-bot/3d-response-formatter.js": {"path":"/Users/gastondana/Downloads/Data_Bleed_VSC_Game/chroma-bot/3d-response-formatter.js","statementMap":{"0":{"start":{"line":6,"column":4},"end":{"line":6,"column":56}},"1":{"start":{"line":10,"column":4},"end":{"line":107,"column":6}},"2":{"start":{"line":111,"column":21},"end":{"line":115,"column":5}},"3":{"start":{"line":117,"column":4},"end":{"line":122,"column":5}},"4":{"start":{"line":118,"column":6},"end":{"line":118,"column":78}},"5":{"start":{"line":119,"column":6},"end":{"line":119,"column":75}},"6":{"start":{"line":120,"column":6},"end":{"line":120,"column":37}},"7":{"start":{"line":121,"column":6},"end":{"line":121,"column":55}},"8":{"start":{"line":124,"column":4},"end":{"line":124,"column":20}},"9":{"start":{"line":128,"column":19},"end":{"line":128,"column":67}},"10":{"start":{"line":130,"column":4},"end":{"line":136,"column":5}},"11":{"start":{"line":131,"column":6},"end":{"line":135,"column":8}},"12":{"start":{"line":138,"column":4},"end":{"line":143,"column":6}},"13":{"start":{"line":147,"column":29},"end":{"line":298,"column":5}},"14":{"start":{"line":301,"column":29},"end":{"line":316,"column":5}},"15":{"start":{"line":318,"column":4},"end":{"line":318,"column":75}},"16":{"start":{"line":323,"column":4},"end":{"line":323,"column":64}},"17":{"start":{"line":328,"column":4},"end":{"line":328,"column":63}},"18":{"start":{"line":332,"column":0},"end":{"line":332,"column":37}}},"fnMap":{"0":{"name":"(anonymous_0)","decl":{"start":{"line":5,"column":2},"end":{"line":5,"column":3}},"loc":{"start":{"line":5,"column":16},"end":{"line":7,"column":3}},"line":5},"1":{"name":"(anonymous_1)","decl":{"start":{"line":9,"column":2},"end":{"line":9,"column":3}},"loc":{"start":{"line":9,"column":25},"end":{"line":108,"column":3}},"line":9},"2":{"name":"(anonymous_2)","decl":{"start":{"line":110,"column":2},"end":{"line":110,"column":3}},"loc":{"start":{"line":110,"column":62},"end":{"line":125,"column":3}},"line":110},"3":{"name":"(anonymous_3)","decl":{"start":{"line":127,"column":2},"end":{"line":127,"column":3}},"loc":{"start":{"line":127,"column":44},"end":{"line":144,"column":3}},"line":127},"4":{"name":"(anonymous_4)","decl":{"start":{"line":146,"column":2},"end":{"line":146,"column":3}},"loc":{"start":{"line":146,"column":44},"end":{"line":319,"column":3}},"line":146},"5":{"name":"(anonymous_5)","decl":{"start":{"line":322,"column":2},"end":{"line":322,"column":3}},"loc":{"start":{"line":322,"column":51},"end":{"line":324,"column":3}},"line":322},"6":{"name":"(anonymous_6)","decl":{"start":{"line":327,"column":2},"end":{"line":327,"column":3}},"loc":{"start":{"line":327,"column":34},"end":{"line":329,"column":3}},"line":327}},"branchMap":{"0":{"loc":{"start":{"line":113,"column":12},"end":{"line":113,"column":30}},"type":"binary-expr","locations":[{"start":{"line":113,"column":12},"end":{"line":113,"column":16}},{"start":{"line":113,"column":20},"end":{"line":113,"column":30}}],"line":113},"1":{"loc":{"start":{"line":117,"column":4},"end":{"line":122,"column":5}},"type":"if","locations":[{"start":{"line":117,"column":4},"end":{"line":122,"column":5}},{"start":{},"end":{}}],"line":117},"2":{"loc":{"start":{"line":130,"column":4},"end":{"line":136,"column":5}},"type":"if","locations":[{"start":{"line":130,"column":4},"end":{"line":136,"column":5}},{"start":{},"end":{}}],"line":130},"3":{"loc":{"start":{"line":318,"column":11},"end":{"line":318,"column":74}},"type":"binary-expr","locations":[{"start":{"line":318,"column":11},"end":{"line":318,"column":54}},{"start":{"line":318,"column":58},"end":{"line":318,"column":74}}],"line":318},"4":{"loc":{"start":{"line":328,"column":23},"end":{"line":328,"column":61}},"type":"binary-expr","locations":[{"start":{"line":328,"column":23},"end":{"line":328,"column":55}},{"start":{"line":328,"column":59},"end":{"line":328,"column":61}}],"line":328}},"s":{"0":0,"1":0,"2":0,"3":0,"4":0,"5":0,"6":0,"7":0,"8":0,"9":0,"10":0,"11":0,"12":0,"13":0,"14":0,"15":0,"16":0,"17":0,"18":0},"f":{"0":0,"1":0,"2":0,"3":0,"4":0,"5":0,"6":0},"b":{"0":[0,0],"1":[0,0],"2":[0,0],"3":[0,0],"4":[0,0]}}
,"/Users/gastondana/Downloads/Data_Bleed_VSC_Game/chroma-bot/chatbot.js": {"path":"/Users/gastondana/Downloads/Data_Bleed_VSC_Game/chroma-bot/chatbot.js","statementMap":{"0":{"start":{"line":1,"column":0},"end":{"line":33,"column":5}},"1":{"start":{"line":2,"column":18},"end":{"line":2,"column":55}},"2":{"start":{"line":3,"column":20},"end":{"line":3,"column":55}},"3":{"start":{"line":4,"column":21},"end":{"line":4,"column":56}},"4":{"start":{"line":7,"column":19},"end":{"line":7,"column":37}},"5":{"start":{"line":8,"column":6},"end":{"line":8,"column":24}},"6":{"start":{"line":8,"column":17},"end":{"line":8,"column":24}},"7":{"start":{"line":11,"column":22},"end":{"line":11,"column":51}},"8":{"start":{"line":12,"column":6},"end":{"line":12,"column":41}},"9":{"start":{"line":13,"column":6},"end":{"line":13,"column":33}},"10":{"start":{"line":14,"column":6},"end":{"line":14,"column":36}},"11":{"start":{"line":16,"column":6},"end":{"line":16,"column":23}},"12":{"start":{"line":19,"column":25},"end":{"line":19,"column":50}},"13":{"start":{"line":21,"column":20},"end":{"line":21,"column":49}},"14":{"start":{"line":22,"column":6},"end":{"line":22,"column":37}},"15":{"start":{"line":23,"column":6},"end":{"line":23,"column":37}},"16":{"start":{"line":24,"column":6},"end":{"line":24,"column":34}},"17":{"start":{"line":26,"column":6},"end":{"line":26,"column":49}},"18":{"start":{"line":29,"column":4},"end":{"line":29,"column":51}},"19":{"start":{"line":30,"column":4},"end":{"line":32,"column":7}},"20":{"start":{"line":31,"column":6},"end":{"line":31,"column":43}},"21":{"start":{"line":31,"column":29},"end":{"line":31,"column":43}}},"fnMap":{"0":{"name":"(anonymous_0)","decl":{"start":{"line":1,"column":46},"end":{"line":1,"column":47}},"loc":{"start":{"line":1,"column":52},"end":{"line":33,"column":3}},"line":1},"1":{"name":"sendMessage","decl":{"start":{"line":6,"column":19},"end":{"line":6,"column":30}},"loc":{"start":{"line":6,"column":33},"end":{"line":27,"column":5}},"line":6},"2":{"name":"(anonymous_2)","decl":{"start":{"line":30,"column":39},"end":{"line":30,"column":40}},"loc":{"start":{"line":30,"column":46},"end":{"line":32,"column":5}},"line":30}},"branchMap":{"0":{"loc":{"start":{"line":8,"column":6},"end":{"line":8,"column":24}},"type":"if","locations":[{"start":{"line":8,"column":6},"end":{"line":8,"column":24}},{"start":{},"end":{}}],"line":8},"1":{"loc":{"start":{"line":31,"column":6},"end":{"line":31,"column":43}},"type":"if","locations":[{"start":{"line":31,"column":6},"end":{"line":31,"column":43}},{"start":{},"end":{}}],"line":31}},"s":{"0":0,"1":0,"2":0,"3":0,"4":0,"5":0,"6":0,"7":0,"8":0,"9":0,"10":0,"11":0,"12":0,"13":0,"14":0,"15":0,"16":0,"17":0,"18":0,"19":0,"20":0,"21":0},"f":{"0":0,"1":0,"2":0},"b":{"0":[0,0],"1":[0,0]}}
,"/Users/gastondana/Downloads/Data_Bleed_VSC_Game/chroma-bot/openai.js": {"path":"/Users/gastondana/Downloads/Data_Bleed_VSC_Game/chroma-bot/openai.js","statementMap":{"0":{"start":{"line":7,"column":2},"end":{"line":35,"column":3}},"1":{"start":{"line":9,"column":21},"end":{"line":11,"column":51}},"2":{"start":{"line":13,"column":21},"end":{"line":22,"column":6}},"3":{"start":{"line":24,"column":4},"end":{"line":26,"column":5}},"4":{"start":{"line":25,"column":8},"end":{"line":25,"column":76}},"5":{"start":{"line":28,"column":17},"end":{"line":28,"column":38}},"6":{"start":{"line":29,"column":4},"end":{"line":29,"column":51}},"7":{"start":{"line":32,"column":4},"end":{"line":32,"column":44}},"8":{"start":{"line":34,"column":4},"end":{"line":34,"column":51}}},"fnMap":{"0":{"name":"getAIResponse","decl":{"start":{"line":6,"column":15},"end":{"line":6,"column":28}},"loc":{"start":{"line":6,"column":96},"end":{"line":36,"column":1}},"line":6}},"branchMap":{"0":{"loc":{"start":{"line":6,"column":42},"end":{"line":6,"column":60}},"type":"default-arg","locations":[{"start":{"line":6,"column":54},"end":{"line":6,"column":60}}],"line":6},"1":{"loc":{"start":{"line":6,"column":62},"end":{"line":6,"column":94}},"type":"default-arg","locations":[{"start":{"line":6,"column":74},"end":{"line":6,"column":94}}],"line":6},"2":{"loc":{"start":{"line":9,"column":21},"end":{"line":11,"column":51}},"type":"cond-expr","locations":[{"start":{"line":10,"column":8},"end":{"line":10,"column":31}},{"start":{"line":11,"column":8},"end":{"line":11,"column":51}}],"line":9},"3":{"loc":{"start":{"line":24,"column":4},"end":{"line":26,"column":5}},"type":"if","locations":[{"start":{"line":24,"column":4},"end":{"line":26,"column":5}},{"start":{},"end":{}}],"line":24},"4":{"loc":{"start":{"line":29,"column":11},"end":{"line":29,"column":50}},"type":"binary-expr","locations":[{"start":{"line":29,"column":11},"end":{"line":29,"column":21}},{"start":{"line":29,"column":25},"end":{"line":29,"column":50}}],"line":29}},"s":{"0":0,"1":0,"2":0,"3":0,"4":0,"5":0,"6":0,"7":0,"8":0},"f":{"0":0},"b":{"0":[0],"1":[0],"2":[0,0],"3":[0,0],"4":[0,0]}}
,"/Users/gastondana/Downloads/Data_Bleed_VSC_Game/chroma-bot/server.js": {"path":"/Users/gastondana/Downloads/Data_Bleed_VSC_Game/chroma-bot/server.js","statementMap":{"0":{"start":{"line":2,"column":0},"end":{"line":2,"column":27}},"1":{"start":{"line":3,"column":16},"end":{"line":3,"column":34}},"2":{"start":{"line":4,"column":13},"end":{"line":4,"column":28}},"3":{"start":{"line":5,"column":13},"end":{"line":5,"column":28}},"4":{"start":{"line":6,"column":15},"end":{"line":6,"column":32}},"5":{"start":{"line":7,"column":11},"end":{"line":7,"column":24}},"6":{"start":{"line":8,"column":28},"end":{"line":8,"column":62}},"7":{"start":{"line":10,"column":12},"end":{"line":10,"column":21}},"8":{"start":{"line":11,"column":13},"end":{"line":11,"column":37}},"9":{"start":{"line":14,"column":0},"end":{"line":14,"column":16}},"10":{"start":{"line":15,"column":0},"end":{"line":15,"column":24}},"11":{"start":{"line":19,"column":0},"end":{"line":19,"column":52}},"12":{"start":{"line":22,"column":15},"end":{"line":24,"column":2}},"13":{"start":{"line":27,"column":20},"end":{"line":27,"column":45}},"14":{"start":{"line":31,"column":19},"end":{"line":31,"column":74}},"15":{"start":{"line":32,"column":2},"end":{"line":38,"column":3}},"16":{"start":{"line":33,"column":17},"end":{"line":33,"column":51}},"17":{"start":{"line":34,"column":4},"end":{"line":34,"column":28}},"18":{"start":{"line":36,"column":4},"end":{"line":36,"column":78}},"19":{"start":{"line":37,"column":4},"end":{"line":37,"column":16}},"20":{"start":{"line":44,"column":0},"end":{"line":94,"column":3}},"21":{"start":{"line":45,"column":64},"end":{"line":45,"column":72}},"22":{"start":{"line":47,"column":2},"end":{"line":49,"column":3}},"23":{"start":{"line":48,"column":4},"end":{"line":48,"column":82}},"24":{"start":{"line":51,"column":21},"end":{"line":51,"column":66}},"25":{"start":{"line":52,"column":26},"end":{"line":52,"column":56}},"26":{"start":{"line":54,"column":2},"end":{"line":56,"column":3}},"27":{"start":{"line":55,"column":4},"end":{"line":55,"column":234}},"28":{"start":{"line":59,"column":2},"end":{"line":61,"column":3}},"29":{"start":{"line":60,"column":4},"end":{"line":60,"column":207}},"30":{"start":{"line":63,"column":2},"end":{"line":93,"column":3}},"31":{"start":{"line":64,"column":23},"end":{"line":70,"column":6}},"32":{"start":{"line":72,"column":18},"end":{"line":72,"column":55}},"33":{"start":{"line":75,"column":21},"end":{"line":75,"column":85}},"34":{"start":{"line":76,"column":4},"end":{"line":76,"column":48}},"35":{"start":{"line":78,"column":4},"end":{"line":78,"column":23}},"36":{"start":{"line":81,"column":4},"end":{"line":81,"column":44}},"37":{"start":{"line":84,"column":26},"end":{"line":89,"column":5}},"38":{"start":{"line":90,"column":4},"end":{"line":90,"column":53}},"39":{"start":{"line":92,"column":4},"end":{"line":92,"column":40}},"40":{"start":{"line":97,"column":0},"end":{"line":110,"column":3}},"41":{"start":{"line":98,"column":33},"end":{"line":98,"column":43}},"42":{"start":{"line":100,"column":18},"end":{"line":100,"column":73}},"43":{"start":{"line":101,"column":28},"end":{"line":101,"column":71}},"44":{"start":{"line":103,"column":2},"end":{"line":109,"column":5}},"45":{"start":{"line":113,"column":0},"end":{"line":133,"column":3}},"46":{"start":{"line":114,"column":23},"end":{"line":130,"column":3}},"47":{"start":{"line":132,"column":2},"end":{"line":132,"column":25}},"48":{"start":{"line":135,"column":0},"end":{"line":139,"column":3}},"49":{"start":{"line":136,"column":2},"end":{"line":136,"column":62}},"50":{"start":{"line":137,"column":2},"end":{"line":137,"column":71}},"51":{"start":{"line":138,"column":2},"end":{"line":138,"column":66}}},"fnMap":{"0":{"name":"loadCharacterConfig","decl":{"start":{"line":30,"column":9},"end":{"line":30,"column":28}},"loc":{"start":{"line":30,"column":40},"end":{"line":39,"column":1}},"line":30},"1":{"name":"(anonymous_1)","decl":{"start":{"line":44,"column":22},"end":{"line":44,"column":23}},"loc":{"start":{"line":44,"column":42},"end":{"line":94,"column":1}},"line":44},"2":{"name":"(anonymous_2)","decl":{"start":{"line":97,"column":48},"end":{"line":97,"column":49}},"loc":{"start":{"line":97,"column":62},"end":{"line":110,"column":1}},"line":97},"3":{"name":"(anonymous_3)","decl":{"start":{"line":113,"column":32},"end":{"line":113,"column":33}},"loc":{"start":{"line":113,"column":46},"end":{"line":133,"column":1}},"line":113},"4":{"name":"(anonymous_4)","decl":{"start":{"line":135,"column":17},"end":{"line":135,"column":18}},"loc":{"start":{"line":135,"column":23},"end":{"line":139,"column":1}},"line":135}},"branchMap":{"0":{"loc":{"start":{"line":11,"column":13},"end":{"line":11,"column":37}},"type":"binary-expr","locations":[{"start":{"line":11,"column":13},"end":{"line":11,"column":29}},{"start":{"line":11,"column":33},"end":{"line":11,"column":37}}],"line":11},"1":{"loc":{"start":{"line":47,"column":2},"end":{"line":49,"column":3}},"type":"if","locations":[{"start":{"line":47,"column":2},"end":{"line":49,"column":3}},{"start":{},"end":{}}],"line":47},"2":{"loc":{"start":{"line":47,"column":6},"end":{"line":47,"column":28}},"type":"binary-expr","locations":[{"start":{"line":47,"column":6},"end":{"line":47,"column":14}},{"start":{"line":47,"column":18},"end":{"line":47,"column":28}}],"line":47},"3":{"loc":{"start":{"line":54,"column":2},"end":{"line":56,"column":3}},"type":"if","locations":[{"start":{"line":54,"column":2},"end":{"line":56,"column":3}},{"start":{},"end":{}}],"line":54},"4":{"loc":{"start":{"line":59,"column":2},"end":{"line":61,"column":3}},"type":"if","locations":[{"start":{"line":59,"column":2},"end":{"line":61,"column":3}},{"start":{},"end":{}}],"line":59},"5":{"loc":{"start":{"line":59,"column":6},"end":{"line":59,"column":45}},"type":"binary-expr","locations":[{"start":{"line":59,"column":6},"end":{"line":59,"column":29}},{"start":{"line":59,"column":33},"end":{"line":59,"column":45}}],"line":59},"6":{"loc":{"start":{"line":76,"column":25},"end":{"line":76,"column":47}},"type":"binary-expr","locations":[{"start":{"line":76,"column":25},"end":{"line":76,"column":34}},{"start":{"line":76,"column":38},"end":{"line":76,"column":47}}],"line":76},"7":{"loc":{"start":{"line":90,"column":30},"end":{"line":90,"column":52}},"type":"binary-expr","locations":[{"start":{"line":90,"column":30},"end":{"line":90,"column":39}},{"start":{"line":90,"column":43},"end":{"line":90,"column":52}}],"line":90},"8":{"loc":{"start":{"line":108,"column":19},"end":{"line":108,"column":84}},"type":"cond-expr","locations":[{"start":{"line":108,"column":29},"end":{"line":108,"column":77}},{"start":{"line":108,"column":80},"end":{"line":108,"column":84}}],"line":108}},"s":{"0":0,"1":0,"2":0,"3":0,"4":0,"5":0,"6":0,"7":0,"8":0,"9":0,"10":0,"11":0,"12":0,"13":0,"14":0,"15":0,"16":0,"17":0,"18":0,"19":0,"20":0,"21":0,"22":0,"23":0,"24":0,"25":0,"26":0,"27":0,"28":0,"29":0,"30":0,"31":0,"32":0,"33":0,"34":0,"35":0,"36":0,"37":0,"38":0,"39":0,"40":0,"41":0,"42":0,"43":0,"44":0,"45":0,"46":0,"47":0,"48":0,"49":0,"50":0,"51":0},"f":{"0":0,"1":0,"2":0,"3":0,"4":0},"b":{"0":[0,0],"1":[0,0],"2":[0,0],"3":[0,0],"4":[0,0],"5":[0,0],"6":[0,0],"7":[0,0],"8":[0,0]}}
,"/Users/gastondana/Downloads/Data_Bleed_VSC_Game/js/3d-asset-pipeline.js": {"path":"/Users/gastondana/Downloads/Data_Bleed_VSC_Game/js/3d-asset-pipeline.js","statementMap":{"0":{"start":{"line":9,"column":8},"end":{"line":9,"column":33}},"1":{"start":{"line":10,"column":8},"end":{"line":10,"column":39}},"2":{"start":{"line":11,"column":8},"end":{"line":11,"column":38}},"3":{"start":{"line":12,"column":8},"end":{"line":12,"column":31}},"4":{"start":{"line":13,"column":8},"end":{"line":13,"column":32}},"5":{"start":{"line":15,"column":8},"end":{"line":15,"column":35}},"6":{"start":{"line":16,"column":8},"end":{"line":16,"column":42}},"7":{"start":{"line":17,"column":8},"end":{"line":22,"column":10}},"8":{"start":{"line":25,"column":8},"end":{"line":31,"column":10}},"9":{"start":{"line":38,"column":8},"end":{"line":38,"column":57}},"10":{"start":{"line":40,"column":8},"end":{"line":77,"column":9}},"11":{"start":{"line":42,"column":12},"end":{"line":42,"column":57}},"12":{"start":{"line":43,"column":12},"end":{"line":43,"column":51}},"13":{"start":{"line":44,"column":12},"end":{"line":44,"column":49}},"14":{"start":{"line":47,"column":12},"end":{"line":47,"column":69}},"15":{"start":{"line":48,"column":12},"end":{"line":48,"column":68}},"16":{"start":{"line":49,"column":12},"end":{"line":49,"column":55}},"17":{"start":{"line":52,"column":12},"end":{"line":52,"column":72}},"18":{"start":{"line":53,"column":12},"end":{"line":53,"column":70}},"19":{"start":{"line":54,"column":12},"end":{"line":54,"column":54}},"20":{"start":{"line":57,"column":12},"end":{"line":57,"column":55}},"21":{"start":{"line":58,"column":12},"end":{"line":58,"column":69}},"22":{"start":{"line":59,"column":12},"end":{"line":59,"column":47}},"23":{"start":{"line":62,"column":12},"end":{"line":62,"column":56}},"24":{"start":{"line":63,"column":12},"end":{"line":63,"column":49}},"25":{"start":{"line":64,"column":12},"end":{"line":64,"column":48}},"26":{"start":{"line":67,"column":12},"end":{"line":67,"column":38}},"27":{"start":{"line":69,"column":12},"end":{"line":69,"column":38}},"28":{"start":{"line":70,"column":12},"end":{"line":70,"column":70}},"29":{"start":{"line":72,"column":12},"end":{"line":72,"column":24}},"30":{"start":{"line":75,"column":12},"end":{"line":75,"column":76}},"31":{"start":{"line":76,"column":12},"end":{"line":76,"column":24}},"32":{"start":{"line":84,"column":8},"end":{"line":86,"column":9}},"33":{"start":{"line":85,"column":12},"end":{"line":85,"column":56}},"34":{"start":{"line":93,"column":12},"end":{"line":93,"column":19}},"35":{"start":{"line":95,"column":8},"end":{"line":95,"column":91}},"36":{"start":{"line":97,"column":8},"end":{"line":178,"column":9}},"37":{"start":{"line":99,"column":12},"end":{"line":99,"column":85}},"38":{"start":{"line":100,"column":12},"end":{"line":100,"column":92}},"39":{"start":{"line":100,"column":28},"end":{"line":100,"column":92}},"40":{"start":{"line":103,"column":12},"end":{"line":103,"column":85}},"41":{"start":{"line":106,"column":31},"end":{"line":106,"column":90}},"42":{"start":{"line":107,"column":12},"end":{"line":109,"column":13}},"43":{"start":{"line":108,"column":16},"end":{"line":108,"column":79}},"44":{"start":{"line":111,"column":12},"end":{"line":111,"column":87}},"45":{"start":{"line":112,"column":12},"end":{"line":112,"column":114}},"46":{"start":{"line":112,"column":28},"end":{"line":112,"column":114}},"47":{"start":{"line":115,"column":12},"end":{"line":115,"column":91}},"48":{"start":{"line":116,"column":12},"end":{"line":116,"column":98}},"49":{"start":{"line":116,"column":28},"end":{"line":116,"column":98}},"50":{"start":{"line":118,"column":35},"end":{"line":118,"column":100}},"51":{"start":{"line":120,"column":12},"end":{"line":120,"column":93}},"52":{"start":{"line":121,"column":12},"end":{"line":121,"column":124}},"53":{"start":{"line":121,"column":28},"end":{"line":121,"column":124}},"54":{"start":{"line":124,"column":12},"end":{"line":124,"column":86}},"55":{"start":{"line":125,"column":12},"end":{"line":125,"column":93}},"56":{"start":{"line":125,"column":28},"end":{"line":125,"column":93}},"57":{"start":{"line":127,"column":36},"end":{"line":127,"column":111}},"58":{"start":{"line":129,"column":12},"end":{"line":129,"column":88}},"59":{"start":{"line":130,"column":12},"end":{"line":130,"column":120}},"60":{"start":{"line":130,"column":28},"end":{"line":130,"column":120}},"61":{"start":{"line":133,"column":12},"end":{"line":133,"column":86}},"62":{"start":{"line":134,"column":12},"end":{"line":134,"column":93}},"63":{"start":{"line":134,"column":28},"end":{"line":134,"column":93}},"64":{"start":{"line":136,"column":39},"end":{"line":136,"column":102}},"65":{"start":{"line":138,"column":12},"end":{"line":138,"column":88}},"66":{"start":{"line":139,"column":12},"end":{"line":139,"column":123}},"67":{"start":{"line":139,"column":28},"end":{"line":139,"column":123}},"68":{"start":{"line":142,"column":12},"end":{"line":142,"column":83}},"69":{"start":{"line":143,"column":12},"end":{"line":143,"column":90}},"70":{"start":{"line":143,"column":28},"end":{"line":143,"column":90}},"71":{"start":{"line":146,"column":12},"end":{"line":146,"column":85}},"72":{"start":{"line":149,"column":12},"end":{"line":151,"column":13}},"73":{"start":{"line":150,"column":16},"end":{"line":150,"column":75}},"74":{"start":{"line":153,"column":12},"end":{"line":153,"column":85}},"75":{"start":{"line":154,"column":12},"end":{"line":154,"column":120}},"76":{"start":{"line":154,"column":28},"end":{"line":154,"column":120}},"77":{"start":{"line":156,"column":12},"end":{"line":156,"column":95}},"78":{"start":{"line":158,"column":12},"end":{"line":166,"column":14}},"79":{"start":{"line":169,"column":12},"end":{"line":169,"column":83}},"80":{"start":{"line":170,"column":12},"end":{"line":170,"column":81}},"81":{"start":{"line":172,"column":12},"end":{"line":177,"column":14}},"82":{"start":{"line":185,"column":8},"end":{"line":185,"column":70}},"83":{"start":{"line":188,"column":37},"end":{"line":188,"column":95}},"84":{"start":{"line":191,"column":26},"end":{"line":191,"column":47}},"85":{"start":{"line":192,"column":31},"end":{"line":192,"column":91}},"86":{"start":{"line":194,"column":8},"end":{"line":200,"column":10}},"87":{"start":{"line":207,"column":8},"end":{"line":207,"column":65}},"88":{"start":{"line":209,"column":40},"end":{"line":209,"column":47}},"89":{"start":{"line":210,"column":35},"end":{"line":210,"column":53}},"90":{"start":{"line":212,"column":23},"end":{"line":218,"column":9}},"91":{"start":{"line":221,"column":8},"end":{"line":221,"column":90}},"92":{"start":{"line":224,"column":8},"end":{"line":224,"column":76}},"93":{"start":{"line":227,"column":8},"end":{"line":229,"column":9}},"94":{"start":{"line":228,"column":12},"end":{"line":228,"column":89}},"95":{"start":{"line":232,"column":8},"end":{"line":232,"column":74}},"96":{"start":{"line":234,"column":8},"end":{"line":234,"column":22}},"97":{"start":{"line":241,"column":25},"end":{"line":262,"column":9}},"98":{"start":{"line":265,"column":8},"end":{"line":272,"column":9}},"99":{"start":{"line":266,"column":12},"end":{"line":271,"column":14}},"100":{"start":{"line":274,"column":8},"end":{"line":274,"column":24}},"101":{"start":{"line":282,"column":32},"end":{"line":282,"column":94}},"102":{"start":{"line":284,"column":8},"end":{"line":301,"column":10}},"103":{"start":{"line":308,"column":26},"end":{"line":308,"column":28}},"104":{"start":{"line":311,"column":8},"end":{"line":322,"column":9}},"105":{"start":{"line":311,"column":28},"end":{"line":311,"column":29}},"106":{"start":{"line":312,"column":29},"end":{"line":312,"column":46}},"107":{"start":{"line":313,"column":29},"end":{"line":313,"column":95}},"108":{"start":{"line":315,"column":12},"end":{"line":321,"column":14}},"109":{"start":{"line":324,"column":8},"end":{"line":324,"column":25}},"110":{"start":{"line":331,"column":8},"end":{"line":331,"column":74}},"111":{"start":{"line":333,"column":32},"end":{"line":333,"column":54}},"112":{"start":{"line":336,"column":8},"end":{"line":336,"column":80}},"113":{"start":{"line":339,"column":8},"end":{"line":339,"column":89}},"114":{"start":{"line":342,"column":8},"end":{"line":342,"column":95}},"115":{"start":{"line":345,"column":8},"end":{"line":345,"column":101}},"116":{"start":{"line":347,"column":8},"end":{"line":347,"column":31}},"117":{"start":{"line":358,"column":8},"end":{"line":363,"column":10}},"118":{"start":{"line":370,"column":26},"end":{"line":370,"column":41}},"119":{"start":{"line":371,"column":30},"end":{"line":371,"column":65}},"120":{"start":{"line":374,"column":8},"end":{"line":380,"column":9}},"121":{"start":{"line":375,"column":12},"end":{"line":375,"column":49}},"122":{"start":{"line":376,"column":15},"end":{"line":380,"column":9}},"123":{"start":{"line":377,"column":12},"end":{"line":377,"column":51}},"124":{"start":{"line":379,"column":12},"end":{"line":379,"column":48}},"125":{"start":{"line":382,"column":8},"end":{"line":382,"column":25}},"126":{"start":{"line":389,"column":27},"end":{"line":389,"column":29}},"127":{"start":{"line":391,"column":8},"end":{"line":397,"column":9}},"128":{"start":{"line":392,"column":12},"end":{"line":396,"column":14}},"129":{"start":{"line":399,"column":8},"end":{"line":399,"column":26}},"130":{"start":{"line":406,"column":8},"end":{"line":438,"column":10}},"131":{"start":{"line":434,"column":72},"end":{"line":434,"column":81}},"132":{"start":{"line":445,"column":8},"end":{"line":454,"column":10}},"133":{"start":{"line":462,"column":8},"end":{"line":473,"column":9}},"134":{"start":{"line":463,"column":12},"end":{"line":466,"column":15}},"135":{"start":{"line":464,"column":57},"end":{"line":464,"column":69}},"136":{"start":{"line":465,"column":16},"end":{"line":465,"column":81}
[...]
lumn":8},"end":{"line":627,"column":9}},"type":"if","locations":[{"start":{"line":619,"column":8},"end":{"line":627,"column":9}},{"start":{"line":621,"column":15},"end":{"line":627,"column":9}}],"line":619},"21":{"loc":{"start":{"line":621,"column":15},"end":{"line":627,"column":9}},"type":"if","locations":[{"start":{"line":621,"column":15},"end":{"line":627,"column":9}},{"start":{"line":623,"column":15},"end":{"line":627,"column":9}}],"line":621},"22":{"loc":{"start":{"line":623,"column":15},"end":{"line":627,"column":9}},"type":"if","locations":[{"start":{"line":623,"column":15},"end":{"line":627,"column":9}},{"start":{"line":625,"column":15},"end":{"line":627,"column":9}}],"line":623},"23":{"loc":{"start":{"line":634,"column":8},"end":{"line":634,"column":64}},"type":"if","locations":[{"start":{"line":634,"column":8},"end":{"line":634,"column":64}},{"start":{},"end":{}}],"line":634},"24":{"loc":{"start":{"line":634,"column":12},"end":{"line":634,"column":55}},"type":"binary-expr","locations":[{"start":{"line":634,"column":12},"end":{"line":634,"column":24}},{"start":{"line":634,"column":28},"end":{"line":634,"column":55}}],"line":634},"25":{"loc":{"start":{"line":638,"column":12},"end":{"line":642,"column":13}},"type":"if","locations":[{"start":{"line":638,"column":12},"end":{"line":642,"column":13}},{"start":{},"end":{}}],"line":638},"26":{"loc":{"start":{"line":674,"column":8},"end":{"line":677,"column":9}},"type":"if","locations":[{"start":{"line":674,"column":8},"end":{"line":677,"column":9}},{"start":{},"end":{}}],"line":674},"27":{"loc":{"start":{"line":684,"column":8},"end":{"line":688,"column":9}},"type":"if","locations":[{"start":{"line":684,"column":8},"end":{"line":688,"column":9}},{"start":{},"end":{}}],"line":684},"28":{"loc":{"start":{"line":707,"column":0},"end":{"line":711,"column":1}},"type":"if","locations":[{"start":{"line":707,"column":0},"end":{"line":711,"column":1}},{"start":{"line":709,"column":7},"end":{"line":711,"column":1}}],"line":707},"29":{"loc":{"start":{"line":707,"column":4},"end":{"line":707,"column":51}},"type":"binary-expr","locations":[{"start":{"line":707,"column":4},"end":{"line":707,"column":33}},{"start":{"line":707,"column":37},"end":{"line":707,"column":51}}],"line":707},"30":{"loc":{"start":{"line":709,"column":7},"end":{"line":711,"column":1}},"type":"if","locations":[{"start":{"line":709,"column":7},"end":{"line":711,"column":1}},{"start":{},"end":{}}],"line":709}},"s":{"0":0,"1":0,"2":0,"3":0,"4":0,"5":0,"6":0,"7":0,"8":0,"9":0,"10":0,"11":0,"12":0,"13":0,"14":0,"15":0,"16":0,"17":0,"18":0,"19":0,"20":0,"21":0,"22":0,"23":0,"24":0,"25":0,"26":0,"27":0,"28":0,"29":0,"30":0,"31":0,"32":0,"33":0,"34":0,"35":0,"36":0,"37":0,"38":0,"39":0,"40":0,"41":0,"42":0,"43":0,"44":0,"45":0,"46":0,"47":0,"48":0,"49":0,"50":0,"51":0,"52":0,"53":0,"54":0,"55":0,"56":0,"57":0,"58":0,"59":0,"60":0,"61":0,"62":0,"63":0,"64":0,"65":0,"66":0,"67":0,"68":0,"69":0,"70":0,"71":0,"72":0,"73":0,"74":0,"75":0,"76":0,"77":0,"78":0,"79":0,"80":0,"81":0,"82":0,"83":0,"84":0,"85":0,"86":0,"87":0,"88":0,"89":0,"90":0,"91":0,"92":0,"93":0,"94":0,"95":0,"96":0,"97":0,"98":0,"99":0,"100":0,"101":0,"102":0,"103":0,"104":0,"105":0,"106":0,"107":0,"108":0,"109":0,"110":0,"111":0,"112":0,"113":0,"114":0,"115":0},"f":{"0":0,"1":0,"2":0,"3":0,"4":0,"5":0,"6":0,"7":0,"8":0,"9":0,"10":0,"11":0,"12":0,"13":0,"14":0,"15":0,"16":0,"17":0,"18":0,"19":0,"20":0,"21":0,"22":0},"b":{"0":[0,0],"1":[0],"2":[0,0],"3":[0,0],"4":[0,0],"5":[0,0],"6":[0,0],"7":[0],"8":[0,0],"9":[0,0],"10":[0,0],"11":[0,0],"12":[0,0],"13":[0,0,0,0,0,0,0,0,0,0],"14":[0,0],"15":[0,0],"16":[0,0],"17":[0,0],"18":[0,0],"19":[0,0],"20":[0,0],"21":[0,0],"22":[0,0],"23":[0,0],"24":[0,0],"25":[0,0],"26":[0,0],"27":[0,0],"28":[0,0],"29":[0,0],"30":[0,0]}}
,"/Users/gastondana/Downloads/Data_Bleed_VSC_Game/js/characters/stanley-nerf-processor.js": {"path":"/Users/gastondana/Downloads/Data_Bleed_VSC_Game/js/characters/stanley-nerf-processor.js","statementMap":{"0":{"start":{"line":8,"column":8},"end":{"line":8,"column":37}},"1":{"start":{"line":9,"column":8},"end":{"line":9,"column":59}},"2":{"start":{"line":10,"column":8},"end":{"line":41,"column":10}},"3":{"start":{"line":48,"column":8},"end":{"line":48,"column":96}},"4":{"start":{"line":50,"column":8},"end":{"line":94,"column":9}},"5":{"start":{"line":52,"column":31},"end":{"line":52,"column":90}},"6":{"start":{"line":53,"column":12},"end":{"line":55,"column":13}},"7":{"start":{"line":54,"column":16},"end":{"line":54,"column":86}},"8":{"start":{"line":58,"column":33},"end":{"line":58,"column":88}},"9":{"start":{"line":61,"column":32},"end":{"line":61,"column":87}},"10":{"start":{"line":64,"column":30},"end":{"line":64,"column":85}},"11":{"start":{"line":67,"column":35},"end":{"line":67,"column":87}},"12":{"start":{"line":70,"column":30},"end":{"line":70,"column":82}},"13":{"start":{"line":73,"column":29},"end":{"line":73,"column":86}},"14":{"start":{"line":76,"column":30},"end":{"line":76,"column":82}},"15":{"start":{"line":78,"column":12},"end":{"line":85,"column":14}},"16":{"start":{"line":88,"column":12},"end":{"line":88,"column":68}},"17":{"start":{"line":89,"column":12},"end":{"line":93,"column":14}},"18":{"start":{"line":101,"column":27},"end":{"line":101,"column":68}},"19":{"start":{"line":103,"column":8},"end":{"line":106,"column":9}},"20":{"start":{"line":104,"column":12},"end":{"line":104,"column":102}},"21":{"start":{"line":105,"column":12},"end":{"line":105,"column":37}},"22":{"start":{"line":109,"column":34},"end":{"line":109,"column":35}},"23":{"start":{"line":110,"column":39},"end":{"line":110,"column":40}},"24":{"start":{"line":111,"column":41},"end":{"line":111,"column":42}},"25":{"start":{"line":112,"column":32},"end":{"line":112,"column":33}},"26":{"start":{"line":114,"column":8},"end":{"line":125,"column":9}},"27":{"start":{"line":115,"column":29},"end":{"line":115,"column":78}},"28":{"start":{"line":117,"column":12},"end":{"line":117,"column":66}},"29":{"start":{"line":117,"column":44},"end":{"line":117,"column":66}},"30":{"start":{"line":118,"column":12},"end":{"line":118,"column":76}},"31":{"start":{"line":118,"column":49},"end":{"line":118,"column":76}},"32":{"start":{"line":119,"column":12},"end":{"line":119,"column":80}},"33":{"start":{"line":119,"column":51},"end":{"line":119,"column":80}},"34":{"start":{"line":120,"column":12},"end":{"line":120,"column":62}},"35":{"start":{"line":120,"column":42},"end":{"line":120,"column":62}},"36":{"start":{"line":122,"column":12},"end":{"line":124,"column":13}},"37":{"start":{"line":123,"column":16},"end":{"line":123,"column":93}},"38":{"start":{"line":127,"column":8},"end":{"line":130,"column":9}},"39":{"start":{"line":128,"column":12},"end":{"line":128,"column":96}},"40":{"start":{"line":129,"column":12},"end":{"line":129,"column":37}},"41":{"start":{"line":132,"column":8},"end":{"line":134,"column":9}},"42":{"start":{"line":133,"column":12},"end":{"line":133,"column":103}},"43":{"start":{"line":136,"column":8},"end":{"line":138,"column":9}},"44":{"start":{"line":137,"column":12},"end":{"line":137,"column":103}},"45":{"start":{"line":140,"column":8},"end":{"line":142,"column":9}},"46":{"start":{"line":141,"column":12},"end":{"line":141,"column":100}},"47":{"start":{"line":144,"column":8},"end":{"line":144,"column":26}},"48":{"start":{"line":151,"column":29},"end":{"line":151,"column":31}},"49":{"start":{"line":153,"column":8},"end":{"line":181,"column":9}},"50":{"start":{"line":153,"column":21},"end":{"line":153,"column":22}},"51":{"start":{"line":154,"column":26},"end":{"line":154,"column":35}},"52":{"start":{"line":157,"column":35},"end":{"line":157,"column":80}},"53":{"start":{"line":160,"column":40},"end":{"line":160,"column":96}},"54":{"start":{"line":163,"column":39},"end":{"line":163,"column":98}},"55":{"start":{"line":166,"column":38},"end":{"line":166,"column":102}},"56":{"start":{"line":169,"column":29},"end":{"line":169,"column":91}},"57":{"start":{"line":171,"column":12},"end":{"line":180,"column":15}},"58":{"start":{"line":183,"column":8},"end":{"line":183,"column":28}},"59":{"start":{"line":190,"column":22},"end":{"line":190,"column":24}},"60":{"start":{"line":191,"column":26},"end":{"line":191,"column":51}},"61":{"start":{"line":194,"column":8},"end":{"line":224,"column":9}},"62":{"start":{"line":194,"column":21},"end":{"line":194,"column":22}},"63":{"start":{"line":195,"column":22},"end":{"line":195,"column":41}},"64":{"start":{"line":198,"column":26},"end":{"line":198,"column":41}},"65":{"start":{"line":199,"column":27},"end":{"line":199,"column":30}},"66":{"start":{"line":202,"column":36},"end":{"line":202,"column":63}},"67":{"start":{"line":203,"column":27},"end":{"line":203,"column":48}},"68":{"start":{"line":206,"column":33},"end":{"line":206,"column":37}},"69":{"start":{"line":208,"column":25},"end":{"line":221,"column":13}},"70":{"start":{"line":223,"column":12},"end":{"line":223,"column":29}},"71":{"start":{"line":226,"column":8},"end":{"line":240,"column":10}},"72":{"start":{"line":247,"column":8},"end":{"line":247,"column":76}},"73":{"start":{"line":249,"column":31},"end":{"line":284,"column":9}},"74":{"start":{"line":287,"column":8},"end":{"line":287,"column":64}},"75":{"start":{"line":289,"column":8},"end":{"line":297,"column":10}},"76":{"start":{"line":304,"column":8},"end":{"line":304,"column":85}},"77":{"start":{"line":306,"column":32},"end":{"line":319,"column":9}},"78":{"start":{"line":322,"column":8},"end":{"line":322,"column":70}},"79":{"start":{"line":324,"column":8},"end":{"line":332,"column":10}},"80":{"start":{"line":339,"column":26},"end":{"line":398,"column":9}},"81":{"start":{"line":400,"column":8},"end":{"line":400,"column":25}},"82":{"start":{"line":407,"column":25},"end":{"line":433,"column":9}},"83":{"start":{"line":435,"column":8},"end":{"line":435,"column":24}},"84":{"start":{"line":442,"column":8},"end":{"line":470,"column":10}},"85":{"start":{"line":477,"column":8},"end":{"line":524,"column":10}},"86":{"start":{"line":530,"column":8},"end":{"line":536,"column":10}},"87":{"start":{"line":541,"column":8},"end":{"line":541,"column":21}},"88":{"start":{"line":546,"column":8},"end":{"line":546,"column":21}},"89":{"start":{"line":551,"column":8},"end":{"line":551,"column":21}},"90":{"start":{"line":556,"column":8},"end":{"line":556,"column":21}},"91":{"start":{"line":561,"column":8},"end":{"line":567,"column":10}},"92":{"start":{"line":572,"column":8},"end":{"line":577,"column":11}},"93":{"start":{"line":573,"column":12},"end":{"line":576,"column":21}},"94":{"start":{"line":574,"column":16},"end":{"line":574,"column":120}},"95":{"start":{"line":575,"column":16},"end":{"line":575,"column":26}},"96":{"start":{"line":582,"column":8},"end":{"line":587,"column":11}},"97":{"start":{"line":583,"column":12},"end":{"line":586,"column":21}},"98":{"start":{"line":584,"column":16},"end":{"line":584,"column":113}},"99":{"start":{"line":585,"column":16},"end":{"line":585,"column":26}},"100":{"start":{"line":592,"column":0},"end":{"line":596,"column":1}},"101":{"start":{"line":593,"column":4},"end":{"line":593,"column":42}},"102":{"start":{"line":594,"column":7},"end":{"line":596,"column":1}},"103":{"start":{"line":595,"column":4},"end":{"line":595,"column":55}}},"fnMap":{"0":{"name":"(anonymous_0)","decl":{"start":{"line":7,"column":4},"end":{"line":7,"column":5}},"loc":{"start":{"line":7,"column":18},"end":{"line":42,"column":5}},"line":7},"1":{"name":"(anonymous_1)","decl":{"start":{"line":47,"column":4},"end":{"line":47,"column":5}},"loc":{"start":{"line":47,"column":48},"end":{"line":95,"column":5}},"line":47},"2":{"name":"(anonymous_2)","decl":{"start":{"line":100,"column":4},"end":{"line":100,"column":5}},"loc":{"start":{"line":100,"column":50},"end":{"line":145,"column":5}},"line":100},"3":{"name":"(anonymous_3)","decl":{"start":{"line":150,"column":4},"end":{"line":150,"column":5}},"loc":{"start":{"line":150,"column":46},"end":{"line":184,"column":5}},"line":150},"4":{"name":"(anonymous_4)","decl":{"start":{"line":189,"column":4},"end":{"line":189,"column":5}},"loc":{"start":{"line":189,"column":61},"end":{"line":241,"column":5}},"line":189},"5":{"name":"(anonymous_5)","decl":{"start":{"line":246,"column":4},"end":{"line":246,"column":5}},"loc":{"start":{"line":246,"column":61},"end":{"line":298,"column":5}},"line":246},"6":{"name":"(anonymous_6)","decl":{"start":{"line":303,"column":4},"end":{"line":303,"column":5}},"loc":{"start":{"line":303,"column":52},"end":{"line":333,"column":5}},"line":303},"7":{"name":"(anonymous_7)","decl":{"start":{"line":338,"column":4},"end":{"line":338,"column":5}},"loc":{"start":{"line":338,"column":52},"end":{"line":401,"column":5}},"line":338},"8":{"name":"(anonymous_8)","decl":{"start":{"line":406,"column":4},"end":{"line":406,"column":5}},"loc":{"start":{"line":406,"column":57},"end":{"line":436,"column":5}},"line":406},"9":{"name":"(anonymous_9)","decl":{"start":{"line":441,"column":4},"end":{"line":441,"column":5}},"loc":{"start":{"line":441,"column":52},"end":{"line":471,"column":5}},"line":441},"10":{"name":"(anonymous_10)","decl":{"start":{"line":476,"column":4},"end":{"line":476,"column":5}},"loc":{"start":{"line":476,"column":38},"end":{"line":525,"column":5}},"line":476},"11":{"name":"(anonymous_11)","decl":{"start":{"line":528,"column":4},"end":{"line":528,"column":5}},"loc":{"start":{"line":528,"column":49},"end":{"line":537,"column":5}},"line":528},"12":{"name":"(anonymous_12)","decl":{"start":{"line":539,"column":4},"end":{"line":539,"column":5}},"loc":{"start":{"line":539,"column":45},"end":{"line":542,"column":5}},"line":539},"13":{"name":"(anonymous_13)","decl":{"start":{"line":544,"column":4},"end":{"line":544,"column":5}},"loc":{"start":{"line":544,"column":47},"end":{"line":547,"column":5}},"line":544},"14":{"name":"(anonymous_14)","decl":{"start":{"line":549,"column":4},"end":{"line":549,"column":5}},"loc":{"start":{"line":549,"column":45},"end":{"line":552,"column":5}},"line":549},"15":{"name":"(anonymous_15)","decl":{"start":{"line":554,"column":4},"end":{"line":554,"column":5}},"loc":{"start":{"line":554,"column":51},"end":{"line":557,"column":5}},"line":554},"16":{"name":"(anonymous_16)","decl":{"start":{"line":559,"column":4},"end":{"line":559,"column":5}},"loc":{"start":{"line":559,"column":50},"end":{"line":568,"column":5}},"line":559},"17":{"name":"(anonymous_17)","decl":{"start":{"line":570,"column":4},"end":{"line":570,"column":5}},"loc":{"start":{"line":570,"column":47},"end":{"line":578,"column":5}},"line":570},"18":{"name":"(anonymous_18)","decl":{"start":{"line":572,"column":27},"end":{"line":572,"column":28}},"loc":{"start":{"line":572,"column":38},"end":{"line":577,"column":9}},"line":572},"19":{"name":"(anonymous_19)","decl":{"start":{"line":573,"column":23},"end":{"line":573,"column":24}},"loc":{"start":{"line":573,"column":29},"end":{"line":576,"column":13}},"line":573},"20":{"name":"(anonymous_20)","decl":{"start":{"line":580,"column":4},"end":{"line":580,"column":5}},"loc":{"start":{"line":580,"column":52},"end":{"line":588,"column":5}},"line":580},"21":{"name":"(anonymous_21)","decl":{"start":{"line":582,"column":27},"end":{"line":582,"column":28}},"loc":{"start":{"line":582,"column":38},"end":{"line":587,"column":9}},"line":582},"22":{"name":"(anonymous_22)","decl":{"start":{"line":583,"column":23},"end":{"line":583,"column":24}},"loc":{"start":{"line":583,"column":29},"end":{"line":586,"column":13}},"line":583}},"branchMap":{"0":{"loc":{"start":{"line":53,"column":12},"end":{"line":55,"column":13}},"type":"if","locations":[{"start":{"line":53,"column":12},"end":{"line":55,"column":13}},{"start":{},"end":{}}],"line":53},"1":{"loc":{"start":{"line":103,"column":8},"end":{"line":106,"column":9}},"type":"if","locations":[{"start":{"line":103,"column":8},"end":{"line":106,"column":9}},{"start":{},"end":{}}],"line":103},"2":{"loc":{"start":{"line":117,"column":12},"end":{"line":117,"column":66}},"type":"if","locations":[{"start":{"line":117,"column":12},"end":{"line":117,"column":66}},{"start":{},"end":{}}],"line":117},"3":{"loc":{"start":{"line":118,"column":12},"end":{"line":118,"column":76}},"type":"if","locations":[{"start":{"line":118,"column":12},"end":{"line":118,"column":76}},{"start":{},"end":{}}],"line":118},"4":{"loc":{"start":{"line":119,"column":12},"end":{"line":119,"column":80}},"type":"if","locations":[{"start":{"line":119,"column":12},"end":{"line":119,"column":80}},{"start":{},"end":{}}],"line":119},"5":{"loc":{"start":{"line":120,"column":12},"end":{"line":120,"column":62}},"type":"if","locations":[{"start":{"line":120,"column":12},"end":{"line":120,"column":62}},{"start":{},"end":{}}],"line":120},"6":{"loc":{"start":{"line":122,"column":12},"end":{"line":124,"column":13}},"type":"if","locations":[{"start":{"line":122,"column":12},"end":{"line":124,"column":13}},{"start":{},"end":{}}],"line":122},"7":{"loc":{"start":{"line":122,"column":16},"end":{"line":122,"column":57}},"type":"binary-expr","locations":[{"start":{"line":122,"column":16},"end":{"line":122,"column":34}},{"start":{"line":122,"column":38},"end":{"line":122,"column":57}}],"line":122},"8":{"loc":{"start":{"line":127,"column":8},"end":{"line":130,"column":9}},"type":"if","locations":[{"start":{"line":127,"column":8},"end":{"line":130,"column":9}},{"start":{},"end":{}}],"line":127},"9":{"loc":{"start":{"line":132,"column":8},"end":{"line":134,"column":9}},"type":"if","locations":[{"start":{"line":132,"column":8},"end":{"line":134,"column":9}},{"start":{},"end":{}}],"line":132},"10":{"loc":{"start":{"line":136,"column":8},"end":{"line":138,"column":9}},"type":"if","locations":[{"start":{"line":136,"column":8},"end":{"line":138,"column":9}},{"start":{},"end":{}}],"line":136},"11":{"loc":{"start":{"line":140,"column":8},"end":{"line":142,"column":9}},"type":"if","locations":[{"start":{"line":140,"column":8},"end":{"line":142,"column":9}},{"start":{},"end":{}}],"line":140},"12":{"loc":{"start":{"line":173,"column":30},"end":{"line":173,"column":54}},"type":"binary-expr","locations":[{"start":{"line":173,"column":30},"end":{"line":173,"column":40}},{"start":{"line":173,"column":44},"end":{"line":173,"column":54}}],"line":173},"13":{"loc":{"start":{"line":592,"column":0},"end":{"line":596,"column":1}},"type":"if","locations":[{"start":{"line":592,"column":0},"end":{"line":596,"column":1}},{"start":{"line":594,"column":7},"end":{"line":596,"column":1}}],"line":592},"14":{"loc":{"start":{"line":592,"column":4},"end":{"line":592,"column":51}},"type":"binary-expr","locations":[{"start":{"line":592,"column":4},"end":{"line":592,"column":33}},{"start":{"line":592,"column":37},"end":{"line":592,"column":51}}],"line":592},"15":{"loc":{"start":{"line":594,"column":7},"end":{"line":596,"column":1}},"type":"if","locations":[{"start":{"line":594,"column":7},"end":{"line":596,"column":1}},{"start":{},"end":{}}],"line":594}},"s":{"0":0,"1":0,"2":0,"3":0,"4":0,"5":0,"6":0,"7":0,"8":0,"9":0,"10":0,"11":0,"12":0,"13":0,"14":0,"15":0,"16":0,"17":0,"18":0,"19":0,"20":0,"21":0,"22":0,"23":0,"24":0,"25":0,"26":0,"27":0,"28":0,"29":0,"30":0,"31":0,"32":0,"33":0,"34":0,"35":0,"36":0,"37":0,"38":0,"39":0,"40":0,"41":0,"42":0,"43":0,"44":0,"45":0,"46":0,"47":0,"48":0,"49":0,"50":0,"51":0,"52":0,"53":0,"54":0,"55":0,"56":0,"57":0,"58":0,"59":0,"60":0,"61":0,"62":0,"63":0,"64":0,"65":0,"66":0,"67":0,"68":0,"69":0,"70":0,"71":0,"72":0,"73":0,"74":0,"75":0,"76":0,"77":0,"78":0,"79":0,"80":0,"81":0,"82":0,"83":0,"84":0,"85":0,"86":0,"87":0,"88":0,"89":0,"90":0,"91":0,"92":0,"93":0,"94":0,"95":0,"96":0,"97":0,"98":0,"99":0,"100":0,"101":0,"102":0,"103":0},"f":{"0":0,"1":0,"2":0,"3":0,"4":0,"5":0,"6":0,"7":0,"8":0,"9":0,"10":0,"11":0,"12":0,"13":0,"14":0,"15":0,"16":0,"17":0,"18":0,"19":0,"20":0,"21":0,"22":0},"b":{"0":[0,0],"1":[0,0],"2":[0,0],"3":[0,0],"4":[0,0],"5":[0,0],"6":[0,0],"7":[0,0],"8":[0,0],"9":[0,0],"10":[0,0],"11":[0,0],"12":[0,0],"13":[0,0],"14":[0,0],"15":[0,0]}}
}
