TN:
SF:Game/Mechanics/Chat.js
FNF:0
FNH:0
LF:0
LH:0
BRF:0
BRH:0
end_of_record
TN:
SF:Game/Mechanics/Choices.js
FNF:0
FNH:0
LF:0
LH:0
BRF:0
BRH:0
end_of_record
TN:
SF:Game/Mechanics/Login.js
FNF:0
FNH:0
LF:0
LH:0
BRF:0
BRH:0
end_of_record
TN:
SF:Game/Mechanics/chroma_bot_injectors.js
FN:10,loadTriggerSystemDependencies
FN:16,(anonymous_1)
FN:29,(anonymous_2)
FN:81,initializeTriggerSystem
FN:89,(anonymous_4)
FN:110,(anonymous_5)
FN:121,(anonymous_6)
FN:128,addMessage
FN:136,getChromaBotResponse
FN:162,should3DTriggerActivate
FN:182,(anonymous_10)
FN:201,activate3DCinematicMode
FN:209,(anonymous_12)
FN:236,handleStoryTrigger
FN:264,showCinematicChat
FN:302,(anonymous_15)
FN:330,getEnhancedChromaBotResponse
FN:372,(anonymous_17)
FNF:18
FNH:0
FNDA:0,loadTriggerSystemDependencies
FNDA:0,(anonymous_1)
FNDA:0,(anonymous_2)
FNDA:0,initializeTriggerSystem
FNDA:0,(anonymous_4)
FNDA:0,(anonymous_5)
FNDA:0,(anonymous_6)
FNDA:0,addMessage
FNDA:0,getChromaBotResponse
FNDA:0,should3DTriggerActivate
FNDA:0,(anonymous_10)
FNDA:0,activate3DCinematicMode
FNDA:0,(anonymous_12)
FNDA:0,handleStoryTrigger
FNDA:0,showCinematicChat
FNDA:0,(anonymous_15)
FNDA:0,getEnhancedChromaBotResponse
FNDA:0,(anonymous_17)
DA:11,0
DA:16,0
DA:17,0
DA:18,0
DA:19,0
DA:20,0
DA:21,0
DA:27,0
DA:29,0
DA:31,0
DA:32,0
DA:33,0
DA:35,0
DA:36,0
DA:40,0
DA:41,0
DA:42,0
DA:74,0
DA:77,0
DA:78,0
DA:82,0
DA:83,0
DA:86,0
DA:89,0
DA:90,0
DA:92,0
DA:95,0
DA:100,0
DA:103,0
DA:104,0
DA:105,0
DA:106,0
DA:107,0
DA:108,0
DA:110,0
DA:112,0
DA:113,0
DA:116,0
DA:117,0
DA:121,0
DA:122,0
DA:123,0
DA:129,0
DA:130,0
DA:131,0
DA:132,0
DA:133,0
DA:138,0
DA:142,0
DA:143,0
DA:148,0
DA:149,0
DA:150,0
DA:152,0
DA:163,0
DA:164,0
DA:168,0
DA:169,0
DA:170,0
DA:174,0
DA:175,0
DA:177,0
DA:178,0
DA:182,0
DA:184,0
DA:185,0
DA:189,0
DA:202,0
DA:204,0
DA:205,0
DA:206,0
DA:209,0
DA:210,0
DA:219,0
DA:221,0
DA:227,0
DA:228,0
DA:237,0
DA:238,0
DA:239,0
DA:242,0
DA:244,0
DA:247,0
DA:248,0
DA:249,0
DA:250,0
DA:255,0
DA:266,0
DA:267,0
DA:270,0
DA:271,0
DA:274,0
DA:275,0
DA:276,0
DA:280,0
DA:284,0
DA:285,0
DA:286,0
DA:287,0
DA:288,0
DA:289,0
DA:290,0
DA:291,0
DA:296,0
DA:297,0
DA:300,0
DA:301,0
DA:302,0
DA:304,0
DA:305,0
DA:308,0
DA:309,0
DA:313,0
DA:317,0
DA:318,0
DA:322,0
DA:331,0
DA:336,0
DA:337,0
DA:340,0
DA:341,0
DA:357,0
DA:363,0
DA:364,0
DA:365,0
DA:367,0
DA:372,0
DA:373,0
DA:374,0
DA:375,0
DA:377,0
DA:378,0
DA:381,0
DA:382,0
LF:134
LH:0
BRDA:17,0,0,0
BRDA:17,0,1,0
BRDA:31,1,0,0
BRDA:31,1,1,0
BRDA:33,2,0,0
BRDA:33,2,1,0
BRDA:35,3,0,0
BRDA:35,3,1,0
BRDA:82,4,0,0
BRDA:82,4,1,0
BRDA:82,5,0,0
BRDA:82,5,1,0
BRDA:112,6,0,0
BRDA:112,6,1,0
BRDA:112,7,0,0
BRDA:112,7,1,0
BRDA:130,8,0,0
BRDA:130,8,1,0
BRDA:138,9,0,0
BRDA:138,9,1,0
BRDA:148,10,0,0
BRDA:148,10,1,0
BRDA:163,11,0,0
BRDA:163,11,1,0
BRDA:163,12,0,0
BRDA:163,12,1,0
BRDA:163,12,2,0
BRDA:169,13,0,0
BRDA:169,13,1,0
BRDA:169,14,0,0
BRDA:169,14,1,0
BRDA:177,15,0,0
BRDA:177,15,1,0
BRDA:177,16,0,0
BRDA:177,16,1,0
BRDA:184,17,0,0
BRDA:184,17,1,0
BRDA:210,18,0,0
BRDA:210,18,1,0
BRDA:219,19,0,0
BRDA:219,19,1,0
BRDA:237,20,0,0
BRDA:237,20,1,0
BRDA:248,21,0,0
BRDA:248,21,1,0
BRDA:275,22,0,0
BRDA:275,22,1,0
BRDA:301,23,0,0
BRDA:301,23,1,0
BRDA:308,24,0,0
BRDA:308,24,1,0
BRDA:331,25,0,0
BRDA:331,25,1,0
BRDA:336,26,0,0
BRDA:336,26,1,0
BRDA:337,27,0,0
BRDA:337,27,1,0
BRDA:337,28,0,0
BRDA:337,28,1,0
BRDA:348,29,0,0
BRDA:348,29,1,0
BRDA:363,30,0,0
BRDA:363,30,1,0
BRDA:375,31,0,0
BRDA:375,31,1,0
BRF:65
BRH:0
end_of_record
TN:
SF:Game/Mechanics/cinematic-moments-config.js
FN:436,(anonymous_0)
FN:445,(anonymous_1)
FN:454,(anonymous_2)
FN:472,(anonymous_3)
FN:474,(anonymous_4)
FN:483,(anonymous_5)
FN:485,(anonymous_6)
FN:496,(anonymous_7)
FN:498,(anonymous_8)
FN:506,(anonymous_9)
FN:508,(anonymous_10)
FNF:11
FNH:0
FNDA:0,(anonymous_0)
FNDA:0,(anonymous_1)
FNDA:0,(anonymous_2)
FNDA:0,(anonymous_3)
FNDA:0,(anonymous_4)
FNDA:0,(anonymous_5)
FNDA:0,(anonymous_6)
FNDA:0,(anonymous_7)
FNDA:0,(anonymous_8)
FNDA:0,(anonymous_9)
FNDA:0,(anonymous_10)
DA:6,0
DA:437,0
DA:446,0
DA:455,0
DA:456,0
DA:457,0
DA:458,0
DA:459,0
DA:463,0
DA:473,0
DA:474,0
DA:484,0
DA:485,0
DA:497,0
DA:498,0
DA:507,0
DA:508,0
DA:513,0
DA:514,0
DA:517,0
DA:519,0
LF:21
LH:0
BRDA:446,0,0,0
BRDA:446,0,1,0
BRDA:458,1,0,0
BRDA:458,1,1,0
BRF:4
BRH:0
end_of_record
TN:
SF:Game/Mechanics/maya_pipeline.js
FN:3,getSessionId
FN:15,sendChoice
FN:35,renderMayaReply
FN:60,(anonymous_3)
FN:66,(anonymous_4)
FN:74,(anonymous_5)
FNF:6
FNH:0
FNDA:0,getSessionId
FNDA:0,sendChoice
FNDA:0,renderMayaReply
FNDA:0,(anonymous_3)
FNDA:0,(anonymous_4)
FNDA:0,(anonymous_5)
DA:4,0
DA:5,0
DA:8,0
DA:10,0
DA:13,0
DA:16,0
DA:17,0
DA:18,0
DA:24,0
DA:25,0
DA:26,0
DA:27,0
DA:28,0
DA:30,0
DA:31,0
DA:36,0
DA:37,0
DA:38,0
DA:39,0
DA:43,0
DA:44,0
DA:45,0
DA:46,0
DA:49,0
DA:50,0
DA:51,0
DA:52,0
DA:53,0
DA:56,0
DA:60,0
DA:61,0
DA:62,0
DA:63,0
DA:65,0
DA:66,0
DA:67,0
DA:68,0
DA:69,0
DA:70,0
DA:74,0
DA:75,0
DA:76,0
DA:77,0
DA:81,0
LF:44
LH:0
BRDA:5,0,0,0
BRDA:5,0,1,0
BRDA:10,1,0,0
BRDA:10,1,1,0
BRDA:24,2,0,0
BRDA:24,2,1,0
BRDA:37,3,0,0
BRDA:37,3,1,0
BRDA:50,4,0,0
BRDA:50,4,1,0
BRDA:65,5,0,0
BRDA:65,5,1,0
BRDA:65,6,0,0
BRDA:65,6,1,0
BRDA:68,7,0,0
BRDA:68,7,1,0
BRDA:75,8,0,0
BRDA:75,8,1,0
BRF:18
BRH:0
end_of_record
TN:
SF:Game/Mechanics/story-progression-tracker.js
FN:7,(anonymous_0)
FN:23,(anonymous_1)
FN:58,(anonymous_2)
FN:76,(anonymous_3)
FN:89,(anonymous_4)
FN:103,(anonymous_5)
FN:117,(anonymous_6)
FN:140,(anonymous_7)
FN:170,(anonymous_8)
FN:174,(anonymous_9)
FN:194,(anonymous_10)
FN:212,(anonymous_11)
FN:240,(anonymous_12)
FN:245,(anonymous_13)
FN:276,(anonymous_14)
FN:288,(anonymous_15)
FN:303,(anonymous_16)
FN:311,(anonymous_17)
FN:319,(anonymous_18)
FN:330,(anonymous_19)
FN:348,(anonymous_20)
FN:364,(anonymous_21)
FNF:22
FNH:0
FNDA:0,(anonymous_0)
FNDA:0,(anonymous_1)
FNDA:0,(anonymous_2)
FNDA:0,(anonymous_3)
FNDA:0,(anonymous_4)
FNDA:0,(anonymous_5)
FNDA:0,(anonymous_6)
FNDA:0,(anonymous_7)
FNDA:0,(anonymous_8)
FNDA:0,(anonymous_9)
FNDA:0,(anonymous_10)
FNDA:0,(anonymous_11)
FNDA:0,(anonymous_12)
FNDA:0,(anonymous_13)
FNDA:0,(anonymous_14)
FNDA:0,(anonymous_15)
FNDA:0,(anonymous_16)
FNDA:0,(anonymous_17)
FNDA:0,(anonymous_18)
FNDA:0,(anonymous_19)
FNDA:0,(anonymous_20)
FNDA:0,(anonymous_21)
DA:8,0
DA:9,0
DA:10,0
DA:13,0
DA:16,0
DA:17,0
DA:24,0
DA:58,0
DA:59,0
DA:60,0
DA:63,0
DA:70,0
DA:77,0
DA:78,0
DA:79,0
DA:81,0
DA:82,0
DA:90,0
DA:91,0
DA:93,0
DA:104,0
DA:105,0
DA:106,0
DA:109,0
DA:112,0
DA:115,0
DA:116,0
DA:117,0
DA:121,0
DA:122,0
DA:125,0
DA:128,0
DA:130,0
DA:141,0
DA:142,0
DA:143,0
DA:146,0
DA:148,0
DA:149,0
DA:151,0
DA:154,0
DA:157,0
DA:171,0
DA:172,0
DA:174,0
DA:175,0
DA:177,0
DA:178,0
DA:179,0
DA:182,0
DA:196,0
DA:197,0
DA:201,0
DA:214,0
DA:215,0
DA:218,0
DA:219,0
DA:222,0
DA:223,0
DA:224,0
DA:225,0
DA:230,0
DA:241,0
DA:244,0
DA:245,0
DA:246,0
DA:247,0
DA:255,0
DA:260,0
DA:277,0
DA:278,0
DA:280,0
DA:289,0
DA:290,0
DA:291,0
DA:292,0
DA:293,0
DA:304,0
DA:312,0
DA:320,0
DA:321,0
DA:322,0
DA:332,0
DA:335,0
DA:336,0
DA:337,0
DA:338,0
DA:339,0
DA:342,0
DA:349,0
DA:350,0
DA:351,0
DA:360,0
DA:363,0
DA:364,0
DA:365,0
DA:366,0
DA:367,0
DA:371,0
DA:372,0
DA:373,0
LF:101
LH:0
BRDA:59,0,0,0
BRDA:59,0,1,0
BRDA:79,1,0,0
BRDA:79,1,1,0
BRDA:103,2,0,0
BRDA:104,3,0,0
BRDA:104,3,1,0
BRDA:115,4,0,0
BRDA:115,4,1,0
BRDA:121,5,0,0
BRDA:121,5,1,0
BRDA:140,6,0,0
BRDA:141,7,0,0
BRDA:141,7,1,0
BRDA:148,8,0,0
BRDA:148,8,1,0
BRDA:148,9,0,0
BRDA:148,9,1,0
BRDA:170,10,0,0
BRDA:175,11,0,0
BRDA:175,11,1,0
BRDA:177,12,0,0
BRDA:177,12,1,0
BRDA:196,13,0,0
BRDA:196,13,1,0
BRDA:214,14,0,0
BRDA:214,14,1,0
BRDA:214,15,0,0
BRDA:214,15,1,0
BRDA:218,16,0,0
BRDA:218,16,1,0
BRDA:218,17,0,0
BRDA:218,17,1,0
BRDA:222,18,0,0
BRDA:222,18,1,0
BRDA:224,19,0,0
BRDA:224,19,1,0
BRDA:244,20,0,0
BRDA:244,20,1,0
BRDA:277,21,0,0
BRDA:277,21,1,0
BRDA:290,22,0,0
BRDA:290,22,1,0
BRDA:292,23,0,0
BRDA:292,23,1,0
BRDA:304,24,0,0
BRDA:304,24,1,0
BRDA:320,25,0,0
BRDA:320,25,1,0
BRDA:338,26,0,0
BRDA:338,26,1,0
BRDA:350,27,0,0
BRDA:350,27,1,0
BRDA:350,28,0,0
BRDA:350,28,1,0
BRDA:363,29,0,0
BRDA:363,29,1,0
BRDA:365,30,0,0
BRDA:365,30,1,0
BRDA:371,31,0,0
BRDA:371,31,1,0
BRF:61
BRH:0
end_of_record
TN:
SF:chroma-bot/3d-response-formatter.js
FN:5,(anonymous_0)
FN:9,(anonymous_1)
FN:110,(anonymous_2)
FN:127,(anonymous_3)
FN:146,(anonymous_4)
FN:322,(anonymous_5)
FN:327,(anonymous_6)
FNF:7
FNH:0
FNDA:0,(anonymous_0)
FNDA:0,(anonymous_1)
FNDA:0,(anonymous_2)
FNDA:0,(anonymous_3)
FNDA:0,(anonymous_4)
FNDA:0,(anonymous_5)
FNDA:0,(anonymous_6)
DA:6,0
DA:10,0
DA:111,0
DA:117,0
DA:118,0
DA:119,0
DA:120,0
DA:121,0
DA:124,0
DA:128,0
DA:130,0
DA:131,0
DA:138,0
DA:147,0
DA:301,0
DA:318,0
DA:323,0
DA:328,0
DA:332,0
LF:19
LH:0
BRDA:113,0,0,0
BRDA:113,0,1,0
BRDA:117,1,0,0
BRDA:117,1,1,0
BRDA:130,2,0,0
BRDA:130,2,1,0
BRDA:318,3,0,0
BRDA:318,3,1,0
BRDA:328,4,0,0
BRDA:328,4,1,0
BRF:10
BRH:0
end_of_record
TN:
SF:chroma-bot/chatbot.js
FN:1,(anonymous_0)
FN:6,sendMessage
FN:30,(anonymous_2)
FNF:3
FNH:0
FNDA:0,(anonymous_0)
FNDA:0,sendMessage
FNDA:0,(anonymous_2)
DA:1,0
DA:2,0
DA:3,0
DA:4,0
DA:7,0
DA:8,0
DA:11,0
DA:12,0
DA:13,0
DA:14,0
DA:16,0
DA:19,0
DA:21,0
DA:22,0
DA:23,0
DA:24,0
DA:26,0
DA:29,0
DA:30,0
DA:31,0
LF:20
LH:0
BRDA:8,0,0,0
BRDA:8,0,1,0
BRDA:31,1,0,0
BRDA:31,1,1,0
BRF:4
BRH:0
end_of_record
TN:
SF:chroma-bot/openai.js
FN:6,getAIResponse
FNF:1
FNH:0
FNDA:0,getAIResponse
DA:7,0
DA:9,0
DA:13,0
DA:24,0
DA:25,0
DA:28,0
DA:29,0
DA:32,0
DA:34,0
LF:9
LH:0
BRDA:6,0,0,0
BRDA:6,1,0,0
BRDA:9,2,0,0
BRDA:9,2,1,0
BRDA:24,3,0,0
BRDA:24,3,1,0
BRDA:29,4,0,0
BRDA:29,4,1,0
BRF:8
BRH:0
end_of_record
TN:
SF:chroma-bot/server.js
FN:30,loadCharacterConfig
FN:44,(anonymous_1)
FN:97,(anonymous_2)
FN:113,(anonymous_3)
FN:135,(anonymous_4)
FNF:5
FNH:0
FNDA:0,loadCharacterConfig
FNDA:0,(anonymous_1)
FNDA:0,(anonymous_2)
FNDA:0,(anonymous_3)
FNDA:0,(anonymous_4)
DA:2,0
DA:3,0
DA:4,0
DA:5,0
DA:6,0
DA:7,0
DA:8,0
DA:10,0
DA:11,0
DA:14,0
DA:15,0
DA:19,0
DA:22,0
DA:27,0
DA:31,0
DA:32,0
DA:33,0
DA:34,0
DA:36,0
DA:37,0
DA:44,0
DA:45,0
DA:47,0
DA:48,0
DA:51,0
DA:52,0
DA:54,0
DA:55,0
DA:59,0
DA:60,0
DA:63,0
DA:64,0
DA:72,0
DA:75,0
DA:76,0
DA:78,0
DA:81,0
DA:84,0
DA:90,0
DA:92,0
DA:97,0
DA:98,0
DA:100,0
DA:101,0
DA:103,0
DA:113,0
DA:114,0
DA:132,0
DA:135,0
DA:136,0
DA:137,0
DA:138,0
LF:52
LH:0
BRDA:11,0,0,0
BRDA:11,0,1,0
BRDA:47,1,0,0
BRDA:47,1,1,0
BRDA:47,2,0,0
BRDA:47,2,1,0
BRDA:54,3,0,0
BRDA:54,3,1,0
BRDA:59,4,0,0
BRDA:59,4,1,0
BRDA:59,5,0,0
BRDA:59,5,1,0
BRDA:76,6,0,0
BRDA:76,6,1,0
BRDA:90,7,0,0
BRDA:90,7,1,0
BRDA:108,8,0,0
BRDA:108,8,1,0
BRF:18
BRH:0
end_of_record
TN:
SF:js/3d-asset-pipeline.js
FN:8,(anonymous_0)
FN:37,(anonymous_1)
FN:83,(anonymous_2)
FN:184,(anonymous_3)
FN:206,(anonymous_4)
FN:240,(anonymous_5)
FN:280,(anonymous_6)
FN:307,(anonymous_7)
FN:330,(anonymous_8)
FN:353,(anonymous_9)
FN:369,(anonymous_10)
FN:388,(anonymous_11)
FN:405,(anonymous_12)
FN:434,(anonymous_13)
FN:444,(anonymous_14)
FN:460,(anonymous_15)
FN:463,(anonymous_16)
FN:469,(anonymous_17)
FN:479,(anonymous_18)
FN:491,(anonymous_19)
FN:498,(anonymous_20)
FN:518,(anonymous_21)
FN:527,(anonymous_22)
FN:540,(anonymous_23)
FNF:24
FNH:0
FNDA:0,(anonymous_0)
FNDA:0,(anonymous_1)
FNDA:0,(anonymous_2)
FNDA:0,(anonymous_3)
FNDA:0,(anonymous_4)
FNDA:0,(anonymous_5)
FNDA:0,(anonymous_6)
FNDA:0,(anonymous_7)
FNDA:0,(anonymous_8)
FNDA:0,(anonymous_9)
FNDA:0,(anonymous_10)
FNDA:0,(anonymous_11)
FNDA:0,(anonymous_12)
FNDA:0,(anonymous_13)
FNDA:0,(anonymous_14)
FNDA:0,(anonymous_15)
FNDA:0,(anonymous_16)
FNDA:0,(anonymous_17)
FNDA:0,(anonymous_18)
FNDA:0,(anonymous_19)
FNDA:0,(anonymous_20)
FNDA:0,(anonymous_21)
FNDA:0,(anonymous_22)
FNDA:0,(anonymous_23)
DA:9,0
DA:10,0
DA:11,0
DA:12,0
DA:13,0
DA:15,0
DA:16,0
DA:17,0
DA:25,0
DA:38,0
DA:40,0
DA:42,0
DA:43,0
DA:44,0
DA:47,0
DA:48,0
DA:49,0
DA:52,0
DA:53,0
DA:54,0
DA:57,0
DA:58,0
DA:59,0
DA:62,0
DA:63,0
DA:64,0
DA:67,0
DA:69,0
DA:70,0
DA:72,0
DA:75,0
DA:76,0
DA:84,0
DA:85,0
DA:93,0
DA:95,0
DA:97,0
DA:99,0
DA:100,0
DA:103,0
DA:106,0
DA:107,0
DA:108,0
DA:111,0
DA:112,0
DA:115,0
DA:116,0
DA:118,0
DA:120,0
DA:121,0
DA:124,0
DA:125,0
DA:127,0
DA:129,0
DA:130,0
DA:133,0
DA:134,0
DA:136,0
DA:138,0
DA:139,0
DA:142,0
DA:143,0
DA:146,0
DA:149,0
DA:150,0
DA:153,0
DA:154,0
DA:156,0
DA:158,0
DA:169,0
DA:170,0
DA:172,0
DA:185,0
DA:188,0
DA:191,0
DA:192,0
DA:194,0
DA:207,0
DA:209,0
DA:210,0
DA:212,0
DA:221,0
DA:224,0
DA:227,0
DA:228,0
DA:232,0
DA:234,0
DA:241,0
DA:265,0
DA:266,0
DA:274,0
DA:282,0
DA:284,0
DA:308,0
DA:311,0
DA:312,0
DA:313,0
DA:315,0
DA:324,0
DA:331,0
DA:333,0
DA:336,0
DA:339,0
DA:342,0
DA:345,0
DA:347,0
DA:358,0
DA:370,0
DA:371,0
DA:374,0
DA:375,0
DA:376,0
DA:377,0
DA:379,0
DA:382,0
DA:389,0
DA:391,0
DA:392,0
DA:399,0
DA:406,0
DA:434,0
DA:445,0
DA:462,0
DA:463,0
DA:464,0
DA:465,0
DA:469,0
DA:470,0
DA:471,0
DA:480,0
DA:492,0
DA:499,0
DA:519,0
DA:520,0
DA:521,0
DA:522,0
DA:523,0
DA:524,0
DA:529,0
DA:530,0
DA:531,0
DA:532,0
DA:533,0
DA:534,0
DA:541,0
DA:542,0
DA:545,0
DA:546,0
DA:549,0
DA:550,0
DA:552,0
DA:557,0
DA:558,0
DA:559,0
DA:560,0
LF:155
LH:0
BRDA:83,0,0,0
BRDA:84,1,0,0
BRDA:84,1,1,0
BRDA:89,2,0,0
BRDA:90,3,0,0
BRDA:91,4,0,0
BRDA:92,5,0,0
BRDA:100,6,0,0
BRDA:100,6,1,0
BRDA:107,7,0,0
BRDA:107,7,1,0
BRDA:112,8,0,0
BRDA:112,8,1,0
BRDA:116,9,0,0
BRDA:116,9,1,0
BRDA:121,10,0,0
BRDA:121,10,1,0
BRDA:125,11,0,0
BRDA:125,11,1,0
BRDA:130,12,0,0
BRDA:130,12,1,0
BRDA:134,13,0,0
BRDA:134,13,1,0
BRDA:139,14,0,0
BRDA:139,14,1,0
BRDA:143,15,0,0
BRDA:143,15,1,0
BRDA:149,16,0,0
BRDA:149,16,1,0
BRDA:154,17,0,0
BRDA:154,17,1,0
BRDA:206,18,0,0
BRDA:209,19,0,0
BRDA:227,20,0,0
BRDA:227,20,1,0
BRDA:265,21,0,0
BRDA:265,21,1,0
BRDA:300,22,0,0
BRDA:300,22,1,0
BRDA:319,23,0,0
BRDA:319,23,1,0
BRDA:320,24,0,0
BRDA:320,24,1,0
BRDA:374,25,0,0
BRDA:374,25,1,0
BRDA:376,26,0,0
BRDA:376,26,1,0
BRDA:415,27,0,0
BRDA:415,27,1,0
BRDA:416,28,0,0
BRDA:416,28,1,0
BRDA:423,29,0,0
BRDA:423,29,1,0
BRDA:424,30,0,0
BRDA:424,30,1,0
BRDA:432,31,0,0
BRDA:432,31,1,0
BRDA:433,32,0,0
BRDA:433,32,1,0
BRDA:462,33,0,0
BRDA:462,33,1,0
BRDA:479,34,0,0
BRDA:492,35,0,0
BRDA:492,35,1,0
BRDA:520,36,0,0
BRDA:520,36,1,0
BRDA:521,37,0,0
BRDA:521,37,1,0
BRDA:522,38,0,0
BRDA:522,38,1,0
BRDA:523,39,0,0
BRDA:523,39,1,0
BRDA:530,40,0,0
BRDA:530,40,1,0
BRDA:531,41,0,0
BRDA:531,41,1,0
BRDA:532,42,0,0
BRDA:532,42,1,0
BRDA:533,43,0,0
BRDA:533,43,1,0
BRDA:541,44,0,0
BRDA:541,44,1,0
BRDA:545,45,0,0
BRDA:545,45,1,0
BRDA:557,46,0,0
BRDA:557,46,1,0
BRDA:557,47,0,0
BRDA:557,47,1,0
BRDA:559,48,0,0
BRDA:559,48,1,0
BRF:90
BRH:0
end_of_record
TN:
SF:js/3d-integration.js
FN:7,(anonymous_0)
FN:17,(anonymous_1)
FN:26,(anonymous_2)
FN:66,(anonymous_3)
FN:82,(anonymous_4)
FN:84,(anonymous_5)
FN:101,(anonymous_6)
FN:112,(anonymous_7)
FN:132,(anonymous_8)
FN:141,(anonymous_9)
FN:180,(anonymous_10)
FN:192,(anonymous_11)
FN:199,(anonymous_12)
FN:206,(anonymous_13)
FN:213,(anonymous_14)
FN:220,(anonymous_15)
FN:227,(anonymous_16)
FN:234,(anonymous_17)
FN:247,(anonymous_18)
FNF:19
FNH:0
FNDA:0,(anonymous_0)
FNDA:0,(anonymous_1)
FNDA:0,(anonymous_2)
FNDA:0,(anonymous_3)
FNDA:0,(anonymous_4)
FNDA:0,(anonymous_5)
FNDA:0,(anonymous_6)
FNDA:0,(anonymous_7)
FNDA:0,(anonymous_8)
FNDA:0,(anonymous_9)
FNDA:0,(anonymous_10)
FNDA:0,(anonymous_11)
FNDA:0,(anonymous_12)
FNDA:0,(anonymous_13)
FNDA:0,(anonymous_14)
FNDA:0,(anonymous_15)
FNDA:0,(anonymous_16)
FNDA:0,(anonymous_17)
FNDA:0,(anonymous_18)
DA:8,0
DA:9,0
DA:10,0
DA:11,0
DA:12,0
DA:13,0
DA:16,0
DA:17,0
DA:19,0
DA:27,0
DA:29,0
DA:31,0
DA:34,0
DA:36,0
DA:38,0
DA:41,0
DA:44,0
DA:47,0
DA:49,0
DA:50,0
DA:51,0
DA:53,0
DA:54,0
DA:58,0
DA:59,0
DA:68,0
DA:71,0
DA:74,0
DA:76,0
DA:84,0
DA:85,0
DA:86,0
DA:87,0
DA:88,0
DA:91,0
DA:92,0
DA:102,0
DA:103,0
DA:104,0
DA:105,0
DA:109,0
DA:112,0
DA:114,0
DA:115,0
DA:116,0
DA:120,0
DA:121,0
DA:125,0
DA:135,0
DA:142,0
DA:143,0
DA:144,0
DA:148,0
DA:149,0
DA:150,0
DA:155,0
DA:158,0
DA:159,0
DA:163,0
DA:165,0
DA:168,0
DA:169,0
DA:171,0
DA:173,0
DA:181,0
DA:184,0
DA:186,0
DA:193,0
DA:200,0
DA:207,0
DA:214,0
DA:221,0
DA:228,0
DA:235,0
DA:248,0
DA:249,0
DA:250,0
DA:253,0
DA:254,0
DA:255,0
DA:258,0
DA:259,0
DA:260,0
DA:263,0
DA:264,0
DA:265,0
DA:267,0
DA:272,0
DA:275,0
LF:89
LH:0
BRDA:16,0,0,0
BRDA:16,0,1,0
BRDA:36,1,0,0
BRDA:36,1,1,0
BRDA:86,2,0,0
BRDA:86,2,1,0
BRDA:86,3,0,0
BRDA:86,3,1,0
BRDA:91,4,0,0
BRDA:91,4,1,0
BRDA:91,5,0,0
BRDA:91,5,1,0
BRDA:103,6,0,0
BRDA:103,6,1,0
BRDA:114,7,0,0
BRDA:114,7,1,0
BRDA:120,8,0,0
BRDA:120,8,1,0
BRDA:142,9,0,0
BRDA:142,9,1,0
BRDA:142,10,0,0
BRDA:142,10,1,0
BRDA:142,10,2,0
BRDA:158,11,0,0
BRDA:158,11,1,0
BRDA:158,12,0,0
BRDA:158,12,1,0
BRDA:163,13,0,0
BRDA:163,13,1,0
BRDA:168,14,0,0
BRDA:168,14,1,0
BRDA:171,15,0,0
BRDA:171,15,1,0
BRDA:181,16,0,0
BRDA:181,16,1,0
BRDA:193,17,0,0
BRDA:193,17,1,0
BRDA:193,17,2,0
BRDA:228,18,0,0
BRDA:228,18,1,0
BRDA:238,19,0,0
BRDA:238,19,1,0
BRDA:239,20,0,0
BRDA:239,20,1,0
BRDA:240,21,0,0
BRDA:240,21,1,0
BRDA:248,22,0,0
BRDA:248,22,1,0
BRDA:253,23,0,0
BRDA:253,23,1,0
BRDA:258,24,0,0
BRDA:258,24,1,0
BRF:52
BRH:0
end_of_record
TN:
SF:js/asset-loader.js
FN:8,(anonymous_0)
FN:51,(anonymous_1)
FN:85,(anonymous_2)
FN:145,(anonymous_3)
FN:163,(anonymous_4)
FN:214,(anonymous_5)
FN:216,(anonymous_6)
FN:233,(anonymous_7)
FN:240,(anonymous_8)
FN:243,(anonymous_9)
FN:248,(anonymous_10)
FN:256,(anonymous_11)
FN:312,(anonymous_12)
FN:328,(anonymous_13)
FN:332,(anonymous_14)
FN:334,(anonymous_15)
FN:352,(anonymous_16)
FN:366,(anonymous_17)
FN:379,(anonymous_18)
FN:393,(anonymous_19)
FN:411,(anonymous_20)
FN:435,(anonymous_21)
FN:437,(anonymous_22)
FN:456,(anonymous_23)
FN:477,(anonymous_24)
FN:486,(anonymous_25)
FN:495,(anonymous_26)
FN:502,(anonymous_27)
FN:509,(anonymous_28)
FN:549,(anonymous_29)
FN:573,(anonymous_30)
FN:584,(anonymous_31)
FN:594,(anonymous_32)
FN:614,(anonymous_33)
FN:629,(anonymous_34)
FN:641,(anonymous_35)
FN:646,(anonymous_36)
FN:658,(anonymous_37)
FN:676,(anonymous_38)
FN:693,(anonymous_39)
FN:706,(anonymous_40)
FN:713,(anonymous_41)
FN:728,(anonymous_42)
FNF:43
FNH:0
FNDA:0,(anonymous_0)
FNDA:0,(anonymous_1)
FNDA:0,(anonymous_2)
FNDA:0,(anonymous_3)
FNDA:0,(anonymous_4)
FNDA:0,(anonymous_5)
FNDA:0,(anonymous_6)
FNDA:0,(anonymous_7)
FNDA:0,(anonymous_8)
FNDA:0,(anonymous_9)
FNDA:0,(anonymous_10)
FNDA:0,(anonymous_11)
FNDA:0,(anonymous_12)
FNDA:0,(anonymous_13)
FNDA:0,(anonymous_14)
FNDA:0,(anonymous_15)
FNDA:0,(anonymous_16)
FNDA:0,(anonymous_17)
FNDA:0,(anonymous_18)
FNDA:0,(anonymous_19)
FNDA:0,(anonymous_20)
FNDA:0,(anonymous_21)
FNDA:0,(anonymous_22)
FNDA:0,(anonymous_23)
FNDA:0,(anonymous_24)
FNDA:0,(anonymous_25)
FNDA:0,(anonymous_26)
FNDA:0,(anonymous_27)
FNDA:0,(anonymous_28)
FNDA:0,(anonymous_29)
FNDA:0,(anonymous_30)
FNDA:0,(anonymous_31)
FNDA:0,(anonymous_32)
FNDA:0,(anonymous_33)
FNDA:0,(anonymous_34)
FNDA:0,(anonymous_35)
FNDA:0,(anonymous_36)
FNDA:0,(anonymous_37)
FNDA:0,(anonymous_38)
FNDA:0,(anonymous_39)
FNDA:0,(anonymous_40)
FNDA:0,(anonymous_41)
FNDA:0,(anonymous_42)
DA:9,0
DA:10,0
DA:11,0
DA:12,0
DA:13,0
DA:14,0
DA:15,0
DA:18,0
DA:26,0
DA:35,0
DA:38,0
DA:52,0
DA:54,0
DA:56,0
DA:59,0
DA:62,0
DA:65,0
DA:68,0
DA:70,0
DA:71,0
DA:72,0
DA:74,0
DA:77,0
DA:78,0
DA:92,0
DA:95,0
DA:96,0
DA:97,0
DA:101,0
DA:102,0
DA:106,0
DA:107,0
DA:109,0
DA:110,0
DA:113,0
DA:114,0
DA:118,0
DA:120,0
DA:123,0
DA:126,0
DA:127,0
DA:128,0
DA:129,0
DA:134,0
DA:135,0
DA:138,0
DA:146,0
DA:148,0
DA:150,0
DA:152,0
DA:154,0
DA:156,0
DA:164,0
DA:165,0
DA:168,0
DA:169,0
DA:171,0
DA:172,0
DA:173,0
DA:174,0
DA:176,0
DA:180,0
DA:181,0
DA:182,0
DA:183,0
DA:184,0
DA:185,0
DA:186,0
DA:188,0
DA:193,0
DA:194,0
DA:195,0
DA:196,0
DA:197,0
DA:198,0
DA:200,0
DA:204,0
DA:205,0
DA:208,0
DA:216,0
DA:217,0
DA:226,0
DA:234,0
DA:242,0
DA:244,0
DA:245,0
DA:246,0
DA:248,0
DA:257,0
DA:259,0
DA:261,0
DA:264,0
DA:265,0
DA:266,0
DA:269,0
DA:272,0
DA:274,0
DA:275,0
DA:277,0
DA:278,0
DA:280,0
DA:281,0
DA:283,0
DA:284,0
DA:286,0
DA:287,0
DA:289,0
DA:293,0
DA:301,0
DA:304,0
DA:305,0
DA:313,0
DA:317,0
DA:329,0
DA:330,0
DA:332,0
DA:333,0
DA:334,0
DA:335,0
DA:344,0
DA:345,0
DA:353,0
DA:355,0
DA:367,0
DA:369,0
DA:380,0
DA:382,0
DA:394,0
DA:395,0
DA:396,0
DA:399,0
DA:400,0
DA:401,0
DA:403,0
DA:404,0
DA:412,0
DA:415,0
DA:416,0
DA:420,0
DA:427,0
DA:429,0
DA:436,0
DA:437,0
DA:439,0
DA:441,0
DA:442,0
DA:444,0
DA:445,0
DA:446,0
DA:447,0
DA:449,0
DA:457,0
DA:460,0
DA:461,0
DA:462,0
DA:466,0
DA:467,0
DA:468,0
DA:471,0
DA:478,0
DA:479,0
DA:480,0
DA:487,0
DA:488,0
DA:489,0
DA:496,0
DA:503,0
DA:510,0
DA:511,0
DA:513,0
DA:520,0
DA:521,0
DA:522,0
DA:524,0
DA:528,0
DA:529,0
DA:530,0
DA:532,0
DA:536,0
DA:537,0
DA:538,0
DA:539,0
DA:542,0
DA:543,0
DA:550,0
DA:551,0
DA:554,0
DA:555,0
DA:557,0
DA:560,0
DA:562,0
DA:564,0
DA:566,0
DA:575,0
DA:577,0
DA:584,0
DA:585,0
DA:588,0
DA:595,0
DA:600,0
DA:605,0
DA:615,0
DA:616,0
DA:619,0
DA:621,0
DA:630,0
DA:632,0
DA:633,0
DA:634,0
DA:638,0
DA:642,0
DA:643,0
DA:647,0
DA:648,0
DA:649,0
DA:650,0
DA:651,0
DA:659,0
DA:661,0
DA:662,0
DA:663,0
DA:665,0
DA:669,0
DA:677,0
DA:678,0
DA:680,0
DA:681,0
DA:682,0
DA:683,0
DA:684,0
DA:685,0
DA:694,0
DA:707,0
DA:713,0
DA:714,0
DA:717,0
DA:718,0
DA:719,0
DA:721,0
DA:729,0
DA:730,0
DA:731,0
DA:736,0
DA:737,0
DA:738,0
DA:739,0
LF:246
LH:0
BRDA:85,0,0,0
BRDA:87,1,0,0
BRDA:88,2,0,0
BRDA:89,3,0,0
BRDA:90,4,0,0
BRDA:91,5,0,0
BRDA:95,6,0,0
BRDA:95,6,1,0
BRDA:95,7,0,0
BRDA:95,7,1,0
BRDA:101,8,0,0
BRDA:101,8,1,0
BRDA:113,9,0,0
BRDA:113,9,1,0
BRDA:118,10,0,0
BRDA:118,10,1,0
BRDA:126,11,0,0
BRDA:126,11,1,0
BRDA:128,12,0,0
BRDA:128,12,1,0
BRDA:146,13,0,0
BRDA:146,13,1,0
BRDA:146,13,2,0
BRDA:146,13,3,0
BRDA:146,13,4,0
BRDA:172,14,0,0
BRDA:172,14,1,0
BRDA:174,15,0,0
BRDA:174,15,1,0
BRDA:180,16,0,0
BRDA:180,16,1,0
BRDA:183,17,0,0
BRDA:183,17,1,0
BRDA:186,18,0,0
BRDA:186,18,1,0
BRDA:193,19,0,0
BRDA:193,19,1,0
BRDA:195,20,0,0
BRDA:195,20,1,0
BRDA:198,21,0,0
BRDA:198,21,1,0
BRDA:204,22,0,0
BRDA:204,22,1,0
BRDA:222,23,0,0
BRDA:222,23,1,0
BRDA:244,24,0,0
BRDA:244,24,1,0
BRDA:256,25,0,0
BRDA:265,26,0,0
BRDA:265,26,1,0
BRDA:272,27,0,0
BRDA:272,27,1,0
BRDA:272,27,2,0
BRDA:272,27,3,0
BRDA:272,27,4,0
BRDA:272,27,5,0
BRDA:296,28,0,0
BRDA:296,28,1,0
BRDA:296,28,2,0
BRDA:320,29,0,0
BRDA:320,29,1,0
BRDA:395,30,0,0
BRDA:395,30,1,0
BRDA:412,31,0,0
BRDA:412,31,1,0
BRDA:415,32,0,0
BRDA:415,32,1,0
BRDA:442,33,0,0
BRDA:442,33,1,0
BRDA:444,34,0,0
BRDA:444,34,1,0
BRDA:460,35,0,0
BRDA:460,35,1,0
BRDA:460,36,0,0
BRDA:460,36,1,0
BRDA:466,37,0,0
BRDA:466,37,1,0
BRDA:466,38,0,0
BRDA:466,38,1,0
BRDA:466,38,2,0
BRDA:496,39,0,0
BRDA:496,39,1,0
BRDA:503,40,0,0
BRDA:503,40,1,0
BRDA:536,41,0,0
BRDA:536,41,1,0
BRDA:537,42,0,0
BRDA:537,42,1,0
BRDA:550,43,0,0
BRDA:550,43,1,0
BRDA:557,44,0,0
BRDA:557,44,1,0
BRDA:557,44,2,0
BRDA:557,44,3,0
BRDA:557,44,4,0
BRDA:575,45,0,0
BRDA:575,45,1,0
BRDA:615,46,0,0
BRDA:615,46,1,0
BRDA:633,47,0,0
BRDA:633,47,1,0
BRDA:648,48,0,0
BRDA:648,48,1,0
BRDA:648,48,2,0
BRDA:661,49,0,0
BRDA:661,49,1,0
BRDA:681,50,0,0
BRDA:681,50,1,0
BRDA:682,51,0,0
BRDA:682,51,1,0
BRDA:736,52,0,0
BRDA:736,52,1,0
BRDA:736,53,0,0
BRDA:736,53,1,0
BRDA:738,54,0,0
BRDA:738,54,1,0
BRF:116
BRH:0
end_of_record
TN:
SF:js/character-3d-renderer.js
FN:8,(anonymous_0)
FN:92,(anonymous_1)
FN:121,(anonymous_2)
FN:171,(anonymous_3)
FN:198,(anonymous_4)
FN:239,(anonymous_5)
FN:255,(anonymous_6)
FN:265,(anonymous_7)
FN:275,(anonymous_8)
FN:282,(anonymous_9)
FN:289,(anonymous_10)
FN:296,(anonymous_11)
FN:303,(anonymous_12)
FN:310,(anonymous_13)
FN:313,(anonymous_14)
FN:331,(anonymous_15)
FN:347,(anonymous_16)
FN:353,(anonymous_17)
FNF:18
FNH:0
FNDA:0,(anonymous_0)
FNDA:0,(anonymous_1)
FNDA:0,(anonymous_2)
FNDA:0,(anonymous_3)
FNDA:0,(anonymous_4)
FNDA:0,(anonymous_5)
FNDA:0,(anonymous_6)
FNDA:0,(anonymous_7)
FNDA:0,(anonymous_8)
FNDA:0,(anonymous_9)
FNDA:0,(anonymous_10)
FNDA:0,(anonymous_11)
FNDA:0,(anonymous_12)
FNDA:0,(anonymous_13)
FNDA:0,(anonymous_14)
FNDA:0,(anonymous_15)
FNDA:0,(anonymous_16)
FNDA:0,(anonymous_17)
DA:9,0
DA:10,0
DA:11,0
DA:12,0
DA:13,0
DA:14,0
DA:17,0
DA:72,0
DA:79,0
DA:86,0
DA:93,0
DA:94,0
DA:95,0
DA:98,0
DA:100,0
DA:103,0
DA:104,0
DA:107,0
DA:109,0
DA:110,0
DA:113,0
DA:114,0
DA:122,0
DA:123,0
DA:124,0
DA:125,0
DA:128,0
DA:131,0
DA:134,0
DA:138,0
DA:141,0
DA:145,0
DA:146,0
DA:149,0
DA:150,0
DA:151,0
DA:152,0
DA:154,0
DA:157,0
DA:162,0
DA:163,0
DA:165,0
DA:172,0
DA:173,0
DA:175,0
DA:178,0
DA:185,0
DA:191,0
DA:199,0
DA:201,0
DA:203,0
DA:204,0
DA:210,0
DA:211,0
DA:216,0
DA:217,0
DA:218,0
DA:221,0
DA:224,0
DA:226,0
DA:227,0
DA:228,0
DA:231,0
DA:232,0
DA:240,0
DA:241,0
DA:242,0
DA:245,0
DA:246,0
DA:248,0
DA:249,0
DA:256,0
DA:257,0
DA:259,0
DA:266,0
DA:268,0
DA:269,0
DA:276,0
DA:283,0
DA:290,0
DA:297,0
DA:304,0
DA:311,0
DA:313,0
DA:314,0
DA:315,0
DA:316,0
DA:321,0
DA:333,0
DA:334,0
DA:335,0
DA:339,0
DA:342,0
DA:343,0
DA:344,0
DA:347,0
DA:348,0
DA:349,0
DA:351,0
DA:352,0
DA:353,0
DA:355,0
DA:362,0
DA:363,0
DA:364,0
DA:365,0
DA:367,0
DA:372,0
LF:108
LH:0
BRDA:93,0,0,0
BRDA:93,0,1,0
BRDA:93,1,0,0
BRDA:93,1,1,0
BRDA:123,2,0,0
BRDA:123,2,1,0
BRDA:175,3,0,0
BRDA:175,3,1,0
BRDA:175,4,0,0
BRDA:175,4,1,0
BRDA:240,5,0,0
BRDA:240,5,1,0
BRDA:266,6,0,0
BRDA:266,6,1,0
BRDA:266,7,0,0
BRDA:266,7,1,0
BRDA:290,8,0,0
BRDA:290,8,1,0
BRDA:314,9,0,0
BRDA:314,9,1,0
BRDA:314,10,0,0
BRDA:314,10,1,0
BRDA:316,11,0,0
BRDA:316,11,1,0
BRDA:333,12,0,0
BRDA:333,12,1,0
BRDA:343,13,0,0
BRDA:343,13,1,0
BRDA:343,14,0,0
BRDA:343,14,1,0
BRDA:348,15,0,0
BRDA:348,15,1,0
BRDA:351,16,0,0
BRDA:351,16,1,0
BRDA:352,17,0,0
BRDA:352,17,1,0
BRF:36
BRH:0
end_of_record
TN:
SF:js/character-3d-system.js
FN:8,(anonymous_0)
FN:26,(anonymous_1)
FN:78,(anonymous_2)
FN:133,(anonymous_3)
FN:183,(anonymous_4)
FN:184,(anonymous_5)
FN:185,(anonymous_6)
FN:199,(anonymous_7)
FN:200,(anonymous_8)
FN:201,(anonymous_9)
FN:215,(anonymous_10)
FN:224,(anonymous_11)
FN:231,(anonymous_12)
FN:238,(anonymous_13)
FN:245,(anonymous_14)
FN:252,(anonymous_15)
FN:259,(anonymous_16)
FN:281,(anonymous_17)
FN:314,(anonymous_18)
FNF:19
FNH:0
FNDA:0,(anonymous_0)
FNDA:0,(anonymous_1)
FNDA:0,(anonymous_2)
FNDA:0,(anonymous_3)
FNDA:0,(anonymous_4)
FNDA:0,(anonymous_5)
FNDA:0,(anonymous_6)
FNDA:0,(anonymous_7)
FNDA:0,(anonymous_8)
FNDA:0,(anonymous_9)
FNDA:0,(anonymous_10)
FNDA:0,(anonymous_11)
FNDA:0,(anonymous_12)
FNDA:0,(anonymous_13)
FNDA:0,(anonymous_14)
FNDA:0,(anonymous_15)
FNDA:0,(anonymous_16)
FNDA:0,(anonymous_17)
FNDA:0,(anonymous_18)
DA:9,0
DA:10,0
DA:11,0
DA:12,0
DA:13,0
DA:14,0
DA:15,0
DA:18,0
DA:20,0
DA:27,0
DA:28,0
DA:29,0
DA:32,0
DA:33,0
DA:34,0
DA:37,0
DA:39,0
DA:40,0
DA:44,0
DA:45,0
DA:46,0
DA:50,0
DA:53,0
DA:54,0
DA:57,0
DA:58,0
DA:59,0
DA:60,0
DA:63,0
DA:64,0
DA:66,0
DA:67,0
DA:70,0
DA:71,0
DA:79,0
DA:80,0
DA:81,0
DA:84,0
DA:85,0
DA:86,0
DA:89,0
DA:90,0
DA:91,0
DA:94,0
DA:95,0
DA:96,0
DA:99,0
DA:102,0
DA:104,0
DA:106,0
DA:108,0
DA:109,0
DA:110,0
DA:112,0
DA:113,0
DA:115,0
DA:116,0
DA:117,0
DA:118,0
DA:122,0
DA:123,0
DA:124,0
DA:125,0
DA:126,0
DA:134,0
DA:135,0
DA:136,0
DA:139,0
DA:140,0
DA:141,0
DA:144,0
DA:145,0
DA:146,0
DA:149,0
DA:150,0
DA:151,0
DA:154,0
DA:156,0
DA:158,0
DA:160,0
DA:161,0
DA:162,0
DA:164,0
DA:165,0
DA:167,0
DA:168,0
DA:169,0
DA:173,0
DA:174,0
DA:175,0
DA:176,0
DA:184,0
DA:185,0
DA:186,0
DA:187,0
DA:189,0
DA:192,0
DA:200,0
DA:201,0
DA:202,0
DA:203,0
DA:205,0
DA:208,0
DA:216,0
DA:217,0
DA:225,0
DA:232,0
DA:239,0
DA:246,0
DA:253,0
DA:260,0
DA:261,0
DA:264,0
DA:265,0
DA:268,0
DA:269,0
DA:270,0
DA:273,0
DA:275,0
DA:283,0
DA:286,0
DA:287,0
DA:288,0
DA:291,0
DA:292,0
DA:293,0
DA:297,0
DA:298,0
DA:299,0
DA:303,0
DA:304,0
DA:305,0
DA:306,0
DA:308,0
DA:315,0
DA:327,0
LF:136
LH:0
BRDA:27,0,0,0
BRDA:27,0,1,0
BRDA:27,1,0,0
BRDA:27,1,1,0
BRDA:32,2,0,0
BRDA:32,2,1,0
BRDA:39,3,0,0
BRDA:39,3,1,0
BRDA:39,4,0,0
BRDA:39,4,1,0
BRDA:44,5,0,0
BRDA:44,5,1,0
BRDA:44,6,0,0
BRDA:44,6,1,0
BRDA:58,7,0,0
BRDA:58,7,1,0
BRDA:79,8,0,0
BRDA:79,8,1,0
BRDA:79,9,0,0
BRDA:79,9,1,0
BRDA:84,10,0,0
BRDA:84,10,1,0
BRDA:89,11,0,0
BRDA:89,11,1,0
BRDA:104,12,0,0
BRDA:104,12,1,0
BRDA:134,13,0,0
BRDA:134,13,1,0
BRDA:134,14,0,0
BRDA:134,14,1,0
BRDA:139,15,0,0
BRDA:139,15,1,0
BRDA:144,16,0,0
BRDA:144,16,1,0
BRDA:156,17,0,0
BRDA:156,17,1,0
BRDA:186,18,0,0
BRDA:186,18,1,0
BRDA:202,19,0,0
BRDA:202,19,1,0
BRDA:216,20,0,0
BRDA:216,20,1,0
BRDA:216,21,0,0
BRDA:216,21,1,0
BRDA:239,22,0,0
BRDA:239,22,1,0
BRDA:260,23,0,0
BRDA:260,23,1,0
BRDA:264,24,0,0
BRDA:264,24,1,0
BRDA:286,25,0,0
BRDA:286,25,1,0
BRDA:291,26,0,0
BRDA:291,26,1,0
BRDA:297,27,0,0
BRDA:297,27,1,0
BRDA:320,28,0,0
BRDA:320,28,1,0
BRDA:321,29,0,0
BRDA:321,29,1,0
BRF:60
BRH:0
end_of_record
TN:
SF:js/character-asset-processor.js
FN:7,(anonymous_0)
FN:45,(anonymous_1)
FN:68,(anonymous_2)
FN:73,(anonymous_3)
FN:87,(anonymous_4)
FN:142,(anonymous_5)
FN:170,(anonymous_6)
FN:194,(anonymous_7)
FN:262,(anonymous_8)
FN:299,(anonymous_9)
FN:325,(anonymous_10)
FN:351,(anonymous_11)
FN:393,(anonymous_12)
FN:405,(anonymous_13)
FN:413,(anonymous_14)
FN:420,(anonymous_15)
FN:441,(anonymous_16)
FNF:17
FNH:0
FNDA:0,(anonymous_0)
FNDA:0,(anonymous_1)
FNDA:0,(anonymous_2)
FNDA:0,(anonymous_3)
FNDA:0,(anonymous_4)
FNDA:0,(anonymous_5)
FNDA:0,(anonymous_6)
FNDA:0,(anonymous_7)
FNDA:0,(anonymous_8)
FNDA:0,(anonymous_9)
FNDA:0,(anonymous_10)
FNDA:0,(anonymous_11)
FNDA:0,(anonymous_12)
FNDA:0,(anonymous_13)
FNDA:0,(anonymous_14)
FNDA:0,(anonymous_15)
FNDA:0,(anonymous_16)
DA:8,0
DA:9,0
DA:10,0
DA:11,0
DA:14,0
DA:46,0
DA:48,0
DA:50,0
DA:51,0
DA:54,0
DA:56,0
DA:57,0
DA:60,0
DA:61,0
DA:69,0
DA:70,0
DA:73,0
DA:74,0
DA:75,0
DA:78,0
DA:80,0
DA:81,0
DA:88,0
DA:89,0
DA:92,0
DA:94,0
DA:95,0
DA:98,0
DA:100,0
DA:102,0
DA:104,0
DA:105,0
DA:109,0
DA:112,0
DA:115,0
DA:117,0
DA:119,0
DA:130,0
DA:131,0
DA:143,0
DA:144,0
DA:145,0
DA:148,0
DA:149,0
DA:151,0
DA:152,0
DA:153,0
DA:154,0
DA:155,0
DA:159,0
DA:160,0
DA:163,0
DA:171,0
DA:173,0
DA:174,0
DA:177,0
DA:180,0
DA:183,0
DA:186,0
DA:188,0
DA:195,0
DA:214,0
DA:253,0
DA:263,0
DA:293,0
DA:300,0
DA:326,0
DA:352,0
DA:354,0
DA:394,0
DA:397,0
DA:399,0
DA:407,0
DA:414,0
DA:421,0
DA:423,0
DA:424,0
DA:428,0
DA:435,0
DA:442,0
DA:443,0
DA:444,0
DA:447,0
DA:448,0
DA:454,0
DA:459,0
DA:460,0
DA:461,0
DA:462,0
LF:89
LH:0
BRDA:69,0,0,0
BRDA:69,0,1,0
BRDA:88,1,0,0
BRDA:88,1,1,0
BRDA:94,2,0,0
BRDA:94,2,1,0
BRDA:104,3,0,0
BRDA:104,3,1,0
BRDA:143,4,0,0
BRDA:143,4,1,0
BRDA:153,5,0,0
BRDA:153,5,1,0
BRDA:255,6,0,0
BRDA:255,6,1,0
BRDA:293,7,0,0
BRDA:293,7,1,0
BRDA:424,8,0,0
BRDA:424,8,1,0
BRDA:443,9,0,0
BRDA:443,9,1,0
BRDA:447,10,0,0
BRDA:447,10,1,0
BRDA:459,11,0,0
BRDA:459,11,1,0
BRDA:459,12,0,0
BRDA:459,12,1,0
BRDA:461,13,0,0
BRDA:461,13,1,0
BRF:28
BRH:0
end_of_record
TN:
SF:js/character-emergence-animator.js
FN:8,(anonymous_0)
FN:46,(anonymous_1)
FN:83,(anonymous_2)
FN:118,(anonymous_3)
FN:140,(anonymous_4)
FN:214,(anonymous_5)
FN:215,(anonymous_6)
FN:241,(anonymous_7)
FN:263,(anonymous_8)
FN:291,(anonymous_9)
FN:303,(anonymous_10)
FN:314,(anonymous_11)
FN:327,(anonymous_12)
FN:349,(anonymous_13)
FN:366,(anonymous_14)
FN:373,(anonymous_15)
FN:384,(anonymous_16)
FNF:17
FNH:0
FNDA:0,(anonymous_0)
FNDA:0,(anonymous_1)
FNDA:0,(anonymous_2)
FNDA:0,(anonymous_3)
FNDA:0,(anonymous_4)
FNDA:0,(anonymous_5)
FNDA:0,(anonymous_6)
FNDA:0,(anonymous_7)
FNDA:0,(anonymous_8)
FNDA:0,(anonymous_9)
FNDA:0,(anonymous_10)
FNDA:0,(anonymous_11)
FNDA:0,(anonymous_12)
FNDA:0,(anonymous_13)
FNDA:0,(anonymous_14)
FNDA:0,(anonymous_15)
FNDA:0,(anonymous_16)
DA:9,0
DA:10,0
DA:11,0
DA:12,0
DA:13,0
DA:14,0
DA:17,0
DA:25,0
DA:38,0
DA:40,0
DA:47,0
DA:48,0
DA:49,0
DA:52,0
DA:54,0
DA:57,0
DA:60,0
DA:63,0
DA:64,0
DA:66,0
DA:69,0
DA:71,0
DA:74,0
DA:75,0
DA:76,0
DA:84,0
DA:85,0
DA:87,0
DA:88,0
DA:89,0
DA:93,0
DA:94,0
DA:96,0
DA:97,0
DA:100,0
DA:103,0
DA:106,0
DA:109,0
DA:110,0
DA:112,0
DA:120,0
DA:121,0
DA:125,0
DA:126,0
DA:129,0
DA:132,0
DA:134,0
DA:141,0
DA:142,0
DA:145,0
DA:146,0
DA:149,0
DA:150,0
DA:151,0
DA:152,0
DA:153,0
DA:156,0
DA:157,0
DA:160,0
DA:161,0
DA:162,0
DA:165,0
DA:166,0
DA:167,0
DA:169,0
DA:170,0
DA:171,0
DA:174,0
DA:175,0
DA:176,0
DA:177,0
DA:178,0
DA:181,0
DA:182,0
DA:186,0
DA:187,0
DA:188,0
DA:189,0
DA:190,0
DA:193,0
DA:202,0
DA:205,0
DA:206,0
DA:208,0
DA:215,0
DA:216,0
DA:218,0
DA:219,0
DA:220,0
DA:223,0
DA:224,0
DA:225,0
DA:228,0
DA:229,0
DA:231,0
DA:235,0
DA:242,0
DA:244,0
DA:246,0
DA:249,0
DA:252,0
DA:253,0
DA:256,0
DA:264,0
DA:266,0
DA:268,0
DA:269,0
DA:270,0
DA:271,0
DA:274,0
DA:275,0
DA:276,0
DA:277,0
DA:280,0
DA:283,0
DA:284,0
DA:292,0
DA:294,0
DA:295,0
DA:298,0
DA:299,0
DA:302,0
DA:303,0
DA:304,0
DA:305,0
DA:315,0
DA:317,0
DA:328,0
DA:331,0
DA:332,0
DA:333,0
DA:336,0
DA:338,0
DA:341,0
DA:350,0
DA:351,0
DA:352,0
DA:355,0
DA:356,0
DA:358,0
DA:359,0
DA:367,0
DA:374,0
DA:375,0
DA:376,0
DA:377,0
DA:385,0
DA:386,0
DA:388,0
DA:389,0
DA:391,0
DA:396,0
LF:152
LH:0
BRDA:47,0,0,0
BRDA:47,0,1,0
BRDA:87,1,0,0
BRDA:87,1,1,0
BRDA:87,2,0,0
BRDA:87,2,1,0
BRDA:120,3,0,0
BRDA:120,3,1,0
BRDA:142,4,0,0
BRDA:142,4,1,0
BRDA:216,5,0,0
BRDA:216,5,1,0
BRDA:228,6,0,0
BRDA:228,6,1,0
BRDA:244,7,0,0
BRDA:244,7,1,0
BRDA:244,8,0,0
BRDA:244,8,1,0
BRDA:264,9,0,0
BRDA:264,9,1,0
BRDA:268,10,0,0
BRDA:268,10,1,0
BRDA:268,11,0,0
BRDA:268,11,1,0
BRDA:294,12,0,0
BRDA:294,12,1,0
BRDA:294,13,0,0
BRDA:294,13,1,0
BRDA:299,14,0,0
BRDA:299,14,1,0
BRDA:304,15,0,0
BRDA:304,15,1,0
BRDA:304,16,0,0
BRDA:304,16,1,0
BRDA:317,17,0,0
BRDA:317,17,1,0
BRDA:319,18,0,0
BRDA:319,18,1,0
BRDA:350,19,0,0
BRDA:350,19,1,0
BRDA:374,20,0,0
BRDA:374,20,1,0
BRF:42
BRH:0
end_of_record
TN:
SF:js/character-return-animator.js
FN:8,(anonymous_0)
FN:41,(anonymous_1)
FN:83,(anonymous_2)
FN:119,(anonymous_3)
FN:136,(anonymous_4)
FN:223,(anonymous_5)
FN:224,(anonymous_6)
FN:251,(anonymous_7)
FN:259,(anonymous_8)
FN:270,(anonymous_9)
FN:288,(anonymous_10)
FN:291,(anonymous_11)
FN:309,(anonymous_12)
FN:324,(anonymous_13)
FN:365,(anonymous_14)
FN:372,(anonymous_15)
FN:385,(anonymous_16)
FN:388,(anonymous_17)
FN:418,(anonymous_18)
FN:435,(anonymous_19)
FN:442,(anonymous_20)
FN:458,(anonymous_21)
FNF:22
FNH:0
FNDA:0,(anonymous_0)
FNDA:0,(anonymous_1)
FNDA:0,(anonymous_2)
FNDA:0,(anonymous_3)
FNDA:0,(anonymous_4)
FNDA:0,(anonymous_5)
FNDA:0,(anonymous_6)
FNDA:0,(anonymous_7)
FNDA:0,(anonymous_8)
FNDA:0,(anonymous_9)
FNDA:0,(anonymous_10)
FNDA:0,(anonymous_11)
FNDA:0,(anonymous_12)
FNDA:0,(anonymous_13)
FNDA:0,(anonymous_14)
FNDA:0,(anonymous_15)
FNDA:0,(anonymous_16)
FNDA:0,(anonymous_17)
FNDA:0,(anonymous_18)
FNDA:0,(anonymous_19)
FNDA:0,(anonymous_20)
FNDA:0,(anonymous_21)
DA:9,0
DA:10,0
DA:11,0
DA:12,0
DA:13,0
DA:14,0
DA:17,0
DA:25,0
DA:33,0
DA:35,0
DA:42,0
DA:43,0
DA:44,0
DA:47,0
DA:48,0
DA:49,0
DA:52,0
DA:54,0
DA:57,0
DA:60,0
DA:63,0
DA:64,0
DA:66,0
DA:69,0
DA:71,0
DA:74,0
DA:75,0
DA:76,0
DA:84,0
DA:85,0
DA:87,0
DA:88,0
DA:89,0
DA:93,0
DA:94,0
DA:96,0
DA:97,0
DA:100,0
DA:103,0
DA:106,0
DA:109,0
DA:110,0
DA:111,0
DA:113,0
DA:120,0
DA:123,0
DA:124,0
DA:127,0
DA:128,0
DA:130,0
DA:137,0
DA:138,0
DA:141,0
DA:142,0
DA:143,0
DA:146,0
DA:147,0
DA:149,0
DA:150,0
DA:151,0
DA:152,0
DA:153,0
DA:156,0
DA:162,0
DA:165,0
DA:166,0
DA:169,0
DA:170,0
DA:171,0
DA:174,0
DA:175,0
DA:176,0
DA:178,0
DA:179,0
DA:180,0
DA:183,0
DA:184,0
DA:185,0
DA:186,0
DA:187,0
DA:190,0
DA:191,0
DA:195,0
DA:196,0
DA:197,0
DA:198,0
DA:199,0
DA:202,0
DA:211,0
DA:214,0
DA:215,0
DA:217,0
DA:224,0
DA:225,0
DA:227,0
DA:228,0
DA:229,0
DA:232,0
DA:233,0
DA:234,0
DA:235,0
DA:238,0
DA:239,0
DA:241,0
DA:245,0
DA:252,0
DA:254,0
DA:255,0
DA:258,0
DA:259,0
DA:260,0
DA:261,0
DA:271,0
DA:273,0
DA:274,0
DA:277,0
DA:278,0
DA:281,0
DA:282,0
DA:285,0
DA:288,0
DA:289,0
DA:290,0
DA:291,0
DA:292,0
DA:293,0
DA:294,0
DA:297,0
DA:298,0
DA:299,0
DA:310,0
DA:312,0
DA:313,0
DA:316,0
DA:317,0
DA:325,0
DA:327,0
DA:329,0
DA:330,0
DA:333,0
DA:336,0
DA:337,0
DA:338,0
DA:340,0
DA:342,0
DA:343,0
DA:344,0
DA:347,0
DA:348,0
DA:350,0
DA:352,0
DA:353,0
DA:354,0
DA:358,0
DA:366,0
DA:373,0
DA:376,0
DA:379,0
DA:380,0
DA:381,0
DA:382,0
DA:385,0
DA:386,0
DA:387,0
DA:388,0
DA:389,0
DA:390,0
DA:391,0
DA:394,0
DA:395,0
DA:396,0
DA:402,0
DA:405,0
DA:407,0
DA:410,0
DA:419,0
DA:420,0
DA:421,0
DA:424,0
DA:425,0
DA:427,0
DA:428,0
DA:436,0
DA:443,0
DA:444,0
DA:445,0
DA:448,0
DA:449,0
DA:451,0
DA:459,0
DA:460,0
DA:462,0
DA:463,0
DA:465,0
DA:470,0
LF:195
LH:0
BRDA:42,0,0,0
BRDA:42,0,1,0
BRDA:47,1,0,0
BRDA:47,1,1,0
BRDA:87,2,0,0
BRDA:87,2,1,0
BRDA:87,3,0,0
BRDA:87,3,1,0
BRDA:162,4,0,0
BRDA:162,4,1,0
BRDA:225,5,0,0
BRDA:225,5,1,0
BRDA:238,6,0,0
BRDA:238,6,1,0
BRDA:254,7,0,0
BRDA:254,7,1,0
BRDA:254,8,0,0
BRDA:254,8,1,0
BRDA:260,9,0,0
BRDA:260,9,1,0
BRDA:260,10,0,0
BRDA:260,10,1,0
BRDA:273,11,0,0
BRDA:273,11,1,0
BRDA:273,12,0,0
BRDA:273,12,1,0
BRDA:289,13,0,0
BRDA:289,13,1,0
BRDA:290,14,0,0
BRDA:290,14,1,0
BRDA:292,15,0,0
BRDA:292,15,1,0
BRDA:297,16,0,0
BRDA:297,16,1,0
BRDA:312,17,0,0
BRDA:312,17,1,0
BRDA:312,18,0,0
BRDA:312,18,1,0
BRDA:325,19,0,0
BRDA:325,19,1,0
BRDA:329,20,0,0
BRDA:329,20,1,0
BRDA:329,21,0,0
BRDA:329,21,1,0
BRDA:350,22,0,0
BRDA:350,22,1,0
BRDA:386,23,0,0
BRDA:386,23,1,0
BRDA:387,24,0,0
BRDA:387,24,1,0
BRDA:389,25,0,0
BRDA:389,25,1,0
BRDA:394,26,0,0
BRDA:394,26,1,0
BRDA:419,27,0,0
BRDA:419,27,1,0
BRDA:443,28,0,0
BRDA:443,28,1,0
BRF:58
BRH:0
end_of_record
TN:
SF:js/cinematic-camera-system.js
FN:8,(anonymous_0)
FN:225,(anonymous_1)
FN:238,(anonymous_2)
FN:271,(anonymous_3)
FN:305,(anonymous_4)
FN:322,(anonymous_5)
FN:348,(anonymous_6)
FN:386,(anonymous_7)
FN:421,(anonymous_8)
FN:453,(anonymous_9)
FN:483,(anonymous_10)
FN:510,(anonymous_11)
FN:536,(anonymous_12)
FN:563,(anonymous_13)
FN:568,(anonymous_14)
FN:581,(anonymous_15)
FN:607,(anonymous_16)
FN:623,(anonymous_17)
FN:641,(anonymous_18)
FN:670,(anonymous_19)
FN:702,(anonymous_20)
FN:703,(anonymous_21)
FN:711,(anonymous_22)
FN:724,(anonymous_23)
FN:757,(anonymous_24)
FN:766,(anonymous_25)
FN:768,(anonymous_26)
FN:769,(anonymous_27)
FN:776,(anonymous_28)
FN:784,(anonymous_29)
FN:792,(anonymous_30)
FN:801,(anonymous_31)
FN:811,(anonymous_32)
FN:819,(anonymous_33)
FNF:34
FNH:0
FNDA:0,(anonymous_0)
FNDA:0,(anonymous_1)
FNDA:0,(anonymous_2)
FNDA:0,(anonymous_3)
FNDA:0,(anonymous_4)
FNDA:0,(anonymous_5)
FNDA:0,(anonymous_6)
FNDA:0,(anonymous_7)
FNDA:0,(anonymous_8)
FNDA:0,(anonymous_9)
FNDA:0,(anonymous_10)
FNDA:0,(anonymous_11)
FNDA:0,(anonymous_12)
FNDA:0,(anonymous_13)
FNDA:0,(anonymous_14)
FNDA:0,(anonymous_15)
FNDA:0,(anonymous_16)
FNDA:0,(anonymous_17)
FNDA:0,(anonymous_18)
FNDA:0,(anonymous_19)
FNDA:0,(anonymous_20)
FNDA:0,(anonymous_21)
FNDA:0,(anonymous_22)
FNDA:0,(anonymous_23)
FNDA:0,(anonymous_24)
FNDA:0,(anonymous_25)
FNDA:0,(anonymous_26)
FNDA:0,(anonymous_27)
FNDA:0,(anonymous_28)
FNDA:0,(anonymous_29)
FNDA:0,(anonymous_30)
FNDA:0,(anonymous_31)
FNDA:0,(anonymous_32)
FNDA:0,(anonymous_33)
DA:9,0
DA:10,0
DA:11,0
DA:12,0
DA:13,0
DA:14,0
DA:17,0
DA:25,0
DA:112,0
DA:194,0
DA:207,0
DA:226,0
DA:229,0
DA:230,0
DA:239,0
DA:240,0
DA:241,0
DA:244,0
DA:246,0
DA:248,0
DA:250,0
DA:251,0
DA:255,0
DA:258,0
DA:260,0
DA:263,0
DA:272,0
DA:273,0
DA:276,0
DA:278,0
DA:280,0
DA:283,0
DA:286,0
DA:287,0
DA:290,0
DA:291,0
DA:293,0
DA:296,0
DA:306,0
DA:307,0
DA:309,0
DA:310,0
DA:311,0
DA:314,0
DA:323,0
DA:326,0
DA:327,0
DA:330,0
DA:331,0
DA:334,0
DA:337,0
DA:338,0
DA:349,0
DA:350,0
DA:352,0
DA:353,0
DA:354,0
DA:356,0
DA:359,0
DA:374,0
DA:377,0
DA:387,0
DA:389,0
DA:391,0
DA:392,0
DA:395,0
DA:396,0
DA:399,0
DA:400,0
DA:403,0
DA:404,0
DA:407,0
DA:408,0
DA:411,0
DA:422,0
DA:426,0
DA:427,0
DA:429,0
DA:443,0
DA:444,0
DA:454,0
DA:456,0
DA:474,0
DA:475,0
DA:484,0
DA:485,0
DA:487,0
DA:501,0
DA:502,0
DA:511,0
DA:512,0
DA:514,0
DA:528,0
DA:529,0
DA:537,0
DA:539,0
DA:554,0
DA:557,0
DA:564,0
DA:565,0
DA:568,0
DA:569,0
DA:570,0
DA:571,0
DA:575,0
DA:582,0
DA:583,0
DA:586,0
DA:589,0
DA:590,0
DA:591,0
DA:592,0
DA:594,0
DA:598,0
DA:599,0
DA:608,0
DA:611,0
DA:612,0
DA:613,0
DA:615,0
DA:616,0
DA:624,0
DA:627,0
DA:628,0
DA:630,0
DA:643,0
DA:650,0
DA:656,0
DA:659,0
DA:661,0
DA:671,0
DA:673,0
DA:678,0
DA:681,0
DA:682,0
DA:683,0
DA:686,0
DA:691,0
DA:694,0
DA:703,0
DA:704,0
DA:712,0
DA:714,0
DA:715,0
DA:716,0
DA:725,0
DA:726,0
DA:727,0
DA:728,0
DA:730,0
DA:744,0
DA:745,0
DA:748,0
DA:749,0
DA:750,0
DA:758,0
DA:767,0
DA:768,0
DA:769,0
DA:777,0
DA:785,0
DA:793,0
DA:802,0
DA:803,0
DA:812,0
DA:813,0
DA:820,0
DA:822,0
DA:823,0
DA:826,0
DA:831,0
DA:832,0
DA:833,0
DA:834,0
DA:837,0
LF:175
LH:0
BRDA:229,0,0,0
BRDA:229,0,1,0
BRDA:239,1,0,0
BRDA:239,1,1,0
BRDA:250,2,0,0
BRDA:250,2,1,0
BRDA:271,3,0,0
BRDA:272,4,0,0
BRDA:272,4,1,0
BRDA:286,5,0,0
BRDA:286,5,1,0
BRDA:306,6,0,0
BRDA:306,6,1,0
BRDA:309,7,0,0
BRDA:309,7,1,0
BRDA:326,8,0,0
BRDA:326,8,1,0
BRDA:330,9,0,0
BRDA:330,9,1,0
BRDA:337,10,0,0
BRDA:337,10,1,0
BRDA:389,11,0,0
BRDA:389,11,1,0
BRDA:389,11,2,0
BRDA:389,11,3,0
BRDA:389,11,4,0
BRDA:389,11,5,0
BRDA:537,12,0,0
BRDA:537,12,1,0
BRDA:537,13,0,0
BRDA:537,13,1,0
BRDA:564,14,0,0
BRDA:564,14,1,0
BRDA:569,15,0,0
BRDA:569,15,1,0
BRDA:589,16,0,0
BRDA:589,16,1,0
BRDA:591,17,0,0
BRDA:591,17,1,0
BRDA:598,18,0,0
BRDA:598,18,1,0
BRDA:671,19,0,0
BRDA:671,19,1,0
BRDA:671,19,2,0
BRDA:671,19,3,0
BRDA:671,19,4,0
BRDA:671,19,5,0
BRDA:673,20,0,0
BRDA:673,20,1,0
BRDA:686,21,0,0
BRDA:686,21,1,0
BRDA:714,22,0,0
BRDA:714,22,1,0
BRDA:822,23,0,0
BRDA:822,23,1,0
BRDA:831,24,0,0
BRDA:831,24,1,0
BRDA:831,25,0,0
BRDA:831,25,1,0
BRDA:833,26,0,0
BRDA:833,26,1,0
BRF:61
BRH:0
end_of_record
TN:
SF:js/cinematic-orchestration-system.js
FN:8,(anonymous_0)
FN:45,(anonymous_1)
FN:99,(anonymous_2)
FN:134,(anonymous_3)
FN:248,(anonymous_4)
FN:252,(anonymous_5)
FN:253,(anonymous_6)
FN:267,(anonymous_7)
FN:275,(anonymous_8)
FN:276,(anonymous_9)
FN:291,(anonymous_10)
FN:334,(anonymous_11)
FN:363,(anonymous_12)
FN:391,(anonymous_13)
FN:425,(anonymous_14)
FN:449,(anonymous_15)
FN:450,(anonymous_16)
FN:458,(anonymous_17)
FN:459,(anonymous_18)
FN:467,(anonymous_19)
FN:470,(anonymous_20)
FN:511,(anonymous_21)
FN:519,(anonymous_22)
FN:521,(anonymous_23)
FN:525,(anonymous_24)
FN:537,(anonymous_25)
FN:554,(anonymous_26)
FN:572,(anonymous_27)
FN:592,(anonymous_28)
FN:610,(anonymous_29)
FN:630,(anonymous_30)
FN:637,(anonymous_31)
FN:643,(anonymous_32)
FN:644,(anonymous_33)
FNF:34
FNH:0
FNDA:0,(anonymous_0)
FNDA:0,(anonymous_1)
FNDA:0,(anonymous_2)
FNDA:0,(anonymous_3)
FNDA:0,(anonymous_4)
FNDA:0,(anonymous_5)
FNDA:0,(anonymous_6)
FNDA:0,(anonymous_7)
FNDA:0,(anonymous_8)
FNDA:0,(anonymous_9)
FNDA:0,(anonymous_10)
FNDA:0,(anonymous_11)
FNDA:0,(anonymous_12)
FNDA:0,(anonymous_13)
FNDA:0,(anonymous_14)
FNDA:0,(anonymous_15)
FNDA:0,(anonymous_16)
FNDA:0,(anonymous_17)
FNDA:0,(anonymous_18)
FNDA:0,(anonymous_19)
FNDA:0,(anonymous_20)
FNDA:0,(anonymous_21)
FNDA:0,(anonymous_22)
FNDA:0,(anonymous_23)
FNDA:0,(anonymous_24)
FNDA:0,(anonymous_25)
FNDA:0,(anonymous_26)
FNDA:0,(anonymous_27)
FNDA:0,(anonymous_28)
FNDA:0,(anonymous_29)
FNDA:0,(anonymous_30)
FNDA:0,(anonymous_31)
FNDA:0,(anonymous_32)
FNDA:0,(anonymous_33)
DA:9,0
DA:10,0
DA:11,0
DA:12,0
DA:15,0
DA:16,0
DA:17,0
DA:18,0
DA:19,0
DA:22,0
DA:23,0
DA:24,0
DA:25,0
DA:28,0
DA:36,0
DA:38,0
DA:46,0
DA:48,0
DA:49,0
DA:50,0
DA:52,0
DA:53,0
DA:57,0
DA:58,0
DA:59,0
DA:61,0
DA:62,0
DA:66,0
DA:67,0
DA:68,0
DA:70,0
DA:71,0
DA:72,0
DA:76,0
DA:77,0
DA:80,0
DA:81,0
DA:85,0
DA:87,0
DA:90,0
DA:91,0
DA:100,0
DA:101,0
DA:102,0
DA:105,0
DA:107,0
DA:108,0
DA:110,0
DA:112,0
DA:115,0
DA:118,0
DA:120,0
DA:123,0
DA:124,0
DA:126,0
DA:135,0
DA:136,0
DA:138,0
DA:242,0
DA:249,0
DA:252,0
DA:253,0
DA:254,0
DA:256,0
DA:257,0
DA:259,0
DA:263,0
DA:267,0
DA:268,0
DA:276,0
DA:277,0
DA:278,0
DA:280,0
DA:284,0
DA:294,0
DA:296,0
DA:297,0
DA:299,0
DA:300,0
DA:302,0
DA:303,0
DA:305,0
DA:306,0
DA:308,0
DA:309,0
DA:311,0
DA:312,0
DA:315,0
DA:316,0
DA:317,0
DA:320,0
DA:321,0
DA:322,0
DA:323,0
DA:325,0
DA:335,0
DA:336,0
DA:339,0
DA:357,0
DA:364,0
DA:367,0
DA:370,0
DA:373,0
DA:376,0
DA:377,0
DA:378,0
DA:381,0
DA:385,0
DA:392,0
DA:395,0
DA:398,0
DA:399,0
DA:400,0
DA:403,0
DA:404,0
DA:407,0
DA:408,0
DA:412,0
DA:416,0
DA:426,0
DA:429,0
DA:430,0
DA:434,0
DA:435,0
DA:439,0
DA:440,0
DA:443,0
DA:450,0
DA:451,0
DA:459,0
DA:460,0
DA:468,0
DA:470,0
DA:471,0
DA:473,0
DA:474,0
DA:477,0
DA:478,0
DA:481,0
DA:482,0
DA:486,0
DA:487,0
DA:488,0
DA:494,0
DA:495,0
DA:496,0
DA:502,0
DA:505,0
DA:513,0
DA:521,0
DA:522,0
DA:525,0
DA:526,0
DA:529,0
DA:538,0
DA:546,0
DA:555,0
DA:557,0
DA:558,0
DA:561,0
DA:562,0
DA:564,0
DA:573,0
DA:575,0
DA:577,0
DA:578,0
DA:579,0
DA:580,0
DA:581,0
DA:585,0
DA:593,0
DA:611,0
DA:612,0
DA:615,0
DA:617,0
DA:618,0
DA:619,0
DA:623,0
DA:631,0
DA:638,0
DA:639,0
DA:643,0
DA:644,0
DA:645,0
DA:649,0
DA:652,0
DA:653,0
DA:656,0
DA:657,0
DA:660,0
DA:665,0
DA:666,0
DA:667,0
DA:668,0
DA:671,0
LF:195
LH:0
BRDA:48,0,0,0
BRDA:48,0,1,0
BRDA:57,1,0,0
BRDA:57,1,1,0
BRDA:66,2,0,0
BRDA:66,2,1,0
BRDA:80,3,0,0
BRDA:80,3,1,0
BRDA:80,4,0,0
BRDA:80,4,1,0
BRDA:80,4,2,0
BRDA:100,5,0,0
BRDA:100,5,1,0
BRDA:136,6,0,0
BRDA:136,6,1,0
BRDA:294,7,0,0
BRDA:294,7,1,0
BRDA:294,7,2,0
BRDA:294,7,3,0
BRDA:294,7,4,0
BRDA:294,7,5,0
BRDA:315,8,0,0
BRDA:315,8,1,0
BRDA:321,9,0,0
BRDA:321,9,1,0
BRDA:323,10,0,0
BRDA:323,10,1,0
BRDA:335,11,0,0
BRDA:335,11,1,0
BRDA:336,12,0,0
BRDA:336,12,1,0
BRDA:357,13,0,0
BRDA:357,13,1,0
BRDA:399,14,0,0
BRDA:399,14,1,0
BRDA:403,15,0,0
BRDA:403,15,1,0
BRDA:407,16,0,0
BRDA:407,16,1,0
BRDA:429,17,0,0
BRDA:429,17,1,0
BRDA:434,18,0,0
BRDA:434,18,1,0
BRDA:439,19,0,0
BRDA:439,19,1,0
BRDA:471,20,0,0
BRDA:471,20,1,0
BRDA:481,21,0,0
BRDA:481,21,1,0
BRDA:486,22,0,0
BRDA:486,22,1,0
BRDA:494,23,0,0
BRDA:494,23,1,0
BRDA:537,24,0,0
BRDA:557,25,0,0
BRDA:557,25,1,0
BRDA:577,26,0,0
BRDA:577,26,1,0
BRDA:580,27,0,0
BRDA:580,27,1,0
BRDA:595,28,0,0
BRDA:595,28,1,0
BRDA:599,29,0,0
BRDA:599,29,1,0
BRDA:600,30,0,0
BRDA:600,30,1,0
BRDA:601,31,0,0
BRDA:601,31,1,0
BRDA:611,32,0,0
BRDA:611,32,1,0
BRDA:611,33,0,0
BRDA:611,33,1,0
BRDA:615,34,0,0
BRDA:615,34,1,0
BRDA:618,35,0,0
BRDA:618,35,1,0
BRDA:638,36,0,0
BRDA:638,36,1,0
BRDA:652,37,0,0
BRDA:652,37,1,0
BRDA:656,38,0,0
BRDA:656,38,1,0
BRDA:665,39,0,0
BRDA:665,39,1,0
BRDA:665,40,0,0
BRDA:665,40,1,0
BRDA:667,41,0,0
BRDA:667,41,1,0
BRF:88
BRH:0
end_of_record
TN:
SF:js/dialogue-synchronization-system.js
FN:8,(anonymous_0)
FN:169,(anonymous_1)
FN:180,(anonymous_2)
FN:217,(anonymous_3)
FN:231,(anonymous_4)
FN:259,(anonymous_5)
FN:289,(anonymous_6)
FN:307,(anonymous_7)
FN:311,(anonymous_8)
FN:312,(anonymous_9)
FN:327,(anonymous_10)
FN:330,(anonymous_11)
FN:331,(anonymous_12)
FN:354,(anonymous_13)
FN:366,(anonymous_14)
FN:369,(anonymous_15)
FN:370,(anonymous_16)
FN:375,(anonymous_17)
FN:387,(anonymous_18)
FN:405,(anonymous_19)
FN:419,(anonymous_20)
FN:436,(anonymous_21)
FN:447,(anonymous_22)
FN:448,(anonymous_23)
FN:456,(anonymous_24)
FN:474,(anonymous_25)
FN:490,(anonymous_26)
FN:498,(anonymous_27)
FN:515,(anonymous_28)
FN:525,(anonymous_29)
FNF:30
FNH:0
FNDA:0,(anonymous_0)
FNDA:0,(anonymous_1)
FNDA:0,(anonymous_2)
FNDA:0,(anonymous_3)
FNDA:0,(anonymous_4)
FNDA:0,(anonymous_5)
FNDA:0,(anonymous_6)
FNDA:0,(anonymous_7)
FNDA:0,(anonymous_8)
FNDA:0,(anonymous_9)
FNDA:0,(anonymous_10)
FNDA:0,(anonymous_11)
FNDA:0,(anonymous_12)
FNDA:0,(anonymous_13)
FNDA:0,(anonymous_14)
FNDA:0,(anonymous_15)
FNDA:0,(anonymous_16)
FNDA:0,(anonymous_17)
FNDA:0,(anonymous_18)
FNDA:0,(anonymous_19)
FNDA:0,(anonymous_20)
FNDA:0,(anonymous_21)
FNDA:0,(anonymous_22)
FNDA:0,(anonymous_23)
FNDA:0,(anonymous_24)
FNDA:0,(anonymous_25)
FNDA:0,(anonymous_26)
FNDA:0,(anonymous_27)
FNDA:0,(anonymous_28)
FNDA:0,(anonymous_29)
DA:9,0
DA:10,0
DA:11,0
DA:12,0
DA:13,0
DA:14,0
DA:15,0
DA:18,0
DA:32,0
DA:130,0
DA:170,0
DA:171,0
DA:173,0
DA:181,0
DA:182,0
DA:183,0
DA:186,0
DA:187,0
DA:189,0
DA:191,0
DA:193,0
DA:196,0
DA:199,0
DA:201,0
DA:204,0
DA:206,0
DA:207,0
DA:208,0
DA:218,0
DA:219,0
DA:220,0
DA:222,0
DA:229,0
DA:231,0
DA:233,0
DA:235,0
DA:236,0
DA:237,0
DA:238,0
DA:239,0
DA:241,0
DA:248,0
DA:251,0
DA:261,0
DA:262,0
DA:265,0
DA:280,0
DA:281,0
DA:291,0
DA:294,0
DA:297,0
DA:300,0
DA:308,0
DA:311,0
DA:312,0
DA:313,0
DA:316,0
DA:328,0
DA:330,0
DA:331,0
DA:332,0
DA:335,0
DA:336,0
DA:339,0
DA:341,0
DA:342,0
DA:344,0
DA:345,0
DA:347,0
DA:348,0
DA:350,0
DA:351,0
DA:354,0
DA:355,0
DA:367,0
DA:369,0
DA:370,0
DA:371,0
DA:374,0
DA:375,0
DA:376,0
DA:389,0
DA:398,0
DA:406,0
DA:407,0
DA:408,0
DA:410,0
DA:420,0
DA:421,0
DA:422,0
DA:423,0
DA:426,0
DA:428,0
DA:429,0
DA:432,0
DA:436,0
DA:437,0
DA:438,0
DA:448,0
DA:449,0
DA:457,0
DA:458,0
DA:459,0
DA:461,0
DA:462,0
DA:463,0
DA:465,0
DA:466,0
DA:467,0
DA:475,0
DA:476,0
DA:477,0
DA:478,0
DA:479,0
DA:482,0
DA:491,0
DA:499,0
DA:500,0
DA:503,0
DA:516,0
DA:517,0
DA:526,0
DA:527,0
DA:532,0
DA:533,0
DA:534,0
DA:535,0
DA:538,0
LF:128
LH:0
BRDA:181,0,0,0
BRDA:181,0,1,0
BRDA:219,1,0,0
BRDA:219,1,1,0
BRDA:235,2,0,0
BRDA:235,2,1,0
BRDA:236,3,0,0
BRDA:236,3,1,0
BRDA:237,4,0,0
BRDA:237,4,1,0
BRDA:238,5,0,0
BRDA:238,5,1,0
BRDA:239,6,0,0
BRDA:239,6,1,0
BRDA:261,7,0,0
BRDA:261,7,1,0
BRDA:280,8,0,0
BRDA:280,8,1,0
BRDA:281,9,0,0
BRDA:281,9,1,0
BRDA:328,10,0,0
BRDA:328,10,1,0
BRDA:335,11,0,0
BRDA:335,11,1,0
BRDA:339,12,0,0
BRDA:339,12,1,0
BRDA:339,12,2,0
BRDA:339,12,3,0
BRDA:367,13,0,0
BRDA:367,13,1,0
BRDA:374,14,0,0
BRDA:374,14,1,0
BRDA:406,15,0,0
BRDA:406,15,1,0
BRDA:406,16,0,0
BRDA:406,16,1,0
BRDA:421,17,0,0
BRDA:421,17,1,0
BRDA:428,18,0,0
BRDA:428,18,1,0
BRDA:428,19,0,0
BRDA:428,19,1,0
BRDA:437,20,0,0
BRDA:437,20,1,0
BRDA:437,21,0,0
BRDA:437,21,1,0
BRDA:457,22,0,0
BRDA:457,22,1,0
BRDA:461,23,0,0
BRDA:461,23,1,0
BRDA:465,24,0,0
BRDA:465,24,1,0
BRDA:475,25,0,0
BRDA:475,25,1,0
BRDA:499,26,0,0
BRDA:499,26,1,0
BRDA:499,27,0,0
BRDA:499,27,1,0
BRDA:532,28,0,0
BRDA:532,28,1,0
BRDA:532,29,0,0
BRDA:532,29,1,0
BRDA:534,30,0,0
BRDA:534,30,1,0
BRF:64
BRH:0
end_of_record
TN:
SF:js/dynamic-lighting-system.js
FN:8,(anonymous_0)
FN:587,(anonymous_1)
FN:590,(anonymous_2)
FN:607,(anonymous_3)
FN:640,(anonymous_4)
FN:671,(anonymous_5)
FN:672,(anonymous_6)
FN:679,(anonymous_7)
FN:691,(anonymous_8)
FN:692,(anonymous_9)
FN:724,(anonymous_10)
FN:780,(anonymous_11)
FN:781,(anonymous_12)
FN:785,(anonymous_13)
FN:809,(anonymous_14)
FN:812,(anonymous_15)
FN:828,(anonymous_16)
FN:864,(anonymous_17)
FN:869,(anonymous_18)
FN:883,(anonymous_19)
FN:886,(anonymous_20)
FN:916,(anonymous_21)
FN:933,(anonymous_22)
FN:945,(anonymous_23)
FN:955,(anonymous_24)
FN:956,(anonymous_25)
FN:974,(anonymous_26)
FN:975,(anonymous_27)
FN:994,(anonymous_28)
FN:1003,(anonymous_29)
FN:1005,(anonymous_30)
FN:1006,(anonymous_31)
FN:1013,(anonymous_32)
FN:1021,(anonymous_33)
FN:1030,(anonymous_34)
FN:1046,(anonymous_35)
FN:1059,(anonymous_36)
FNF:37
FNH:0
FNDA:0,(anonymous_0)
FNDA:0,(anonymous_1)
FNDA:0,(anonymous_2)
FNDA:0,(anonymous_3)
FNDA:0,(anonymous_4)
FNDA:0,(anonymous_5)
FNDA:0,(anonymous_6)
FNDA:0,(anonymous_7)
FNDA:0,(anonymous_8)
FNDA:0,(anonymous_9)
FNDA:0,(anonymous_10)
FNDA:0,(anonymous_11)
FNDA:0,(anonymous_12)
FNDA:0,(anonymous_13)
FNDA:0,(anonymous_14)
FNDA:0,(anonymous_15)
FNDA:0,(anonymous_16)
FNDA:0,(anonymous_17)
FNDA:0,(anonymous_18)
FNDA:0,(anonymous_19)
FNDA:0,(anonymous_20)
FNDA:0,(anonymous_21)
FNDA:0,(anonymous_22)
FNDA:0,(anonymous_23)
FNDA:0,(anonymous_24)
FNDA:0,(anonymous_25)
FNDA:0,(anonymous_26)
FNDA:0,(anonymous_27)
FNDA:0,(anonymous_28)
FNDA:0,(anonymous_29)
FNDA:0,(anonymous_30)
FNDA:0,(anonymous_31)
FNDA:0,(anonymous_32)
FNDA:0,(anonymous_33)
FNDA:0,(anonymous_34)
FNDA:0,(anonymous_35)
FNDA:0,(anonymous_36)
DA:9,0
DA:10,0
DA:11,0
DA:12,0
DA:13,0
DA:14,0
DA:15,0
DA:18,0
DA:581,0
DA:589,0
DA:590,0
DA:591,0
DA:592,0
DA:599,0
DA:608,0
DA:609,0
DA:610,0
DA:611,0
DA:614,0
DA:616,0
DA:617,0
DA:619,0
DA:621,0
DA:624,0
DA:627,0
DA:629,0
DA:632,0
DA:641,0
DA:642,0
DA:645,0
DA:647,0
DA:649,0
DA:652,0
DA:655,0
DA:657,0
DA:658,0
DA:660,0
DA:663,0
DA:672,0
DA:673,0
DA:676,0
DA:679,0
DA:680,0
DA:683,0
DA:692,0
DA:693,0
DA:696,0
DA:699,0
DA:702,0
DA:708,0
DA:711,0
DA:713,0
DA:716,0
DA:727,0
DA:729,0
DA:730,0
DA:731,0
DA:732,0
DA:734,0
DA:735,0
DA:736,0
DA:737,0
DA:739,0
DA:742,0
DA:743,0
DA:744,0
DA:745,0
DA:747,0
DA:748,0
DA:750,0
DA:753,0
DA:754,0
DA:755,0
DA:756,0
DA:758,0
DA:761,0
DA:762,0
DA:765,0
DA:766,0
DA:769,0
DA:770,0
DA:781,0
DA:782,0
DA:783,0
DA:785,0
DA:786,0
DA:787,0
DA:790,0
DA:792,0
DA:794,0
DA:795,0
DA:797,0
DA:801,0
DA:810,0
DA:812,0
DA:813,0
DA:814,0
DA:815,0
DA:820,0
DA:829,0
DA:832,0
DA:840,0
DA:844,0
DA:845,0
DA:849,0
DA:850,0
DA:854,0
DA:855,0
DA:858,0
DA:865,0
DA:866,0
DA:869,0
DA:870,0
DA:872,0
DA:873,0
DA:877,0
DA:884,0
DA:886,0
DA:887,0
DA:889,0
DA:891,0
DA:895,0
DA:896,0
DA:900,0
DA:901,0
DA:905,0
DA:906,0
DA:917,0
DA:918,0
DA:919,0
DA:921,0
DA:924,0
DA:935,0
DA:936,0
DA:947,0
DA:948,0
DA:956,0
DA:957,0
DA:960,0
DA:962,0
DA:963,0
DA:964,0
DA:967,0
DA:975,0
DA:977,0
DA:980,0
DA:981,0
DA:984,0
DA:987,0
DA:995,0
DA:1004,0
DA:1005,0
DA:1006,0
DA:1014,0
DA:1022,0
DA:1031,0
DA:1034,0
DA:1040,0
DA:1041,0
DA:1042,0
DA:1045,0
DA:1046,0
DA:1047,0
DA:1048,0
DA:1049,0
DA:1060,0
DA:1062,0
DA:1063,0
DA:1066,0
DA:1071,0
DA:1072,0
DA:1073,0
DA:1074,0
DA:1077,0
LF:174
LH:0
BRDA:591,0,0,0
BRDA:591,0,1,0
BRDA:607,1,0,0
BRDA:609,2,0,0
BRDA:609,2,1,0
BRDA:640,3,0,0
BRDA:641,4,0,0
BRDA:641,4,1,0
BRDA:641,5,0,0
BRDA:641,5,1,0
BRDA:727,6,0,0
BRDA:727,6,1,0
BRDA:727,6,2,0
BRDA:727,6,3,0
BRDA:727,6,4,0
BRDA:731,7,0,0
BRDA:731,7,1,0
BRDA:734,8,0,0
BRDA:734,8,1,0
BRDA:742,9,0,0
BRDA:742,9,1,0
BRDA:742,10,0,0
BRDA:742,10,1,0
BRDA:742,11,0,0
BRDA:742,11,1,0
BRDA:744,12,0,0
BRDA:744,12,1,0
BRDA:747,13,0,0
BRDA:747,13,1,0
BRDA:753,14,0,0
BRDA:753,14,1,0
BRDA:753,15,0,0
BRDA:753,15,1,0
BRDA:755,16,0,0
BRDA:755,16,1,0
BRDA:794,17,0,0
BRDA:794,17,1,0
BRDA:810,18,0,0
BRDA:810,18,1,0
BRDA:810,19,0,0
BRDA:810,19,1,0
BRDA:814,20,0,0
BRDA:814,20,1,0
BRDA:840,21,0,0
BRDA:840,21,1,0
BRDA:840,21,2,0
BRDA:840,21,3,0
BRDA:840,21,4,0
BRDA:840,21,5,0
BRDA:840,21,6,0
BRDA:865,22,0,0
BRDA:865,22,1,0
BRDA:872,23,0,0
BRDA:872,23,1,0
BRDA:872,24,0,0
BRDA:872,24,1,0
BRDA:887,25,0,0
BRDA:887,25,1,0
BRDA:891,26,0,0
BRDA:891,26,1,0
BRDA:891,26,2,0
BRDA:891,26,3,0
BRDA:891,26,4,0
BRDA:891,26,5,0
BRDA:891,26,6,0
BRDA:917,27,0,0
BRDA:917,27,1,0
BRDA:918,28,0,0
BRDA:918,28,1,0
BRDA:935,29,0,0
BRDA:935,29,1,0
BRDA:947,30,0,0
BRDA:947,30,1,0
BRDA:962,31,0,0
BRDA:962,31,1,0
BRDA:1030,32,0,0
BRDA:1041,33,0,0
BRDA:1041,33,1,0
BRDA:1045,34,0,0
BRDA:1045,34,1,0
BRDA:1048,35,0,0
BRDA:1048,35,1,0
BRDA:1062,36,0,0
BRDA:1062,36,1,0
BRDA:1071,37,0,0
BRDA:1071,37,1,0
BRDA:1071,38,0,0
BRDA:1071,38,1,0
BRDA:1073,39,0,0
BRDA:1073,39,1,0
BRF:90
BRH:0
end_of_record
TN:
SF:js/gaussian-splatting-optimizer.js
FN:8,(anonymous_0)
FN:32,(anonymous_1)
FN:62,(anonymous_2)
FN:110,(anonymous_3)
FN:123,(anonymous_4)
FN:130,(anonymous_5)
FN:135,(anonymous_6)
FN:146,(anonymous_7)
FN:165,(anonymous_8)
FN:214,(anonymous_9)
FN:334,(anonymous_10)
FN:366,(anonymous_11)
FN:390,(anonymous_12)
FN:420,(anonymous_13)
FN:441,(anonymous_14)
FN:445,(anonymous_15)
FN:474,(anonymous_16)
FN:500,(anonymous_17)
FN:518,(anonymous_18)
FN:532,(anonymous_19)
FN:544,(anonymous_20)
FN:551,(anonymous_21)
FNF:22
FNH:0
FNDA:0,(anonymous_0)
FNDA:0,(anonymous_1)
FNDA:0,(anonymous_2)
FNDA:0,(anonymous_3)
FNDA:0,(anonymous_4)
FNDA:0,(anonymous_5)
FNDA:0,(anonymous_6)
FNDA:0,(anonymous_7)
FNDA:0,(anonymous_8)
FNDA:0,(anonymous_9)
FNDA:0,(anonymous_10)
FNDA:0,(anonymous_11)
FNDA:0,(anonymous_12)
FNDA:0,(anonymous_13)
FNDA:0,(anonymous_14)
FNDA:0,(anonymous_15)
FNDA:0,(anonymous_16)
FNDA:0,(anonymous_17)
FNDA:0,(anonymous_18)
FNDA:0,(anonymous_19)
FNDA:0,(anonymous_20)
FNDA:0,(anonymous_21)
DA:9,0
DA:10,0
DA:11,0
DA:12,0
DA:13,0
DA:21,0
DA:33,0
DA:35,0
DA:37,0
DA:40,0
DA:43,0
DA:46,0
DA:48,0
DA:49,0
DA:51,0
DA:54,0
DA:55,0
DA:63,0
DA:64,0
DA:66,0
DA:67,0
DA:71,0
DA:72,0
DA:73,0
DA:76,0
DA:77,0
DA:78,0
DA:81,0
DA:82,0
DA:84,0
DA:102,0
DA:104,0
DA:111,0
DA:112,0
DA:113,0
DA:115,0
DA:116,0
DA:117,0
DA:124,0
DA:125,0
DA:127,0
DA:130,0
DA:131,0
DA:135,0
DA:136,0
DA:140,0
DA:147,0
DA:159,0
DA:167,0
DA:178,0
DA:189,0
DA:200,0
DA:216,0
DA:239,0
DA:262,0
DA:285,0
DA:308,0
DA:335,0
DA:336,0
DA:337,0
DA:338,0
DA:342,0
DA:343,0
DA:346,0
DA:353,0
DA:358,0
DA:360,0
DA:367,0
DA:368,0
DA:372,0
DA:374,0
DA:378,0
DA:379,0
DA:380,0
DA:384,0
DA:391,0
DA:394,0
DA:401,0
DA:402,0
DA:403,0
DA:406,0
DA:412,0
DA:414,0
DA:421,0
DA:424,0
DA:430,0
DA:431,0
DA:432,0
DA:435,0
DA:442,0
DA:443,0
DA:445,0
DA:446,0
DA:447,0
DA:450,0
DA:451,0
DA:452,0
DA:453,0
DA:454,0
DA:457,0
DA:458,0
DA:462,0
DA:465,0
DA:468,0
DA:475,0
DA:476,0
DA:478,0
DA:481,0
DA:482,0
DA:483,0
DA:487,0
DA:488,0
DA:489,0
DA:492,0
DA:493,0
DA:501,0
DA:504,0
DA:505,0
DA:519,0
DA:533,0
DA:534,0
DA:537,0
DA:538,0
DA:545,0
DA:552,0
DA:553,0
DA:554,0
DA:556,0
DA:572,0
DA:573,0
DA:574,0
DA:575,0
LF:132
LH:0
BRDA:64,0,0,0
BRDA:64,0,1,0
BRDA:66,1,0,0
BRDA:66,1,1,0
BRDA:72,2,0,0
BRDA:72,2,1,0
BRDA:73,3,0,0
BRDA:73,3,1,0
BRDA:85,4,0,0
BRDA:85,4,1,0
BRDA:115,5,0,0
BRDA:115,5,1,0
BRDA:116,6,0,0
BRDA:116,6,1,0
BRDA:130,7,0,0
BRDA:130,7,1,0
BRDA:131,8,0,0
BRDA:131,8,1,0
BRDA:135,9,0,0
BRDA:135,9,1,0
BRDA:140,10,0,0
BRDA:140,10,1,0
BRDA:159,11,0,0
BRDA:159,11,1,0
BRDA:334,12,0,0
BRDA:336,13,0,0
BRDA:336,13,1,0
BRDA:367,14,0,0
BRDA:367,14,1,0
BRDA:372,15,0,0
BRDA:372,15,1,0
BRDA:379,16,0,0
BRDA:379,16,1,0
BRDA:395,17,0,0
BRDA:395,17,1,0
BRDA:401,18,0,0
BRDA:401,18,1,0
BRDA:402,19,0,0
BRDA:402,19,1,0
BRDA:407,20,0,0
BRDA:407,20,1,0
BRDA:430,21,0,0
BRDA:430,21,1,0
BRDA:450,22,0,0
BRDA:450,22,1,0
BRDA:457,23,0,0
BRDA:457,23,1,0
BRDA:476,24,0,0
BRDA:476,24,1,0
BRDA:481,25,0,0
BRDA:481,25,1,0
BRDA:487,26,0,0
BRDA:487,26,1,0
BRDA:492,27,0,0
BRDA:492,27,1,0
BRDA:504,28,0,0
BRDA:504,28,1,0
BRDA:533,29,0,0
BRDA:533,29,1,0
BRDA:551,30,0,0
BRDA:572,31,0,0
BRDA:572,31,1,0
BRDA:572,32,0,0
BRDA:572,32,1,0
BRDA:574,33,0,0
BRDA:574,33,1,0
BRF:66
BRH:0
end_of_record
TN:
SF:js/lod-manager.js
FN:8,(anonymous_0)
FN:27,(anonymous_1)
FN:54,(anonymous_2)
FN:80,(anonymous_3)
FN:90,(anonymous_4)
FN:100,(anonymous_5)
FN:123,(anonymous_6)
FN:134,(anonymous_7)
FN:158,(anonymous_8)
FN:179,(anonymous_9)
FN:202,(anonymous_10)
FN:216,(anonymous_11)
FN:242,(anonymous_12)
FN:267,(anonymous_13)
FN:288,(anonymous_14)
FN:296,(anonymous_15)
FN:305,(anonymous_16)
FN:310,(anonymous_17)
FN:321,(anonymous_18)
FN:333,(anonymous_19)
FN:352,(anonymous_20)
FN:354,(anonymous_21)
FN:372,(anonymous_22)
FN:386,(anonymous_23)
FN:400,(anonymous_24)
FN:425,(anonymous_25)
FN:442,(anonymous_26)
FN:459,(anonymous_27)
FNF:28
FNH:0
FNDA:0,(anonymous_0)
FNDA:0,(anonymous_1)
FNDA:0,(anonymous_2)
FNDA:0,(anonymous_3)
FNDA:0,(anonymous_4)
FNDA:0,(anonymous_5)
FNDA:0,(anonymous_6)
FNDA:0,(anonymous_7)
FNDA:0,(anonymous_8)
FNDA:0,(anonymous_9)
FNDA:0,(anonymous_10)
FNDA:0,(anonymous_11)
FNDA:0,(anonymous_12)
FNDA:0,(anonymous_13)
FNDA:0,(anonymous_14)
FNDA:0,(anonymous_15)
FNDA:0,(anonymous_16)
FNDA:0,(anonymous_17)
FNDA:0,(anonymous_18)
FNDA:0,(anonymous_19)
FNDA:0,(anonymous_20)
FNDA:0,(anonymous_21)
FNDA:0,(anonymous_22)
FNDA:0,(anonymous_23)
FNDA:0,(anonymous_24)
FNDA:0,(anonymous_25)
FNDA:0,(anonymous_26)
FNDA:0,(anonymous_27)
DA:9,0
DA:10,0
DA:11,0
DA:12,0
DA:13,0
DA:16,0
DA:17,0
DA:20,0
DA:21,0
DA:28,0
DA:30,0
DA:32,0
DA:33,0
DA:37,0
DA:40,0
DA:42,0
DA:43,0
DA:46,0
DA:47,0
DA:55,0
DA:67,0
DA:70,0
DA:72,0
DA:74,0
DA:81,0
DA:82,0
DA:84,0
DA:91,0
DA:94,0
DA:101,0
DA:104,0
DA:105,0
DA:106,0
DA:108,0
DA:116,0
DA:117,0
DA:124,0
DA:125,0
DA:126,0
DA:128,0
DA:135,0
DA:136,0
DA:139,0
DA:140,0
DA:142,0
DA:143,0
DA:144,0
DA:149,0
DA:150,0
DA:152,0
DA:159,0
DA:160,0
DA:163,0
DA:165,0
DA:166,0
DA:167,0
DA:168,0
DA:169,0
DA:170,0
DA:173,0
DA:180,0
DA:181,0
DA:183,0
DA:184,0
DA:186,0
DA:189,0
DA:190,0
DA:194,0
DA:195,0
DA:203,0
DA:204,0
DA:206,0
DA:207,0
DA:208,0
DA:210,0
DA:217,0
DA:218,0
DA:221,0
DA:223,0
DA:225,0
DA:226,0
DA:227,0
DA:230,0
DA:232,0
DA:235,0
DA:243,0
DA:244,0
DA:245,0
DA:246,0
DA:249,0
DA:252,0
DA:253,0
DA:268,0
DA:269,0
DA:272,0
DA:273,0
DA:290,0
DA:297,0
DA:298,0
DA:306,0
DA:307,0
DA:310,0
DA:311,0
DA:312,0
DA:315,0
DA:322,0
DA:323,0
DA:324,0
DA:327,0
DA:334,0
DA:336,0
DA:344,0
DA:345,0
DA:353,0
DA:354,0
DA:355,0
DA:358,0
DA:359,0
DA:362,0
DA:363,0
DA:373,0
DA:375,0
DA:376,0
DA:377,0
DA:378,0
DA:387,0
DA:390,0
DA:391,0
DA:392,0
DA:401,0
DA:403,0
DA:404,0
DA:414,0
DA:426,0
DA:427,0
DA:428,0
DA:431,0
DA:432,0
DA:435,0
DA:436,0
DA:443,0
DA:444,0
DA:446,0
DA:460,0
DA:461,0
DA:462,0
DA:463,0
DA:465,0
DA:470,0
DA:471,0
DA:472,0
DA:473,0
LF:152
LH:0
BRDA:32,0,0,0
BRDA:32,0,1,0
BRDA:54,1,0,0
BRDA:143,2,0,0
BRDA:143,2,1,0
BRDA:160,3,0,0
BRDA:160,3,1,0
BRDA:165,4,0,0
BRDA:165,4,1,0
BRDA:167,5,0,0
BRDA:167,5,1,0
BRDA:169,6,0,0
BRDA:169,6,1,0
BRDA:181,7,0,0
BRDA:181,7,1,0
BRDA:189,8,0,0
BRDA:189,8,1,0
BRDA:194,9,0,0
BRDA:194,9,1,0
BRDA:204,10,0,0
BRDA:204,10,1,0
BRDA:218,11,0,0
BRDA:218,11,1,0
BRDA:218,12,0,0
BRDA:218,12,1,0
BRDA:223,13,0,0
BRDA:223,13,1,0
BRDA:244,14,0,0
BRDA:244,14,1,0
BRDA:244,15,0,0
BRDA:244,15,1,0
BRDA:252,16,0,0
BRDA:252,16,1,0
BRDA:269,17,0,0
BRDA:269,17,1,0
BRDA:272,18,0,0
BRDA:272,18,1,0
BRDA:306,19,0,0
BRDA:306,19,1,0
BRDA:322,20,0,0
BRDA:322,20,1,0
BRDA:344,21,0,0
BRDA:344,21,1,0
BRDA:353,22,0,0
BRDA:353,22,1,0
BRDA:358,23,0,0
BRDA:358,23,1,0
BRDA:362,24,0,0
BRDA:362,24,1,0
BRDA:377,25,0,0
BRDA:377,25,1,0
BRDA:391,26,0,0
BRDA:391,26,1,0
BRDA:427,27,0,0
BRDA:427,27,1,0
BRDA:431,28,0,0
BRDA:431,28,1,0
BRDA:431,29,0,0
BRDA:431,29,1,0
BRDA:470,30,0,0
BRDA:470,30,1,0
BRDA:470,31,0,0
BRDA:470,31,1,0
BRDA:472,32,0,0
BRDA:472,32,1,0
BRF:65
BRH:0
end_of_record
TN:
SF:js/mobile-3d-support.js
FN:8,(anonymous_0)
FN:24,(anonymous_1)
FN:58,(anonymous_2)
FN:88,(anonymous_3)
FN:124,(anonymous_4)
FN:159,(anonymous_5)
FN:182,(anonymous_6)
FN:187,(anonymous_7)
FN:192,(anonymous_8)
FN:197,(anonymous_9)
FN:207,(anonymous_10)
FN:239,(anonymous_11)
FN:270,(anonymous_12)
FN:286,(anonymous_13)
FN:320,(anonymous_14)
FN:357,(anonymous_15)
FN:390,(anonymous_16)
FN:406,(anonymous_17)
FN:425,(anonymous_18)
FN:427,(anonymous_19)
FN:428,(anonymous_20)
FN:434,(anonymous_21)
FN:444,(anonymous_22)
FN:473,(anonymous_23)
FN:491,(anonymous_24)
FN:504,(anonymous_25)
FN:511,(anonymous_26)
FN:518,(anonymous_27)
FN:535,(anonymous_28)
FNF:29
FNH:0
FNDA:0,(anonymous_0)
FNDA:0,(anonymous_1)
FNDA:0,(anonymous_2)
FNDA:0,(anonymous_3)
FNDA:0,(anonymous_4)
FNDA:0,(anonymous_5)
FNDA:0,(anonymous_6)
FNDA:0,(anonymous_7)
FNDA:0,(anonymous_8)
FNDA:0,(anonymous_9)
FNDA:0,(anonymous_10)
FNDA:0,(anonymous_11)
FNDA:0,(anonymous_12)
FNDA:0,(anonymous_13)
FNDA:0,(anonymous_14)
FNDA:0,(anonymous_15)
FNDA:0,(anonymous_16)
FNDA:0,(anonymous_17)
FNDA:0,(anonymous_18)
FNDA:0,(anonymous_19)
FNDA:0,(anonymous_20)
FNDA:0,(anonymous_21)
FNDA:0,(anonymous_22)
FNDA:0,(anonymous_23)
FNDA:0,(anonymous_24)
FNDA:0,(anonymous_25)
FNDA:0,(anonymous_26)
FNDA:0,(anonymous_27)
FNDA:0,(anonymous_28)
DA:9,0
DA:10,0
DA:11,0
DA:12,0
DA:13,0
DA:14,0
DA:15,0
DA:16,0
DA:18,0
DA:25,0
DA:27,0
DA:30,0
DA:33,0
DA:36,0
DA:39,0
DA:41,0
DA:47,0
DA:50,0
DA:51,0
DA:59,0
DA:60,0
DA:61,0
DA:62,0
DA:63,0
DA:66,0
DA:70,0
DA:74,0
DA:75,0
DA:76,0
DA:77,0
DA:78,0
DA:82,0
DA:89,0
DA:90,0
DA:92,0
DA:93,0
DA:99,0
DA:103,0
DA:116,0
DA:118,0
DA:125,0
DA:126,0
DA:129,0
DA:132,0
DA:133,0
DA:134,0
DA:137,0
DA:138,0
DA:139,0
DA:142,0
DA:145,0
DA:146,0
DA:147,0
DA:148,0
DA:151,0
DA:152,0
DA:153,0
DA:160,0
DA:161,0
DA:162,0
DA:165,0
DA:175,0
DA:176,0
DA:177,0
DA:178,0
DA:182,0
DA:183,0
DA:187,0
DA:188,0
DA:192,0
DA:193,0
DA:197,0
DA:198,0
DA:201,0
DA:208,0
DA:210,0
DA:211,0
DA:213,0
DA:214,0
DA:219,0
DA:222,0
DA:223,0
DA:224,0
DA:225,0
DA:227,0
DA:233,0
DA:240,0
DA:242,0
DA:244,0
DA:245,0
DA:247,0
DA:248,0
DA:255,0
DA:257,0
DA:258,0
DA:260,0
DA:261,0
DA:263,0
DA:271,0
DA:273,0
DA:274,0
DA:275,0
DA:276,0
DA:277,0
DA:278,0
DA:280,0
DA:287,0
DA:289,0
DA:290,0
DA:293,0
DA:294,0
DA:297,0
DA:298,0
DA:301,0
DA:302,0
DA:303,0
DA:306,0
DA:309,0
DA:310,0
DA:311,0
DA:314,0
DA:321,0
DA:324,0
DA:330,0
DA:335,0
DA:338,0
DA:339,0
DA:340,0
DA:343,0
DA:344,0
DA:345,0
DA:348,0
DA:350,0
DA:351,0
DA:358,0
DA:361,0
DA:389,0
DA:390,0
DA:391,0
DA:392,0
DA:393,0
DA:397,0
DA:398,0
DA:400,0
DA:407,0
DA:408,0
DA:411,0
DA:414,0
DA:415,0
DA:416,0
DA:419,0
DA:427,0
DA:428,0
DA:429,0
DA:434,0
DA:435,0
DA:438,0
DA:445,0
DA:448,0
DA:455,0
DA:456,0
DA:457,0
DA:458,0
DA:462,0
DA:463,0
DA:464,0
DA:467,0
DA:475,0
DA:476,0
DA:478,0
DA:481,0
DA:482,0
DA:483,0
DA:484,0
DA:492,0
DA:505,0
DA:512,0
DA:519,0
DA:520,0
DA:521,0
DA:524,0
DA:525,0
DA:526,0
DA:528,0
DA:529,0
DA:536,0
DA:548,0
LF:187
LH:0
BRDA:66,0,0,0
BRDA:66,0,1,0
BRDA:66,0,2,0
BRDA:70,1,0,0
BRDA:70,1,1,0
BRDA:70,1,2,0
BRDA:70,1,3,0
BRDA:74,2,0,0
BRDA:74,2,1,0
BRDA:74,3,0,0
BRDA:74,3,1,0
BRDA:74,3,2,0
BRDA:75,4,0,0
BRDA:75,4,1,0
BRDA:77,5,0,0
BRDA:77,5,1,0
BRDA:82,6,0,0
BRDA:82,6,1,0
BRDA:82,7,0,0
BRDA:82,7,1,0
BRDA:90,8,0,0
BRDA:90,8,1,0
BRDA:92,9,0,0
BRDA:92,9,1,0
BRDA:126,10,0,0
BRDA:126,10,1,0
BRDA:132,11,0,0
BRDA:132,11,1,0
BRDA:133,12,0,0
BRDA:133,12,1,0
BRDA:137,13,0,0
BRDA:137,13,1,0
BRDA:138,14,0,0
BRDA:138,14,1,0
BRDA:142,15,0,0
BRDA:142,15,1,0
BRDA:145,16,0,0
BRDA:145,16,1,0
BRDA:146,17,0,0
BRDA:146,17,1,0
BRDA:146,18,0,0
BRDA:146,18,1,0
BRDA:147,19,0,0
BRDA:147,19,1,0
BRDA:147,20,0,0
BRDA:147,20,1,0
BRDA:148,21,0,0
BRDA:148,21,1,0
BRDA:148,22,0,0
BRDA:148,22,1,0
BRDA:151,23,0,0
BRDA:151,23,1,0
BRDA:152,24,0,0
BRDA:152,24,1,0
BRDA:160,25,0,0
BRDA:160,25,1,0
BRDA:171,26,0,0
BRDA:171,26,1,0
BRDA:176,27,0,0
BRDA:176,27,1,0
BRDA:211,28,0,0
BRDA:211,28,1,0
BRDA:222,29,0,0
BRDA:222,29,1,0
BRDA:224,30,0,0
BRDA:224,30,1,0
BRDA:242,31,0,0
BRDA:242,31,1,0
BRDA:245,32,0,0
BRDA:245,32,1,0
BRDA:255,33,0,0
BRDA:255,33,1,0
BRDA:260,34,0,0
BRDA:260,34,1,0
BRDA:287,35,0,0
BRDA:287,35,1,0
BRDA:287,36,0,0
BRDA:287,36,1,0
BRDA:298,37,0,0
BRDA:298,37,1,0
BRDA:321,38,0,0
BRDA:321,38,1,0
BRDA:335,39,0,0
BRDA:335,39,1,0
BRDA:340,40,0,0
BRDA:340,40,1,0
BRDA:389,41,0,0
BRDA:389,41,1,0
BRDA:408,42,0,0
BRDA:408,42,1,0
BRDA:415,43,0,0
BRDA:415,43,1,0
BRDA:445,44,0,0
BRDA:445,44,1,0
BRDA:445,45,0,0
BRDA:445,45,1,0
BRDA:451,46,0,0
BRDA:451,46,1,0
BRDA:456,47,0,0
BRDA:456,47,1,0
BRDA:463,48,0,0
BRDA:463,48,1,0
BRDA:481,49,0,0
BRDA:481,49,1,0
BRDA:481,50,0,0
BRDA:481,50,1,0
BRDA:505,51,0,0
BRDA:505,51,1,0
BRDA:519,52,0,0
BRDA:519,52,1,0
BRF:110
BRH:0
end_of_record
TN:
SF:js/nerf-pipeline.js
FN:7,(anonymous_0)
FN:17,(anonymous_1)
FN:36,(anonymous_2)
FN:94,(anonymous_3)
FN:134,(anonymous_4)
FN:171,(anonymous_5)
FN:212,(anonymous_6)
FN:244,(anonymous_7)
FN:267,(anonymous_8)
FN:286,(anonymous_9)
FN:294,(anonymous_10)
FN:315,(anonymous_11)
FN:325,(anonymous_12)
FN:334,(anonymous_13)
FN:339,(anonymous_14)
FN:347,(anonymous_15)
FN:349,(anonymous_16)
FN:350,(anonymous_17)
FN:360,(anonymous_18)
FN:367,(anonymous_19)
FNF:20
FNH:0
FNDA:0,(anonymous_0)
FNDA:0,(anonymous_1)
FNDA:0,(anonymous_2)
FNDA:0,(anonymous_3)
FNDA:0,(anonymous_4)
FNDA:0,(anonymous_5)
FNDA:0,(anonymous_6)
FNDA:0,(anonymous_7)
FNDA:0,(anonymous_8)
FNDA:0,(anonymous_9)
FNDA:0,(anonymous_10)
FNDA:0,(anonymous_11)
FNDA:0,(anonymous_12)
FNDA:0,(anonymous_13)
FNDA:0,(anonymous_14)
FNDA:0,(anonymous_15)
FNDA:0,(anonymous_16)
FNDA:0,(anonymous_17)
FNDA:0,(anonymous_18)
FNDA:0,(anonymous_19)
DA:8,0
DA:9,0
DA:10,0
DA:11,0
DA:18,0
DA:21,0
DA:22,0
DA:26,0
DA:28,0
DA:37,0
DA:39,0
DA:41,0
DA:43,0
DA:46,0
DA:49,0
DA:52,0
DA:55,0
DA:58,0
DA:60,0
DA:67,0
DA:68,0
DA:76,0
DA:77,0
DA:83,0
DA:95,0
DA:97,0
DA:98,0
DA:100,0
DA:101,0
DA:102,0
DA:103,0
DA:107,0
DA:108,0
DA:109,0
DA:110,0
DA:113,0
DA:120,0
DA:124,0
DA:125,0
DA:128,0
DA:135,0
DA:137,0
DA:138,0
DA:140,0
DA:142,0
DA:145,0
DA:148,0
DA:150,0
DA:152,0
DA:161,0
DA:165,0
DA:172,0
DA:175,0
DA:176,0
DA:178,0
DA:180,0
DA:181,0
DA:182,0
DA:184,0
DA:195,0
DA:198,0
DA:213,0
DA:218,0
DA:230,0
DA:232,0
DA:234,0
DA:245,0
DA:247,0
DA:248,0
DA:251,0
DA:261,0
DA:268,0
DA:288,0
DA:295,0
DA:309,0
DA:317,0
DA:327,0
DA:336,0
DA:341,0
DA:349,0
DA:350,0
DA:351,0
DA:352,0
DA:361,0
DA:368,0
DA:370,0
DA:371,0
DA:372,0
DA:375,0
DA:380,0
DA:381,0
DA:382,0
DA:383,0
LF:93
LH:0
BRDA:21,0,0,0
BRDA:21,0,1,0
BRDA:101,1,0,0
BRDA:101,1,1,0
BRDA:108,2,0,0
BRDA:108,2,1,0
BRDA:108,3,0,0
BRDA:108,3,1,0
BRDA:116,4,0,0
BRDA:116,4,1,0
BRDA:124,5,0,0
BRDA:124,5,1,0
BRDA:361,6,0,0
BRDA:361,6,1,0
BRDA:380,7,0,0
BRDA:380,7,1,0
BRDA:380,8,0,0
BRDA:380,8,1,0
BRDA:382,9,0,0
BRDA:382,9,1,0
BRF:20
BRH:0
end_of_record
TN:
SF:js/performance-monitor.js
FN:8,(anonymous_0)
FN:77,(anonymous_1)
FN:103,(anonymous_2)
FN:115,(anonymous_3)
FN:125,(anonymous_4)
FN:145,(anonymous_5)
FN:156,(anonymous_6)
FN:157,(anonymous_7)
FN:181,(anonymous_8)
FN:191,(anonymous_9)
FN:208,(anonymous_10)
FN:217,(anonymous_11)
FN:238,(anonymous_12)
FN:250,(anonymous_13)
FN:284,(anonymous_14)
FN:297,(anonymous_15)
FN:311,(anonymous_16)
FN:312,(anonymous_17)
FN:322,(anonymous_18)
FN:332,(anonymous_19)
FN:345,(anonymous_20)
FN:370,(anonymous_21)
FN:395,(anonymous_22)
FN:415,(anonymous_23)
FN:443,(anonymous_24)
FN:455,(anonymous_25)
FN:471,(anonymous_26)
FN:480,(anonymous_27)
FN:500,(anonymous_28)
FN:526,(anonymous_29)
FN:533,(anonymous_30)
FN:557,(anonymous_31)
FN:565,(anonymous_32)
FN:579,(anonymous_33)
FN:592,(anonymous_34)
FNF:35
FNH:0
FNDA:0,(anonymous_0)
FNDA:0,(anonymous_1)
FNDA:0,(anonymous_2)
FNDA:0,(anonymous_3)
FNDA:0,(anonymous_4)
FNDA:0,(anonymous_5)
FNDA:0,(anonymous_6)
FNDA:0,(anonymous_7)
FNDA:0,(anonymous_8)
FNDA:0,(anonymous_9)
FNDA:0,(anonymous_10)
FNDA:0,(anonymous_11)
FNDA:0,(anonymous_12)
FNDA:0,(anonymous_13)
FNDA:0,(anonymous_14)
FNDA:0,(anonymous_15)
FNDA:0,(anonymous_16)
FNDA:0,(anonymous_17)
FNDA:0,(anonymous_18)
FNDA:0,(anonymous_19)
FNDA:0,(anonymous_20)
FNDA:0,(anonymous_21)
FNDA:0,(anonymous_22)
FNDA:0,(anonymous_23)
FNDA:0,(anonymous_24)
FNDA:0,(anonymous_25)
FNDA:0,(anonymous_26)
FNDA:0,(anonymous_27)
FNDA:0,(anonymous_28)
FNDA:0,(anonymous_29)
FNDA:0,(anonymous_30)
FNDA:0,(anonymous_31)
FNDA:0,(anonymous_32)
FNDA:0,(anonymous_33)
FNDA:0,(anonymous_34)
DA:9,0
DA:10,0
DA:11,0
DA:12,0
DA:15,0
DA:45,0
DA:62,0
DA:71,0
DA:78,0
DA:80,0
DA:83,0
DA:86,0
DA:89,0
DA:91,0
DA:92,0
DA:95,0
DA:96,0
DA:104,0
DA:105,0
DA:106,0
DA:109,0
DA:112,0
DA:115,0
DA:116,0
DA:119,0
DA:126,0
DA:128,0
DA:131,0
DA:134,0
DA:135,0
DA:136,0
DA:139,0
DA:146,0
DA:157,0
DA:158,0
DA:160,0
DA:161,0
DA:164,0
DA:165,0
DA:166,0
DA:168,0
DA:169,0
DA:172,0
DA:175,0
DA:182,0
DA:183,0
DA:184,0
DA:192,0
DA:195,0
DA:198,0
DA:199,0
DA:202,0
DA:203,0
DA:204,0
DA:208,0
DA:211,0
DA:218,0
DA:219,0
DA:222,0
DA:223,0
DA:226,0
DA:227,0
DA:228,0
DA:229,0
DA:230,0
DA:231,0
DA:240,0
DA:242,0
DA:243,0
DA:251,0
DA:252,0
DA:255,0
DA:256,0
DA:257,0
DA:258,0
DA:261,0
DA:262,0
DA:263,0
DA:264,0
DA:267,0
DA:268,0
DA:269,0
DA:270,0
DA:273,0
DA:274,0
DA:278,0
DA:285,0
DA:286,0
DA:287,0
DA:288,0
DA:289,0
DA:290,0
DA:298,0
DA:300,0
DA:301,0
DA:302,0
DA:303,0
DA:304,0
DA:312,0
DA:313,0
DA:314,0
DA:324,0
DA:325,0
DA:334,0
DA:337,0
DA:338,0
DA:346,0
DA:347,0
DA:349,0
DA:351,0
DA:352,0
DA:354,0
DA:355,0
DA:357,0
DA:358,0
DA:361,0
DA:362,0
DA:364,0
DA:371,0
DA:372,0
DA:374,0
DA:376,0
DA:377,0
DA:379,0
DA:380,0
DA:382,0
DA:383,0
DA:386,0
DA:387,0
DA:389,0
DA:396,0
DA:399,0
DA:407,0
DA:408,0
DA:416,0
DA:417,0
DA:418,0
DA:421,0
DA:423,0
DA:424,0
DA:426,0
DA:427,0
DA:428,0
DA:432,0
DA:433,0
DA:436,0
DA:437,0
DA:444,0
DA:447,0
DA:450,0
DA:453,0
DA:454,0
DA:455,0
DA:456,0
DA:458,0
DA:459,0
DA:465,0
DA:472,0
DA:474,0
DA:475,0
DA:478,0
DA:479,0
DA:480,0
DA:481,0
DA:482,0
DA:483,0
DA:489,0
DA:490,0
DA:491,0
DA:494,0
DA:501,0
DA:520,0
DA:527,0
DA:534,0
DA:535,0
DA:538,0
DA:539,0
DA:540,0
DA:541,0
DA:542,0
DA:545,0
DA:558,0
DA:559,0
DA:566,0
DA:567,0
DA:568,0
DA:571,0
DA:572,0
DA:573,0
DA:580,0
DA:593,0
DA:596,0
DA:597,0
DA:600,0
DA:605,0
LF:195
LH:0
BRDA:104,0,0,0
BRDA:104,0,1,0
BRDA:126,1,0,0
BRDA:126,1,1,0
BRDA:134,2,0,0
BRDA:134,2,1,0
BRDA:158,3,0,0
BRDA:158,3,1,0
BRDA:164,4,0,0
BRDA:164,4,1,0
BRDA:182,5,0,0
BRDA:182,5,1,0
BRDA:203,6,0,0
BRDA:203,6,1,0
BRDA:222,7,0,0
BRDA:222,7,1,0
BRDA:222,8,0,0
BRDA:222,8,1,0
BRDA:226,9,0,0
BRDA:226,9,1,0
BRDA:229,10,0,0
BRDA:229,10,1,0
BRDA:229,11,0,0
BRDA:229,11,1,0
BRDA:242,12,0,0
BRDA:242,12,1,0
BRDA:252,13,0,0
BRDA:252,13,1,0
BRDA:258,14,0,0
BRDA:258,14,1,0
BRDA:267,15,0,0
BRDA:267,15,1,0
BRDA:285,16,0,0
BRDA:285,16,1,0
BRDA:288,17,0,0
BRDA:288,17,1,0
BRDA:300,18,0,0
BRDA:300,18,1,0
BRDA:303,19,0,0
BRDA:303,19,1,0
BRDA:313,20,0,0
BRDA:313,20,1,0
BRDA:324,21,0,0
BRDA:324,21,1,0
BRDA:337,22,0,0
BRDA:337,22,1,0
BRDA:349,23,0,0
BRDA:349,23,1,0
BRDA:349,23,2,0
BRDA:374,24,0,0
BRDA:374,24,1,0
BRDA:374,24,2,0
BRDA:407,25,0,0
BRDA:407,25,1,0
BRDA:417,26,0,0
BRDA:417,26,1,0
BRDA:424,27,0,0
BRDA:424,27,1,0
BRDA:432,28,0,0
BRDA:432,28,1,0
BRDA:432,29,0,0
BRDA:432,29,1,0
BRDA:454,30,0,0
BRDA:454,30,1,0
BRDA:456,31,0,0
BRDA:456,31,1,0
BRDA:456,32,0,0
BRDA:456,32,1,0
BRDA:458,33,0,0
BRDA:458,33,1,0
BRDA:458,34,0,0
BRDA:458,34,1,0
BRDA:475,35,0,0
BRDA:475,35,1,0
BRDA:479,36,0,0
BRDA:479,36,1,0
BRDA:481,37,0,0
BRDA:481,37,1,0
BRDA:481,38,0,0
BRDA:481,38,1,0
BRDA:490,39,0,0
BRDA:490,39,1,0
BRDA:535,40,0,0
BRDA:535,40,1,0
BRDA:539,41,0,0
BRDA:539,41,1,0
BRDA:539,42,0,0
BRDA:539,42,1,0
BRDA:541,43,0,0
BRDA:541,43,1,0
BRDA:541,44,0,0
BRDA:541,44,1,0
BRDA:559,45,0,0
BRDA:559,45,1,0
BRDA:566,46,0,0
BRDA:566,46,1,0
BRDA:596,47,0,0
BRDA:596,47,1,0
BRF:98
BRH:0
end_of_record
TN:
SF:js/ui-3d-integration.js
FN:8,(anonymous_0)
FN:29,(anonymous_1)
FN:52,(anonymous_2)
FN:84,(anonymous_3)
FN:86,(anonymous_4)
FN:120,(anonymous_5)
FN:135,(anonymous_6)
FN:167,(anonymous_7)
FN:193,(anonymous_8)
FN:194,(anonymous_9)
FN:217,(anonymous_10)
FN:218,(anonymous_11)
FN:223,(anonymous_12)
FN:238,(anonymous_13)
FN:250,(anonymous_14)
FN:304,(anonymous_15)
FN:319,(anonymous_16)
FN:329,(anonymous_17)
FN:332,(anonymous_18)
FN:335,(anonymous_19)
FN:348,(anonymous_20)
FN:350,(anonymous_21)
FN:358,(anonymous_22)
FN:370,(anonymous_23)
FN:377,(anonymous_24)
FN:384,(anonymous_25)
FN:397,(anonymous_26)
FN:412,(anonymous_27)
FNF:28
FNH:0
FNDA:0,(anonymous_0)
FNDA:0,(anonymous_1)
FNDA:0,(anonymous_2)
FNDA:0,(anonymous_3)
FNDA:0,(anonymous_4)
FNDA:0,(anonymous_5)
FNDA:0,(anonymous_6)
FNDA:0,(anonymous_7)
FNDA:0,(anonymous_8)
FNDA:0,(anonymous_9)
FNDA:0,(anonymous_10)
FNDA:0,(anonymous_11)
FNDA:0,(anonymous_12)
FNDA:0,(anonymous_13)
FNDA:0,(anonymous_14)
FNDA:0,(anonymous_15)
FNDA:0,(anonymous_16)
FNDA:0,(anonymous_17)
FNDA:0,(anonymous_18)
FNDA:0,(anonymous_19)
FNDA:0,(anonymous_20)
FNDA:0,(anonymous_21)
FNDA:0,(anonymous_22)
FNDA:0,(anonymous_23)
FNDA:0,(anonymous_24)
FNDA:0,(anonymous_25)
FNDA:0,(anonymous_26)
FNDA:0,(anonymous_27)
DA:9,0
DA:10,0
DA:11,0
DA:12,0
DA:23,0
DA:30,0
DA:32,0
DA:35,0
DA:38,0
DA:40,0
DA:41,0
DA:44,0
DA:45,0
DA:54,0
DA:78,0
DA:86,0
DA:87,0
DA:89,0
DA:91,0
DA:92,0
DA:97,0
DA:98,0
DA:101,0
DA:102,0
DA:105,0
DA:106,0
DA:109,0
DA:110,0
DA:114,0
DA:121,0
DA:124,0
DA:125,0
DA:126,0
DA:129,0
DA:136,0
DA:137,0
DA:138,0
DA:141,0
DA:143,0
DA:146,0
DA:149,0
DA:152,0
DA:154,0
DA:155,0
DA:156,0
DA:159,0
DA:160,0
DA:168,0
DA:169,0
DA:170,0
DA:173,0
DA:175,0
DA:178,0
DA:180,0
DA:181,0
DA:182,0
DA:185,0
DA:186,0
DA:194,0
DA:195,0
DA:197,0
DA:198,0
DA:211,0
DA:218,0
DA:219,0
DA:220,0
DA:223,0
DA:224,0
DA:225,0
DA:231,0
DA:232,0
DA:239,0
DA:240,0
DA:241,0
DA:242,0
DA:243,0
DA:252,0
DA:253,0
DA:264,0
DA:265,0
DA:266,0
DA:277,0
DA:278,0
DA:288,0
DA:289,0
DA:298,0
DA:306,0
DA:309,0
DA:310,0
DA:313,0
DA:321,0
DA:323,0
DA:332,0
DA:334,0
DA:335,0
DA:336,0
DA:337,0
DA:342,0
DA:350,0
DA:351,0
DA:354,0
DA:355,0
DA:357,0
DA:358,0
DA:359,0
DA:364,0
DA:371,0
DA:378,0
DA:385,0
DA:388,0
DA:389,0
DA:390,0
DA:398,0
DA:400,0
DA:403,0
DA:405,0
DA:413,0
DA:423,0
LF:118
LH:0
BRDA:87,0,0,0
BRDA:87,0,1,0
BRDA:89,1,0,0
BRDA:89,1,1,0
BRDA:89,1,2,0
BRDA:89,1,3,0
BRDA:89,1,4,0
BRDA:89,1,5,0
BRDA:89,1,6,0
BRDA:121,2,0,0
BRDA:121,2,1,0
BRDA:125,3,0,0
BRDA:125,3,1,0
BRDA:136,4,0,0
BRDA:136,4,1,0
BRDA:168,5,0,0
BRDA:168,5,1,0
BRDA:195,6,0,0
BRDA:195,6,1,0
BRDA:199,7,0,0
BRDA:199,7,1,0
BRDA:200,8,0,0
BRDA:200,8,1,0
BRDA:201,9,0,0
BRDA:201,9,1,0
BRDA:202,10,0,0
BRDA:202,10,1,0
BRDA:203,11,0,0
BRDA:203,11,1,0
BRDA:204,12,0,0
BRDA:204,12,1,0
BRDA:205,13,0,0
BRDA:205,13,1,0
BRDA:206,14,0,0
BRDA:206,14,1,0
BRDA:207,15,0,0
BRDA:207,15,1,0
BRDA:220,16,0,0
BRDA:220,16,1,0
BRDA:224,17,0,0
BRDA:224,17,1,0
BRDA:224,18,0,0
BRDA:224,18,1,0
BRDA:240,19,0,0
BRDA:240,19,1,0
BRDA:252,20,0,0
BRDA:252,20,1,0
BRDA:265,21,0,0
BRDA:265,21,1,0
BRDA:277,22,0,0
BRDA:277,22,1,0
BRDA:288,23,0,0
BRDA:288,23,1,0
BRDA:309,24,0,0
BRDA:309,24,1,0
BRDA:336,25,0,0
BRDA:336,25,1,0
BRDA:351,26,0,0
BRDA:351,26,1,0
BRDA:354,27,0,0
BRDA:354,27,1,0
BRDA:388,28,0,0
BRDA:388,28,1,0
BRDA:388,29,0,0
BRDA:388,29,1,0
BRDA:389,30,0,0
BRDA:389,30,1,0
BRDA:398,31,0,0
BRDA:398,31,1,0
BRF:69
BRH:0
end_of_record
TN:
SF:js/webgl-fallback.js
FN:7,(anonymous_0)
FN:16,(anonymous_1)
FN:47,(anonymous_2)
FN:62,(anonymous_3)
FN:95,(anonymous_4)
FN:100,(anonymous_5)
FN:101,(anonymous_6)
FN:113,(anonymous_7)
FN:119,(anonymous_8)
FN:128,(anonymous_9)
FN:132,(anonymous_10)
FN:141,(anonymous_11)
FN:151,(anonymous_12)
FN:158,(anonymous_13)
FN:165,(anonymous_14)
FNF:15
FNH:0
FNDA:0,(anonymous_0)
FNDA:0,(anonymous_1)
FNDA:0,(anonymous_2)
FNDA:0,(anonymous_3)
FNDA:0,(anonymous_4)
FNDA:0,(anonymous_5)
FNDA:0,(anonymous_6)
FNDA:0,(anonymous_7)
FNDA:0,(anonymous_8)
FNDA:0,(anonymous_9)
FNDA:0,(anonymous_10)
FNDA:0,(anonymous_11)
FNDA:0,(anonymous_12)
FNDA:0,(anonymous_13)
FNDA:0,(anonymous_14)
DA:8,0
DA:9,0
DA:10,0
DA:17,0
DA:18,0
DA:19,0
DA:21,0
DA:23,0
DA:24,0
DA:27,0
DA:28,0
DA:29,0
DA:31,0
DA:32,0
DA:35,0
DA:36,0
DA:39,0
DA:40,0
DA:48,0
DA:51,0
DA:54,0
DA:56,0
DA:63,0
DA:64,0
DA:65,0
DA:80,0
DA:86,0
DA:89,0
DA:96,0
DA:99,0
DA:100,0
DA:101,0
DA:102,0
DA:103,0
DA:104,0
DA:106,0
DA:114,0
DA:115,0
DA:116,0
DA:119,0
DA:120,0
DA:130,0
DA:131,0
DA:132,0
DA:133,0
DA:134,0
DA:139,0
DA:140,0
DA:141,0
DA:142,0
DA:143,0
DA:152,0
DA:159,0
DA:166,0
DA:167,0
DA:169,0
DA:170,0
DA:179,0
DA:191,0
DA:194,0
LF:60
LH:0
BRDA:19,0,0,0
BRDA:19,0,1,0
BRDA:21,1,0,0
BRDA:21,1,1,0
BRDA:27,2,0,0
BRDA:27,2,1,0
BRDA:27,3,0,0
BRDA:27,3,1,0
BRDA:101,4,0,0
BRDA:101,4,1,0
BRDA:101,5,0,0
BRDA:101,5,1,0
BRDA:102,6,0,0
BRDA:102,6,1,0
BRDA:115,7,0,0
BRDA:115,7,1,0
BRDA:130,8,0,0
BRDA:130,8,1,0
BRDA:139,9,0,0
BRDA:139,9,1,0
BRDA:167,10,0,0
BRDA:167,10,1,0
BRDA:169,11,0,0
BRDA:169,11,1,0
BRF:24
BRH:0
end_of_record
TN:
SF:js/characters/eli-3d-config.js
FN:7,(anonymous_0)
FN:248,(anonymous_1)
FN:278,(anonymous_2)
FN:285,(anonymous_3)
FN:292,(anonymous_4)
FN:309,(anonymous_5)
FN:323,(anonymous_6)
FN:335,(anonymous_7)
FNF:8
FNH:0
FNDA:0,(anonymous_0)
FNDA:0,(anonymous_1)
FNDA:0,(anonymous_2)
FNDA:0,(anonymous_3)
FNDA:0,(anonymous_4)
FNDA:0,(anonymous_5)
FNDA:0,(anonymous_6)
FNDA:0,(anonymous_7)
DA:8,0
DA:9,0
DA:10,0
DA:13,0
DA:31,0
DA:66,0
DA:99,0
DA:187,0
DA:220,0
DA:249,0
DA:251,0
DA:253,0
DA:254,0
DA:255,0
DA:256,0
DA:259,0
DA:260,0
DA:261,0
DA:262,0
DA:265,0
DA:266,0
DA:267,0
DA:268,0
DA:269,0
DA:272,0
DA:279,0
DA:286,0
DA:293,0
DA:295,0
DA:296,0
DA:297,0
DA:299,0
DA:303,0
DA:310,0
DA:317,0
DA:318,0
DA:319,0
DA:323,0
DA:324,0
DA:325,0
DA:329,0
DA:336,0
DA:353,0
DA:354,0
DA:355,0
DA:356,0
LF:46
LH:0
BRDA:251,0,0,0
BRDA:251,0,1,0
BRDA:251,0,2,0
BRDA:279,1,0,0
BRDA:279,1,1,0
BRDA:292,2,0,0
BRDA:296,3,0,0
BRDA:296,3,1,0
BRDA:296,4,0,0
BRDA:296,4,1,0
BRDA:309,5,0,0
BRDA:317,6,0,0
BRDA:317,6,1,0
BRDA:324,7,0,0
BRDA:324,7,1,0
BRDA:353,8,0,0
BRDA:353,8,1,0
BRDA:353,9,0,0
BRDA:353,9,1,0
BRDA:355,10,0,0
BRDA:355,10,1,0
BRF:21
BRH:0
end_of_record
TN:
SF:js/characters/eli-3d-integration.js
FN:7,(anonymous_0)
FN:28,(anonymous_1)
FN:63,(anonymous_2)
FN:116,(anonymous_3)
FN:162,(anonymous_4)
FN:167,(anonymous_5)
FN:168,(anonymous_6)
FN:178,(anonymous_7)
FN:185,(anonymous_8)
FN:197,(anonymous_9)
FN:200,(anonymous_10)
FN:211,(anonymous_11)
FN:226,(anonymous_12)
FN:243,(anonymous_13)
FN:252,(anonymous_14)
FN:275,(anonymous_15)
FNF:16
FNH:0
FNDA:0,(anonymous_0)
FNDA:0,(anonymous_1)
FNDA:0,(anonymous_2)
FNDA:0,(anonymous_3)
FNDA:0,(anonymous_4)
FNDA:0,(anonymous_5)
FNDA:0,(anonymous_6)
FNDA:0,(anonymous_7)
FNDA:0,(anonymous_8)
FNDA:0,(anonymous_9)
FNDA:0,(anonymous_10)
FNDA:0,(anonymous_11)
FNDA:0,(anonymous_12)
FNDA:0,(anonymous_13)
FNDA:0,(anonymous_14)
FNDA:0,(anonymous_15)
DA:8,0
DA:9,0
DA:10,0
DA:11,0
DA:12,0
DA:13,0
DA:14,0
DA:17,0
DA:29,0
DA:31,0
DA:33,0
DA:34,0
DA:37,0
DA:40,0
DA:42,0
DA:43,0
DA:45,0
DA:52,0
DA:53,0
DA:64,0
DA:65,0
DA:68,0
DA:70,0
DA:72,0
DA:73,0
DA:74,0
DA:78,0
DA:80,0
DA:81,0
DA:85,0
DA:86,0
DA:89,0
DA:90,0
DA:93,0
DA:95,0
DA:97,0
DA:105,0
DA:106,0
DA:117,0
DA:118,0
DA:119,0
DA:122,0
DA:123,0
DA:124,0
DA:125,0
DA:128,0
DA:129,0
DA:131,0
DA:133,0
DA:134,0
DA:137,0
DA:140,0
DA:149,0
DA:150,0
DA:155,0
DA:164,0
DA:167,0
DA:168,0
DA:169,0
DA:170,0
DA:179,0
DA:186,0
DA:198,0
DA:200,0
DA:212,0
DA:214,0
DA:215,0
DA:216,0
DA:220,0
DA:228,0
DA:230,0
DA:232,0
DA:234,0
DA:236,0
DA:244,0
DA:245,0
DA:253,0
DA:254,0
DA:257,0
DA:258,0
DA:259,0
DA:262,0
DA:269,0
DA:276,0
DA:291,0
DA:292,0
DA:293,0
DA:294,0
LF:88
LH:0
BRDA:64,0,0,0
BRDA:64,0,1,0
BRDA:73,1,0,0
BRDA:73,1,1,0
BRDA:80,2,0,0
BRDA:80,2,1,0
BRDA:116,3,0,0
BRDA:117,4,0,0
BRDA:117,4,1,0
BRDA:123,5,0,0
BRDA:123,5,1,0
BRDA:133,6,0,0
BRDA:133,6,1,0
BRDA:179,7,0,0
BRDA:179,7,1,0
BRDA:190,8,0,0
BRDA:190,8,1,0
BRDA:198,9,0,0
BRDA:198,9,1,0
BRDA:212,10,0,0
BRDA:212,10,1,0
BRDA:215,11,0,0
BRDA:215,11,1,0
BRDA:215,12,0,0
[...]
BRDA:490,10,0,0
BRDA:490,10,1,0
BRDA:492,11,0,0
BRDA:492,11,1,0
BRF:24
BRH:0
end_of_record
TN:
SF:js/characters/maya-3d-config.js
FN:7,(anonymous_0)
FN:328,(anonymous_1)
FN:365,(anonymous_2)
FN:372,(anonymous_3)
FN:379,(anonymous_4)
FN:396,(anonymous_5)
FN:413,(anonymous_6)
FN:437,(anonymous_7)
FNF:8
FNH:0
FNDA:0,(anonymous_0)
FNDA:0,(anonymous_1)
FNDA:0,(anonymous_2)
FNDA:0,(anonymous_3)
FNDA:0,(anonymous_4)
FNDA:0,(anonymous_5)
FNDA:0,(anonymous_6)
FNDA:0,(anonymous_7)
DA:8,0
DA:9,0
DA:10,0
DA:13,0
DA:33,0
DA:78,0
DA:125,0
DA:251,0
DA:294,0
DA:329,0
DA:331,0
DA:333,0
DA:334,0
DA:335,0
DA:336,0
DA:339,0
DA:340,0
DA:341,0
DA:342,0
DA:345,0
DA:346,0
DA:347,0
DA:348,0
DA:349,0
DA:352,0
DA:353,0
DA:354,0
DA:355,0
DA:356,0
DA:359,0
DA:366,0
DA:373,0
DA:380,0
DA:382,0
DA:383,0
DA:384,0
DA:386,0
DA:390,0
DA:397,0
DA:404,0
DA:405,0
DA:406,0
DA:410,0
DA:411,0
DA:413,0
DA:414,0
DA:415,0
DA:419,0
DA:420,0
DA:423,0
DA:424,0
DA:427,0
DA:428,0
DA:431,0
DA:438,0
DA:455,0
DA:456,0
DA:457,0
DA:458,0
LF:59
LH:0
BRDA:331,0,0,0
BRDA:331,0,1,0
BRDA:331,0,2,0
BRDA:331,0,3,0
BRDA:366,1,0,0
BRDA:366,1,1,0
BRDA:379,2,0,0
BRDA:383,3,0,0
BRDA:383,3,1,0
BRDA:383,4,0,0
BRDA:383,4,1,0
BRDA:396,5,0,0
BRDA:404,6,0,0
BRDA:404,6,1,0
BRDA:414,7,0,0
BRDA:414,7,1,0
BRDA:419,8,0,0
BRDA:419,8,1,0
BRDA:420,9,0,0
BRDA:420,9,1,0
BRDA:423,10,0,0
BRDA:423,10,1,0
BRDA:427,11,0,0
BRDA:427,11,1,0
BRDA:455,12,0,0
BRDA:455,12,1,0
BRDA:455,13,0,0
BRDA:455,13,1,0
BRDA:457,14,0,0
BRDA:457,14,1,0
BRF:30
BRH:0
end_of_record
TN:
SF:js/characters/maya-3d-integration.js
FN:7,(anonymous_0)
FN:28,(anonymous_1)
FN:64,(anonymous_2)
FN:123,(anonymous_3)
FN:170,(anonymous_4)
FN:179,(anonymous_5)
FN:180,(anonymous_6)
FN:190,(anonymous_7)
FN:197,(anonymous_8)
FN:211,(anonymous_9)
FN:214,(anonymous_10)
FN:226,(anonymous_11)
FN:240,(anonymous_12)
FN:255,(anonymous_13)
FN:274,(anonymous_14)
FN:287,(anonymous_15)
FN:296,(anonymous_16)
FN:319,(anonymous_17)
FN:344,(anonymous_18)
FN:359,(anonymous_19)
FNF:20
FNH:0
FNDA:0,(anonymous_0)
FNDA:0,(anonymous_1)
FNDA:0,(anonymous_2)
FNDA:0,(anonymous_3)
FNDA:0,(anonymous_4)
FNDA:0,(anonymous_5)
FNDA:0,(anonymous_6)
FNDA:0,(anonymous_7)
FNDA:0,(anonymous_8)
FNDA:0,(anonymous_9)
FNDA:0,(anonymous_10)
FNDA:0,(anonymous_11)
FNDA:0,(anonymous_12)
FNDA:0,(anonymous_13)
FNDA:0,(anonymous_14)
FNDA:0,(anonymous_15)
FNDA:0,(anonymous_16)
FNDA:0,(anonymous_17)
FNDA:0,(anonymous_18)
FNDA:0,(anonymous_19)
DA:8,0
DA:9,0
DA:10,0
DA:11,0
DA:12,0
DA:13,0
DA:14,0
DA:17,0
DA:29,0
DA:31,0
DA:33,0
DA:34,0
DA:37,0
DA:40,0
DA:42,0
DA:43,0
DA:45,0
DA:53,0
DA:54,0
DA:65,0
DA:66,0
DA:69,0
DA:71,0
DA:73,0
DA:74,0
DA:75,0
DA:79,0
DA:80,0
DA:84,0
DA:86,0
DA:87,0
DA:91,0
DA:92,0
DA:95,0
DA:96,0
DA:99,0
DA:101,0
DA:103,0
DA:112,0
DA:113,0
DA:124,0
DA:125,0
DA:126,0
DA:129,0
DA:130,0
DA:131,0
DA:132,0
DA:135,0
DA:136,0
DA:138,0
DA:140,0
DA:141,0
DA:144,0
DA:147,0
DA:157,0
DA:158,0
DA:163,0
DA:172,0
DA:179,0
DA:180,0
DA:181,0
DA:182,0
DA:191,0
DA:198,0
DA:212,0
DA:214,0
DA:227,0
DA:234,0
DA:241,0
DA:243,0
DA:244,0
DA:245,0
DA:249,0
DA:257,0
DA:259,0
DA:261,0
DA:263,0
DA:265,0
DA:267,0
DA:275,0
DA:288,0
DA:289,0
DA:297,0
DA:298,0
DA:301,0
DA:302,0
DA:303,0
DA:306,0
DA:313,0
DA:320,0
DA:345,0
DA:346,0
DA:347,0
DA:350,0
DA:352,0
DA:354,0
DA:356,0
DA:357,0
DA:359,0
DA:362,0
DA:363,0
DA:366,0
DA:367,0
DA:373,0
DA:374,0
DA:375,0
DA:376,0
LF:107
LH:0
BRDA:65,0,0,0
BRDA:65,0,1,0
BRDA:74,1,0,0
BRDA:74,1,1,0
BRDA:79,2,0,0
BRDA:79,2,1,0
BRDA:86,3,0,0
BRDA:86,3,1,0
BRDA:123,4,0,0
BRDA:124,5,0,0
BRDA:124,5,1,0
BRDA:130,6,0,0
BRDA:130,6,1,0
BRDA:140,7,0,0
BRDA:140,7,1,0
BRDA:191,8,0,0
BRDA:191,8,1,0
BRDA:202,9,0,0
BRDA:202,9,1,0
BRDA:212,10,0,0
BRDA:212,10,1,0
BRDA:234,11,0,0
BRDA:234,11,1,0
BRDA:241,12,0,0
BRDA:241,12,1,0
BRDA:244,13,0,0
BRDA:244,13,1,0
BRDA:244,14,0,0
BRDA:244,14,1,0
BRDA:257,15,0,0
BRDA:257,15,1,0
BRDA:257,15,2,0
BRDA:257,15,3,0
BRDA:257,15,4,0
BRDA:276,16,0,0
BRDA:276,16,1,0
BRDA:277,17,0,0
BRDA:277,17,1,0
BRDA:278,18,0,0
BRDA:278,18,1,0
BRDA:279,19,0,0
BRDA:279,19,1,0
BRDA:280,20,0,0
BRDA:280,20,1,0
BRDA:288,21,0,0
BRDA:288,21,1,0
BRDA:297,22,0,0
BRDA:297,22,1,0
BRDA:326,23,0,0
BRDA:326,23,1,0
BRDA:345,24,0,0
BRDA:345,24,1,0
BRDA:373,25,0,0
BRDA:373,25,1,0
BRDA:373,26,0,0
BRDA:373,26,1,0
BRDA:375,27,0,0
BRDA:375,27,1,0
BRF:58
BRH:0
end_of_record
TN:
SF:js/characters/maya-animation-system.js
FN:7,(anonymous_0)
FN:384,(anonymous_1)
FN:401,(anonymous_2)
FN:441,(anonymous_3)
FN:449,(anonymous_4)
FN:458,(anonymous_5)
FN:465,(anonymous_6)
FN:479,(anonymous_7)
FN:483,(anonymous_8)
FN:507,(anonymous_9)
FN:524,(anonymous_10)
FN:539,(anonymous_11)
FN:550,(anonymous_12)
FN:591,(anonymous_13)
FN:594,(anonymous_14)
FN:607,(anonymous_15)
FN:615,(anonymous_16)
FN:623,(anonymous_17)
FN:631,(anonymous_18)
FN:641,(anonymous_19)
FN:652,(anonymous_20)
FN:659,(anonymous_21)
FNF:22
FNH:0
FNDA:0,(anonymous_0)
FNDA:0,(anonymous_1)
FNDA:0,(anonymous_2)
FNDA:0,(anonymous_3)
FNDA:0,(anonymous_4)
FNDA:0,(anonymous_5)
FNDA:0,(anonymous_6)
FNDA:0,(anonymous_7)
FNDA:0,(anonymous_8)
FNDA:0,(anonymous_9)
FNDA:0,(anonymous_10)
FNDA:0,(anonymous_11)
FNDA:0,(anonymous_12)
FNDA:0,(anonymous_13)
FNDA:0,(anonymous_14)
FNDA:0,(anonymous_15)
FNDA:0,(anonymous_16)
FNDA:0,(anonymous_17)
FNDA:0,(anonymous_18)
FNDA:0,(anonymous_19)
FNDA:0,(anonymous_20)
FNDA:0,(anonymous_21)
DA:8,0
DA:9,0
DA:10,0
DA:11,0
DA:12,0
DA:15,0
DA:16,0
DA:19,0
DA:90,0
DA:311,0
DA:385,0
DA:386,0
DA:390,0
DA:393,0
DA:395,0
DA:402,0
DA:403,0
DA:404,0
DA:405,0
DA:408,0
DA:409,0
DA:410,0
DA:411,0
DA:414,0
DA:415,0
DA:416,0
DA:418,0
DA:420,0
DA:423,0
DA:424,0
DA:428,0
DA:430,0
DA:433,0
DA:435,0
DA:436,0
DA:439,0
DA:440,0
DA:441,0
DA:450,0
DA:451,0
DA:459,0
DA:460,0
DA:461,0
DA:462,0
DA:465,0
DA:467,0
DA:470,0
DA:472,0
DA:481,0
DA:483,0
DA:484,0
DA:485,0
DA:488,0
DA:491,0
DA:494,0
DA:496,0
DA:497,0
DA:501,0
DA:508,0
DA:509,0
DA:510,0
DA:512,0
DA:513,0
DA:514,0
DA:518,0
DA:526,0
DA:541,0
DA:543,0
DA:551,0
DA:553,0
DA:555,0
DA:557,0
DA:558,0
DA:559,0
DA:561,0
DA:563,0
DA:565,0
DA:566,0
DA:568,0
DA:570,0
DA:571,0
DA:572,0
DA:573,0
DA:574,0
DA:575,0
DA:576,0
DA:577,0
DA:579,0
DA:582,0
DA:584,0
DA:592,0
DA:594,0
DA:595,0
DA:596,0
DA:597,0
DA:599,0
DA:609,0
DA:617,0
DA:625,0
DA:632,0
DA:633,0
DA:634,0
DA:642,0
DA:643,0
DA:644,0
DA:645,0
DA:653,0
DA:660,0
DA:665,0
DA:666,0
DA:667,0
DA:668,0
LF:112
LH:0
BRDA:385,0,0,0
BRDA:385,0,1,0
BRDA:401,1,0,0
BRDA:402,2,0,0
BRDA:402,2,1,0
BRDA:409,3,0,0
BRDA:409,3,1,0
BRDA:423,4,0,0
BRDA:423,4,1,0
BRDA:439,5,0,0
BRDA:439,5,1,0
BRDA:460,6,0,0
BRDA:460,6,1,0
BRDA:479,7,0,0
BRDA:496,8,0,0
BRDA:496,8,1,0
BRDA:512,9,0,0
BRDA:512,9,1,0
BRDA:512,10,0,0
BRDA:512,10,1,0
BRDA:541,11,0,0
BRDA:541,11,1,0
BRDA:541,12,0,0
BRDA:541,12,1,0
BRDA:551,13,0,0
BRDA:551,13,1,0
BRDA:551,13,2,0
BRDA:551,13,3,0
BRDA:551,13,4,0
BRDA:551,13,5,0
BRDA:551,13,6,0
BRDA:551,13,7,0
BRDA:551,13,8,0
BRDA:551,13,9,0
BRDA:563,14,0,0
BRDA:563,14,1,0
BRDA:566,15,0,0
BRDA:566,15,1,0
BRDA:566,16,0,0
BRDA:566,16,1,0
BRDA:568,17,0,0
BRDA:568,17,1,0
BRDA:572,18,0,0
BRDA:572,18,1,0
BRDA:574,19,0,0
BRDA:574,19,1,0
BRDA:576,20,0,0
BRDA:576,20,1,0
BRDA:582,21,0,0
BRDA:582,21,1,0
BRDA:592,22,0,0
BRDA:592,22,1,0
BRDA:592,23,0,0
BRDA:592,23,1,0
BRDA:596,24,0,0
BRDA:596,24,1,0
BRDA:632,25,0,0
BRDA:632,25,1,0
BRDA:642,26,0,0
BRDA:642,26,1,0
BRDA:665,27,0,0
BRDA:665,27,1,0
BRDA:665,28,0,0
BRDA:665,28,1,0
BRDA:667,29,0,0
BRDA:667,29,1,0
BRF:66
BRH:0
end_of_record
TN:
SF:js/characters/maya-nerf-processor.js
FN:7,(anonymous_0)
FN:45,(anonymous_1)
FN:98,(anonymous_2)
FN:142,(anonymous_3)
FN:178,(anonymous_4)
FN:239,(anonymous_5)
FN:294,(anonymous_6)
FN:329,(anonymous_7)
FN:397,(anonymous_8)
FN:432,(anonymous_9)
FN:467,(anonymous_10)
FN:518,(anonymous_11)
FN:528,(anonymous_12)
FN:533,(anonymous_13)
FN:538,(anonymous_14)
FN:543,(anonymous_15)
FN:554,(anonymous_16)
FN:556,(anonymous_17)
FN:557,(anonymous_18)
FN:564,(anonymous_19)
FN:566,(anonymous_20)
FN:567,(anonymous_21)
FNF:22
FNH:0
FNDA:0,(anonymous_0)
FNDA:0,(anonymous_1)
FNDA:0,(anonymous_2)
FNDA:0,(anonymous_3)
FNDA:0,(anonymous_4)
FNDA:0,(anonymous_5)
FNDA:0,(anonymous_6)
FNDA:0,(anonymous_7)
FNDA:0,(anonymous_8)
FNDA:0,(anonymous_9)
FNDA:0,(anonymous_10)
FNDA:0,(anonymous_11)
FNDA:0,(anonymous_12)
FNDA:0,(anonymous_13)
FNDA:0,(anonymous_14)
FNDA:0,(anonymous_15)
FNDA:0,(anonymous_16)
FNDA:0,(anonymous_17)
FNDA:0,(anonymous_18)
FNDA:0,(anonymous_19)
FNDA:0,(anonymous_20)
FNDA:0,(anonymous_21)
DA:8,0
DA:9,0
DA:10,0
DA:46,0
DA:48,0
DA:50,0
DA:51,0
DA:52,0
DA:56,0
DA:59,0
DA:62,0
DA:65,0
DA:68,0
DA:71,0
DA:74,0
DA:76,0
DA:86,0
DA:87,0
DA:99,0
DA:101,0
DA:102,0
DA:103,0
DA:107,0
DA:108,0
DA:109,0
DA:111,0
DA:112,0
DA:114,0
DA:115,0
DA:116,0
DA:118,0
DA:119,0
DA:123,0
DA:124,0
DA:127,0
DA:128,0
DA:129,0
DA:132,0
DA:133,0
DA:136,0
DA:143,0
DA:145,0
DA:146,0
DA:149,0
DA:152,0
DA:155,0
DA:158,0
DA:160,0
DA:172,0
DA:179,0
DA:180,0
DA:183,0
DA:184,0
DA:187,0
DA:188,0
DA:191,0
DA:192,0
DA:195,0
DA:198,0
DA:200,0
DA:216,0
DA:219,0
DA:240,0
DA:242,0
DA:279,0
DA:281,0
DA:295,0
DA:297,0
DA:313,0
DA:315,0
DA:330,0
DA:391,0
DA:398,0
DA:426,0
DA:433,0
DA:468,0
DA:520,0
DA:530,0
DA:535,0
DA:540,0
DA:545,0
DA:556,0
DA:557,0
DA:558,0
DA:559,0
DA:566,0
DA:567,0
DA:568,0
DA:569,0
DA:576,0
DA:577,0
DA:578,0
DA:579,0
LF:93
LH:0
BRDA:51,0,0,0
BRDA:51,0,1,0
BRDA:101,1,0,0
BRDA:101,1,1,0
BRDA:114,2,0,0
BRDA:114,2,1,0
BRDA:115,3,0,0
BRDA:115,3,1,0
BRDA:116,4,0,0
BRDA:116,4,1,0
BRDA:118,5,0,0
BRDA:118,5,1,0
BRDA:118,6,0,0
BRDA:118,6,1,0
BRDA:123,7,0,0
BRDA:123,7,1,0
BRDA:127,8,0,0
BRDA:127,8,1,0
BRDA:132,9,0,0
BRDA:132,9,1,0
BRDA:162,10,0,0
BRDA:162,10,1,0
BRDA:576,11,0,0
BRDA:576,11,1,0
BRDA:576,12,0,0
BRDA:576,12,1,0
BRDA:578,13,0,0
BRDA:578,13,1,0
BRF:28
BRH:0
end_of_record
TN:
SF:js/characters/stanley-3d-config.js
FN:7,(anonymous_0)
FN:327,(anonymous_1)
FN:357,(anonymous_2)
FN:364,(anonymous_3)
FN:371,(anonymous_4)
FN:388,(anonymous_5)
FN:406,(anonymous_6)
FN:435,(anonymous_7)
FNF:8
FNH:0
FNDA:0,(anonymous_0)
FNDA:0,(anonymous_1)
FNDA:0,(anonymous_2)
FNDA:0,(anonymous_3)
FNDA:0,(anonymous_4)
FNDA:0,(anonymous_5)
FNDA:0,(anonymous_6)
FNDA:0,(anonymous_7)
DA:8,0
DA:9,0
DA:10,0
DA:13,0
DA:33,0
DA:77,0
DA:122,0
DA:260,0
DA:293,0
DA:328,0
DA:330,0
DA:332,0
DA:333,0
DA:334,0
DA:335,0
DA:338,0
DA:339,0
DA:340,0
DA:341,0
DA:344,0
DA:345,0
DA:346,0
DA:347,0
DA:348,0
DA:351,0
DA:358,0
DA:365,0
DA:372,0
DA:374,0
DA:375,0
DA:376,0
DA:378,0
DA:382,0
DA:389,0
DA:396,0
DA:397,0
DA:398,0
DA:402,0
DA:403,0
DA:404,0
DA:406,0
DA:407,0
DA:408,0
DA:412,0
DA:413,0
DA:414,0
DA:417,0
DA:418,0
DA:421,0
DA:422,0
DA:425,0
DA:426,0
DA:429,0
DA:436,0
DA:453,0
DA:454,0
DA:455,0
DA:456,0
LF:58
LH:0
BRDA:330,0,0,0
BRDA:330,0,1,0
BRDA:330,0,2,0
BRDA:358,1,0,0
BRDA:358,1,1,0
BRDA:371,2,0,0
BRDA:375,3,0,0
BRDA:375,3,1,0
BRDA:375,4,0,0
BRDA:375,4,1,0
BRDA:388,5,0,0
BRDA:396,6,0,0
BRDA:396,6,1,0
BRDA:407,7,0,0
BRDA:407,7,1,0
BRDA:412,8,0,0
BRDA:412,8,1,0
BRDA:413,9,0,0
BRDA:413,9,1,0
BRDA:414,10,0,0
BRDA:414,10,1,0
BRDA:417,11,0,0
BRDA:417,11,1,0
BRDA:421,12,0,0
BRDA:421,12,1,0
BRDA:425,13,0,0
BRDA:425,13,1,0
BRDA:453,14,0,0
BRDA:453,14,1,0
BRDA:453,15,0,0
BRDA:453,15,1,0
BRDA:455,16,0,0
BRDA:455,16,1,0
BRF:33
BRH:0
end_of_record
TN:
SF:js/characters/stanley-3d-integration.js
FN:7,(anonymous_0)
FN:28,(anonymous_1)
FN:64,(anonymous_2)
FN:123,(anonymous_3)
FN:171,(anonymous_4)
FN:181,(anonymous_5)
FN:182,(anonymous_6)
FN:192,(anonymous_7)
FN:199,(anonymous_8)
FN:214,(anonymous_9)
FN:217,(anonymous_10)
FN:229,(anonymous_11)
FN:242,(anonymous_12)
FN:257,(anonymous_13)
FN:274,(anonymous_14)
FN:287,(anonymous_15)
FN:302,(anonymous_16)
FN:327,(anonymous_17)
FN:336,(anonymous_18)
FN:359,(anonymous_19)
FN:385,(anonymous_20)
FN:400,(anonymous_21)
FN:415,(anonymous_22)
FNF:23
FNH:0
FNDA:0,(anonymous_0)
FNDA:0,(anonymous_1)
FNDA:0,(anonymous_2)
FNDA:0,(anonymous_3)
FNDA:0,(anonymous_4)
FNDA:0,(anonymous_5)
FNDA:0,(anonymous_6)
FNDA:0,(anonymous_7)
FNDA:0,(anonymous_8)
FNDA:0,(anonymous_9)
FNDA:0,(anonymous_10)
FNDA:0,(anonymous_11)
FNDA:0,(anonymous_12)
FNDA:0,(anonymous_13)
FNDA:0,(anonymous_14)
FNDA:0,(anonymous_15)
FNDA:0,(anonymous_16)
FNDA:0,(anonymous_17)
FNDA:0,(anonymous_18)
FNDA:0,(anonymous_19)
FNDA:0,(anonymous_20)
FNDA:0,(anonymous_21)
FNDA:0,(anonymous_22)
DA:8,0
DA:9,0
DA:10,0
DA:11,0
DA:12,0
DA:13,0
DA:14,0
DA:17,0
DA:29,0
DA:31,0
DA:33,0
DA:34,0
DA:37,0
DA:40,0
DA:42,0
DA:43,0
DA:45,0
DA:53,0
DA:54,0
DA:65,0
DA:66,0
DA:69,0
DA:71,0
DA:73,0
DA:74,0
DA:75,0
DA:79,0
DA:80,0
DA:84,0
DA:86,0
DA:87,0
DA:91,0
DA:92,0
DA:95,0
DA:96,0
DA:99,0
DA:101,0
DA:103,0
DA:112,0
DA:113,0
DA:124,0
DA:125,0
DA:126,0
DA:129,0
DA:130,0
DA:131,0
DA:132,0
DA:135,0
DA:136,0
DA:138,0
DA:140,0
DA:141,0
DA:144,0
DA:147,0
DA:158,0
DA:159,0
DA:164,0
DA:173,0
DA:181,0
DA:182,0
DA:183,0
DA:184,0
DA:193,0
DA:200,0
DA:215,0
DA:217,0
DA:230,0
DA:236,0
DA:243,0
DA:245,0
DA:246,0
DA:247,0
DA:251,0
DA:259,0
DA:261,0
DA:263,0
DA:265,0
DA:267,0
DA:275,0
DA:288,0
DA:290,0
DA:303,0
DA:305,0
DA:306,0
DA:309,0
DA:310,0
DA:313,0
DA:314,0
DA:317,0
DA:318,0
DA:321,0
DA:328,0
DA:329,0
DA:337,0
DA:338,0
DA:341,0
DA:342,0
DA:343,0
DA:346,0
DA:353,0
DA:360,0
DA:386,0
DA:387,0
DA:388,0
DA:391,0
DA:393,0
DA:395,0
DA:397,0
DA:398,0
DA:400,0
DA:403,0
DA:404,0
DA:407,0
DA:408,0
DA:416,0
DA:417,0
DA:418,0
DA:421,0
DA:423,0
DA:429,0
DA:430,0
DA:431,0
DA:432,0
DA:433,0
DA:436,0
DA:441,0
DA:442,0
DA:443,0
DA:444,0
LF:129
LH:0
BRDA:65,0,0,0
BRDA:65,0,1,0
BRDA:74,1,0,0
BRDA:74,1,1,0
BRDA:79,2,0,0
BRDA:79,2,1,0
BRDA:86,3,0,0
BRDA:86,3,1,0
BRDA:123,4,0,0
BRDA:124,5,0,0
BRDA:124,5,1,0
BRDA:130,6,0,0
BRDA:130,6,1,0
BRDA:140,7,0,0
BRDA:140,7,1,0
BRDA:193,8,0,0
BRDA:193,8,1,0
BRDA:204,9,0,0
BRDA:204,9,1,0
BRDA:215,10,0,0
BRDA:215,10,1,0
BRDA:236,11,0,0
BRDA:236,11,1,0
BRDA:243,12,0,0
BRDA:243,12,1,0
BRDA:246,13,0,0
BRDA:246,13,1,0
BRDA:246,14,0,0
BRDA:246,14,1,0
BRDA:259,15,0,0
BRDA:259,15,1,0
BRDA:259,15,2,0
BRDA:259,15,3,0
BRDA:276,16,0,0
BRDA:276,16,1,0
BRDA:277,17,0,0
BRDA:277,17,1,0
BRDA:278,18,0,0
BRDA:278,18,1,0
BRDA:279,19,0,0
BRDA:279,19,1,0
BRDA:280,20,0,0
BRDA:280,20,1,0
BRDA:305,21,0,0
BRDA:305,21,1,0
BRDA:309,22,0,0
BRDA:309,22,1,0
BRDA:313,23,0,0
BRDA:313,23,1,0
BRDA:317,24,0,0
BRDA:317,24,1,0
BRDA:328,25,0,0
BRDA:328,25,1,0
BRDA:337,26,0,0
BRDA:337,26,1,0
BRDA:366,27,0,0
BRDA:366,27,1,0
BRDA:386,28,0,0
BRDA:386,28,1,0
BRDA:415,29,0,0
BRDA:416,30,0,0
BRDA:416,30,1,0
BRDA:430,31,0,0
BRDA:430,31,1,0
BRDA:441,32,0,0
BRDA:441,32,1,0
BRDA:441,33,0,0
BRDA:441,33,1,0
BRDA:443,34,0,0
BRDA:443,34,1,0
BRF:70
BRH:0
end_of_record
TN:
SF:js/characters/stanley-animation-system.js
FN:7,(anonymous_0)
FN:413,(anonymous_1)
FN:430,(anonymous_2)
FN:470,(anonymous_3)
FN:478,(anonymous_4)
FN:487,(anonymous_5)
FN:494,(anonymous_6)
FN:508,(anonymous_7)
FN:512,(anonymous_8)
FN:536,(anonymous_9)
FN:553,(anonymous_10)
FN:569,(anonymous_11)
FN:580,(anonymous_12)
FN:615,(anonymous_13)
FN:633,(anonymous_14)
FN:636,(anonymous_15)
FN:649,(anonymous_16)
FN:657,(anonymous_17)
FN:665,(anonymous_18)
FN:673,(anonymous_19)
FN:683,(anonymous_20)
FN:694,(anonymous_21)
FN:701,(anonymous_22)
FNF:23
FNH:0
FNDA:0,(anonymous_0)
FNDA:0,(anonymous_1)
FNDA:0,(anonymous_2)
FNDA:0,(anonymous_3)
FNDA:0,(anonymous_4)
FNDA:0,(anonymous_5)
FNDA:0,(anonymous_6)
FNDA:0,(anonymous_7)
FNDA:0,(anonymous_8)
FNDA:0,(anonymous_9)
FNDA:0,(anonymous_10)
FNDA:0,(anonymous_11)
FNDA:0,(anonymous_12)
FNDA:0,(anonymous_13)
FNDA:0,(anonymous_14)
FNDA:0,(anonymous_15)
FNDA:0,(anonymous_16)
FNDA:0,(anonymous_17)
FNDA:0,(anonymous_18)
FNDA:0,(anonymous_19)
FNDA:0,(anonymous_20)
FNDA:0,(anonymous_21)
FNDA:0,(anonymous_22)
DA:8,0
DA:9,0
DA:10,0
DA:11,0
DA:12,0
DA:15,0
DA:16,0
DA:19,0
DA:91,0
DA:325,0
DA:414,0
DA:415,0
DA:419,0
DA:422,0
DA:424,0
DA:431,0
DA:432,0
DA:433,0
DA:434,0
DA:437,0
DA:438,0
DA:439,0
DA:440,0
DA:443,0
DA:444,0
DA:445,0
DA:447,0
DA:449,0
DA:452,0
DA:453,0
DA:457,0
DA:459,0
DA:462,0
DA:464,0
DA:465,0
DA:468,0
DA:469,0
DA:470,0
DA:479,0
DA:480,0
DA:488,0
DA:489,0
DA:490,0
DA:491,0
DA:494,0
DA:496,0
DA:499,0
DA:501,0
DA:510,0
DA:512,0
DA:513,0
DA:514,0
DA:517,0
DA:520,0
DA:523,0
DA:525,0
DA:526,0
DA:530,0
DA:537,0
DA:538,0
DA:539,0
DA:541,0
DA:542,0
DA:543,0
DA:547,0
DA:555,0
DA:571,0
DA:573,0
DA:581,0
DA:583,0
DA:585,0
DA:587,0
DA:588,0
DA:589,0
DA:591,0
DA:593,0
DA:595,0
DA:596,0
DA:600,0
DA:602,0
DA:606,0
DA:608,0
DA:616,0
DA:617,0
DA:619,0
DA:620,0
DA:621,0
DA:622,0
DA:623,0
DA:624,0
DA:626,0
DA:634,0
DA:636,0
DA:637,0
DA:638,0
DA:639,0
DA:641,0
DA:651,0
DA:659,0
DA:667,0
DA:674,0
DA:675,0
DA:676,0
DA:684,0
DA:685,0
DA:686,0
DA:687,0
DA:695,0
DA:702,0
DA:707,0
DA:708,0
DA:709,0
DA:710,0
LF:113
LH:0
BRDA:414,0,0,0
BRDA:414,0,1,0
BRDA:430,1,0,0
BRDA:431,2,0,0
BRDA:431,2,1,0
BRDA:438,3,0,0
BRDA:438,3,1,0
BRDA:452,4,0,0
BRDA:452,4,1,0
BRDA:468,5,0,0
BRDA:468,5,1,0
BRDA:489,6,0,0
BRDA:489,6,1,0
BRDA:508,7,0,0
BRDA:525,8,0,0
BRDA:525,8,1,0
BRDA:541,9,0,0
BRDA:541,9,1,0
BRDA:541,10,0,0
BRDA:541,10,1,0
BRDA:571,11,0,0
BRDA:571,11,1,0
BRDA:571,12,0,0
BRDA:571,12,1,0
BRDA:581,13,0,0
BRDA:581,13,1,0
BRDA:581,13,2,0
BRDA:581,13,3,0
BRDA:581,13,4,0
BRDA:581,13,5,0
BRDA:581,13,6,0
BRDA:581,13,7,0
BRDA:581,13,8,0
BRDA:581,13,9,0
BRDA:593,14,0,0
BRDA:593,14,1,0
BRDA:596,15,0,0
BRDA:596,15,1,0
BRDA:596,16,0,0
BRDA:596,16,1,0
BRDA:596,17,0,0
BRDA:596,17,1,0
BRDA:600,18,0,0
BRDA:600,18,1,0
BRDA:602,19,0,0
BRDA:602,19,1,0
BRDA:619,20,0,0
BRDA:619,20,1,0
BRDA:621,21,0,0
BRDA:621,21,1,0
BRDA:623,22,0,0
BRDA:623,22,1,0
BRDA:634,23,0,0
BRDA:634,23,1,0
BRDA:634,24,0,0
BRDA:634,24,1,0
BRDA:638,25,0,0
BRDA:638,25,1,0
BRDA:674,26,0,0
BRDA:674,26,1,0
BRDA:684,27,0,0
BRDA:684,27,1,0
BRDA:707,28,0,0
BRDA:707,28,1,0
BRDA:707,29,0,0
BRDA:707,29,1,0
BRDA:709,30,0,0
BRDA:709,30,1,0
BRF:68
BRH:0
end_of_record
TN:
SF:js/characters/stanley-nerf-processor.js
FN:7,(anonymous_0)
FN:47,(anonymous_1)
FN:100,(anonymous_2)
FN:150,(anonymous_3)
FN:189,(anonymous_4)
FN:246,(anonymous_5)
FN:303,(anonymous_6)
FN:338,(anonymous_7)
FN:406,(anonymous_8)
FN:441,(anonymous_9)
FN:476,(anonymous_10)
FN:528,(anonymous_11)
FN:539,(anonymous_12)
FN:544,(anonymous_13)
FN:549,(anonymous_14)
FN:554,(anonymous_15)
FN:559,(anonymous_16)
FN:570,(anonymous_17)
FN:572,(anonymous_18)
FN:573,(anonymous_19)
FN:580,(anonymous_20)
FN:582,(anonymous_21)
FN:583,(anonymous_22)
FNF:23
FNH:0
FNDA:0,(anonymous_0)
FNDA:0,(anonymous_1)
FNDA:0,(anonymous_2)
FNDA:0,(anonymous_3)
FNDA:0,(anonymous_4)
FNDA:0,(anonymous_5)
FNDA:0,(anonymous_6)
FNDA:0,(anonymous_7)
FNDA:0,(anonymous_8)
FNDA:0,(anonymous_9)
FNDA:0,(anonymous_10)
FNDA:0,(anonymous_11)
FNDA:0,(anonymous_12)
FNDA:0,(anonymous_13)
FNDA:0,(anonymous_14)
FNDA:0,(anonymous_15)
FNDA:0,(anonymous_16)
FNDA:0,(anonymous_17)
FNDA:0,(anonymous_18)
FNDA:0,(anonymous_19)
FNDA:0,(anonymous_20)
FNDA:0,(anonymous_21)
FNDA:0,(anonymous_22)
DA:8,0
DA:9,0
DA:10,0
DA:48,0
DA:50,0
DA:52,0
DA:53,0
DA:54,0
DA:58,0
DA:61,0
DA:64,0
DA:67,0
DA:70,0
DA:73,0
DA:76,0
DA:78,0
DA:88,0
DA:89,0
DA:101,0
DA:103,0
DA:104,0
DA:105,0
DA:109,0
DA:110,0
DA:111,0
DA:112,0
DA:114,0
DA:115,0
DA:117,0
DA:118,0
DA:119,0
DA:120,0
DA:122,0
DA:123,0
DA:127,0
DA:128,0
DA:129,0
DA:132,0
DA:133,0
DA:136,0
DA:137,0
DA:140,0
DA:141,0
DA:144,0
DA:151,0
DA:153,0
DA:154,0
DA:157,0
DA:160,0
DA:163,0
DA:166,0
DA:169,0
DA:171,0
DA:183,0
DA:190,0
DA:191,0
DA:194,0
DA:195,0
DA:198,0
DA:199,0
DA:202,0
DA:203,0
DA:206,0
DA:208,0
DA:223,0
DA:226,0
DA:247,0
DA:249,0
DA:287,0
DA:289,0
DA:304,0
DA:306,0
DA:322,0
DA:324,0
DA:339,0
DA:400,0
DA:407,0
DA:435,0
DA:442,0
DA:477,0
DA:530,0
DA:541,0
DA:546,0
DA:551,0
DA:556,0
DA:561,0
DA:572,0
DA:573,0
DA:574,0
DA:575,0
DA:582,0
DA:583,0
DA:584,0
DA:585,0
DA:592,0
DA:593,0
DA:594,0
DA:595,0
LF:98
LH:0
BRDA:53,0,0,0
BRDA:53,0,1,0
BRDA:103,1,0,0
BRDA:103,1,1,0
BRDA:117,2,0,0
BRDA:117,2,1,0
BRDA:118,3,0,0
BRDA:118,3,1,0
BRDA:119,4,0,0
BRDA:119,4,1,0
BRDA:120,5,0,0
BRDA:120,5,1,0
BRDA:122,6,0,0
BRDA:122,6,1,0
BRDA:122,7,0,0
BRDA:122,7,1,0
BRDA:127,8,0,0
BRDA:127,8,1,0
BRDA:132,9,0,0
BRDA:132,9,1,0
BRDA:136,10,0,0
BRDA:136,10,1,0
BRDA:140,11,0,0
BRDA:140,11,1,0
BRDA:173,12,0,0
BRDA:173,12,1,0
BRDA:592,13,0,0
BRDA:592,13,1,0
BRDA:592,14,0,0
BRDA:592,14,1,0
BRDA:594,15,0,0
BRDA:594,15,1,0
BRF:32
BRH:0
end_of_record
